[2025-05-17 19:22:05] local.DEBUG: -------start-------  
[2025-05-17 19:22:05] local.DEBUG: failure  
[2025-05-17 19:22:39] local.DEBUG: -------start-------  
[2025-05-17 19:22:39] local.DEBUG: failure  
[2025-05-17 19:22:56] local.DEBUG: -------start-------  
[2025-05-17 19:22:56] local.DEBUG: failure  
[2025-05-17 19:23:11] local.DEBUG: -------start-------  
[2025-05-17 19:23:34] local.DEBUG: -------start-------  
[2025-05-17 19:23:37] local.DEBUG: -------start-------  
[2025-05-17 19:23:40] local.DEBUG: -------start-------  
[2025-05-17 19:23:52] local.DEBUG: -------start-------  
[2025-05-17 19:24:12] local.DEBUG: -------start-------  
[2025-05-17 19:24:12] local.DEBUG: chg_data=Array
(
    [admin_user_id] => 1
)
  
[2025-05-17 19:25:14] local.DEBUG: -------start-------  
[2025-05-17 19:25:14] local.DEBUG: chg_data=Array
(
    [admin_user_id] => 1
)
  
[2025-05-17 19:25:14] local.DEBUG: success  
[2025-05-17 19:40:41] local.DEBUG: -------start-------  
[2025-05-17 19:41:11] local.DEBUG: -------start-------  
[2025-05-17 19:41:18] local.DEBUG: -------start-------  
[2025-05-17 19:41:25] local.DEBUG: -------start-------  
[2025-05-17 19:41:33] local.DEBUG: -------start-------  
[2025-05-17 19:41:42] local.DEBUG: -------start-------  
[2025-05-17 19:41:42] local.DEBUG: chg_data=Array
(
    [admin_user_id] => 1
)
  
[2025-05-17 19:41:42] local.DEBUG: success  
[2025-05-17 19:41:48] local.DEBUG: -------start-------  
[2025-05-17 19:41:48] local.DEBUG: error_code:1  
[2025-05-17 19:42:19] local.DEBUG: -------start-------  
[2025-05-17 19:42:19] local.DEBUG: error_code:2  
[2025-05-17 19:44:30] local.DEBUG: -------start-------  
[2025-05-17 19:44:30] local.DEBUG: chg_data=Array
(
    [admin_user_id] => 2
)
  
[2025-05-17 19:44:30] local.DEBUG: success  
[2025-05-17 19:44:37] local.DEBUG: -------start-------  
[2025-05-17 19:44:37] local.DEBUG: error_code:1  
[2025-05-18 15:26:49] local.DEBUG: -------start-------  
[2025-05-18 15:26:49] local.DEBUG: chg_data=Array
(
    [admin_user_id] => 1
)
  
[2025-05-18 15:26:49] local.DEBUG: success  
[2025-05-18 15:26:54] local.DEBUG: -------start-------  
[2025-05-18 15:26:54] local.DEBUG: error_code:2  
[2025-05-18 15:37:33] local.DEBUG: -------start-------  
[2025-05-18 15:37:33] local.DEBUG: chg_data=Array
(
    [admin_user_id] => 1
)
  
[2025-05-18 15:37:33] local.DEBUG: success  
[2025-05-18 15:38:31] local.DEBUG: -------start-------  
[2025-05-18 15:38:31] local.DEBUG: error_code:1  
[2025-05-18 15:38:54] local.DEBUG: -------start-------  
[2025-05-18 15:38:54] local.DEBUG: chg_data=Array
(
    [admin_user_id] => 1
)
  
[2025-05-18 15:38:54] local.DEBUG: success  
[2025-05-18 15:42:25] local.DEBUG: -------start-------  
[2025-05-18 15:42:25] local.DEBUG: chg_data=Array
(
    [admin_user_id] => 1
)
  
[2025-05-18 15:42:25] local.DEBUG: success  
[2025-05-18 16:00:08] local.DEBUG: -------start-------  
[2025-05-18 16:00:08] local.DEBUG: chg_data=Array
(
    [admin_user_id] => 1
)
  
[2025-05-18 16:00:08] local.DEBUG: success  
[2025-05-18 16:01:05] local.DEBUG: -------start-------  
[2025-05-18 16:01:05] local.DEBUG: chg_data=Array
(
    [admin_user_id] => 1
)
  
[2025-05-18 16:01:05] local.DEBUG: success  
[2025-05-18 16:02:26] local.DEBUG: -------start-------  
[2025-05-18 16:02:26] local.DEBUG: chg_data=Array
(
    [admin_user_id] => 1
)
  
[2025-05-18 16:02:26] local.DEBUG: success  
[2025-05-18 16:03:28] local.DEBUG: -------start-------  
[2025-05-18 16:03:28] local.DEBUG: error_code:1  
[2025-05-18 16:03:44] local.DEBUG: -------start-------  
[2025-05-18 16:03:44] local.DEBUG: chg_data=Array
(
    [admin_user_id] => 1
)
  
[2025-05-18 16:03:44] local.DEBUG: success  
[2025-05-18 16:06:35] local.DEBUG: -------start-------  
[2025-05-18 16:06:35] local.DEBUG: error_code:1  
[2025-05-18 16:06:50] local.DEBUG: -------start-------  
[2025-05-18 16:06:50] local.DEBUG: chg_data=Array
(
    [admin_user_id] => 1
)
  
[2025-05-18 16:06:50] local.DEBUG: success  
[2025-05-18 16:18:54] local.DEBUG: -------start-------  
[2025-05-18 16:18:54] local.DEBUG: chg_data=Array
(
    [admin_user_id] => 1
)
  
[2025-05-18 16:18:54] local.DEBUG: success  
[2025-05-18 16:19:49] local.DEBUG: -------start-------  
[2025-05-18 16:19:49] local.DEBUG: error_code:1  
[2025-05-18 19:56:03] local.DEBUG: -------start-------  
[2025-05-18 19:56:03] local.DEBUG: error_code:2  
[2025-06-14 15:55:57] local.DEBUG: -------start-------  
[2025-06-14 15:55:57] local.DEBUG: chg_data=Array
(
    [admin_user_id] => 1
)
  
[2025-06-14 15:55:57] local.DEBUG: success  
[2025-06-14 16:02:40] local.DEBUG: -------start-------  
[2025-06-14 16:02:40] local.DEBUG: error_code:1  
[2025-06-14 16:26:33] local.DEBUG: -------start-------  
[2025-06-14 16:26:33] local.DEBUG: chg_data=Array
(
    [admin_user_id] => 1
)
  
[2025-06-14 16:26:33] local.DEBUG: success  
[2025-06-14 16:28:03] local.DEBUG: -------start-------  
[2025-06-14 16:28:03] local.DEBUG: chg_data=Array
(
    [admin_user_id] => 1
)
  
[2025-06-14 16:28:03] local.DEBUG: success  
[2025-06-15 13:44:09] local.DEBUG: -------start-------  
[2025-06-15 13:46:08] local.DEBUG: -------start-------  
[2025-06-15 13:46:13] local.DEBUG: -------start-------  
[2025-06-15 13:48:38] local.DEBUG: -------start-------  
[2025-06-15 13:49:55] local.DEBUG: -------start-------  
[2025-06-15 13:49:55] local.DEBUG: chg_data=Array
(
    [admin_user_id] => 1
    [name] => テスト
)
  
[2025-06-15 13:49:55] local.DEBUG: success  
[2025-06-15 15:56:08] local.DEBUG: -------start-------  
[2025-06-15 15:56:08] local.DEBUG: error_code:2  
[2025-06-15 15:56:22] local.DEBUG: -------start-------  
[2025-06-15 15:56:22] local.DEBUG: error_code:2  
[2025-06-21 07:20:32] local.DEBUG: -------start-------  
[2025-06-21 07:20:32] local.DEBUG: chg_data=Array
(
    [admin_user_id] => 1
    [name] => テスト
)
  
[2025-06-21 07:20:32] local.DEBUG: success  
[2025-06-21 10:35:10] local.DEBUG: -------start-------  
[2025-06-21 10:35:10] local.DEBUG: chg_data=Array
(
)
  
[2025-06-21 10:35:20] local.DEBUG: -------start-------  
[2025-06-21 10:35:20] local.DEBUG: chg_data=Array
(
)
  
[2025-06-21 10:35:30] local.DEBUG: -------start-------  
[2025-06-21 10:35:30] local.DEBUG: chg_data=Array
(
)
  
[2025-06-21 10:35:41] local.DEBUG: -------start-------  
[2025-06-21 10:35:41] local.DEBUG: chg_data=Array
(
)
  
[2025-06-21 10:36:29] local.DEBUG: -------start-------  
[2025-06-21 10:36:51] local.DEBUG: -------start-------  
[2025-06-21 10:36:57] local.DEBUG: -------start-------  
[2025-06-21 10:37:25] local.DEBUG: -------start-------  
[2025-06-21 10:38:26] local.DEBUG: -------start-------  
[2025-06-21 10:38:37] local.DEBUG: -------start-------  
[2025-06-21 10:45:54] local.DEBUG: -------start-------  
[2025-06-21 10:46:17] local.DEBUG: -------start-------  
[2025-06-21 10:46:31] local.DEBUG: -------start-------  
[2025-06-21 10:50:47] local.DEBUG: -------start-------  
[2025-06-21 10:50:47] local.DEBUG: chg_data=Array
(
    [mac_addr] => b0fb2f004f8c_test
    [ver] => 2
    [name] => テスト_edit
)
  
[2025-06-21 10:50:47] local.DEBUG: success  
[2025-06-21 10:51:19] local.DEBUG: -------start-------  
[2025-06-21 10:51:19] local.DEBUG: chg_data=Array
(
    [mac_addr] => b0fb2f004f8c
    [ver] => 3
    [name] => テスト
)
  
[2025-06-21 10:51:19] local.DEBUG: success  
[2025-06-21 10:52:41] local.DEBUG: -------start-------  
[2025-06-21 10:52:41] local.DEBUG: chg_data=Array
(
    [ver] => 1
)
  
[2025-06-21 10:52:41] local.DEBUG: success  
[2025-06-21 10:53:38] local.DEBUG: -------start-------  
[2025-06-21 10:53:38] local.DEBUG: chg_data=Array
(
)
  
[2025-06-21 10:53:55] local.DEBUG: -------start-------  
[2025-06-21 10:53:55] local.DEBUG: chg_data=Array
(
)
  
[2025-06-21 10:53:59] local.DEBUG: -------start-------  
[2025-06-21 10:53:59] local.DEBUG: chg_data=Array
(
)
  
[2025-06-21 10:54:24] local.DEBUG: -------start-------  
[2025-06-21 10:54:24] local.DEBUG: chg_data=Array
(
)
  
[2025-06-21 10:54:32] local.DEBUG: -------start-------  
[2025-06-21 10:54:32] local.DEBUG: chg_data=Array
(
)
  
[2025-06-21 10:56:07] local.DEBUG: -------start-------  
[2025-06-21 10:56:07] local.DEBUG: chg_data=Array
(
)
  
[2025-06-21 10:56:19] local.DEBUG: -------start-------  
[2025-06-21 10:56:19] local.DEBUG: chg_data=Array
(
)
  
[2025-06-21 10:57:40] local.DEBUG: -------start-------  
[2025-06-21 10:57:40] local.DEBUG: chg_data=Array
(
)
  
[2025-06-21 11:00:24] local.DEBUG: -------start-------  
[2025-06-21 11:00:24] local.DEBUG: chg_data=Array
(
)
  
[2025-06-21 11:00:41] local.DEBUG: -------start-------  
[2025-06-21 11:00:41] local.DEBUG: chg_data=Array
(
)
  
[2025-06-21 11:01:32] local.DEBUG: -------start-------  
[2025-06-21 11:01:32] local.DEBUG: chg_data=Array
(
)
  
[2025-06-21 11:02:36] local.DEBUG: -------start-------  
[2025-06-21 11:02:36] local.DEBUG: chg_data=Array
(
)
  
[2025-06-21 16:40:41] local.DEBUG: -------start-------  
[2025-06-21 16:40:41] local.DEBUG: chg_data=Array
(
    [ver] => 1
    [type] => 1
)
  
[2025-06-21 16:40:41] local.DEBUG: success  
[2025-06-21 16:49:23] local.DEBUG: -------start-------  
[2025-06-21 16:49:23] local.DEBUG: chg_data=Array
(
)
  
[2025-06-21 16:49:28] local.DEBUG: -------start-------  
[2025-06-21 16:49:28] local.DEBUG: chg_data=Array
(
    [type] => 0
)
  
[2025-06-21 16:49:28] local.DEBUG: success  
[2025-06-23 22:56:48] local.DEBUG: -------start-------  
[2025-06-23 22:56:48] local.DEBUG: chg_data=Array
(
)
  
[2025-06-26 21:15:19] local.DEBUG: -------start-------  
[2025-06-26 21:15:19] local.DEBUG: chg_data=Array
(
    [type] => 1
)
  
[2025-06-26 21:15:19] local.DEBUG: success  
[2025-06-26 21:15:23] local.DEBUG: -------start-------  
[2025-06-26 21:15:23] local.DEBUG: chg_data=Array
(
    [type] => 0
)
  
[2025-06-26 21:15:23] local.DEBUG: success  
[2025-06-26 21:15:43] local.DEBUG: -------start-------  
[2025-06-26 21:15:43] local.DEBUG: chg_data=Array
(
    [ver] => 2
)
  
[2025-06-26 21:15:43] local.DEBUG: success  
[2025-06-26 21:17:19] local.DEBUG: -------start-------  
[2025-06-26 21:17:19] local.DEBUG: chg_data=Array
(
    [ver] => 3
)
  
[2025-06-26 21:17:19] local.DEBUG: success  
[2025-06-26 21:18:22] local.DEBUG: -------start-------  
[2025-06-26 21:18:22] local.DEBUG: chg_data=Array
(
)
  
[2025-06-28 17:13:07] local.DEBUG: -------start-------  
[2025-06-28 17:13:07] local.DEBUG: chg_data=Array
(
    [name] => test
)
  
[2025-06-28 17:13:07] local.DEBUG: success  
[2025-06-28 17:13:25] local.DEBUG: -------start-------  
[2025-06-28 17:13:25] local.DEBUG: chg_data=Array
(
    [ver] => 3
)
  
[2025-06-28 17:13:25] local.DEBUG: success  
[2025-06-28 23:57:48] local.DEBUG: -------start-------  
[2025-06-28 23:57:48] local.DEBUG: chg_data=Array
(
    [name] => 自宅用リモコン
)
  
[2025-06-28 23:57:48] local.DEBUG: success  
[2025-06-28 23:57:53] local.DEBUG: -------start-------  
[2025-06-28 23:57:53] local.DEBUG: chg_data=Array
(
    [ver] => 1
)
  
[2025-06-28 23:57:53] local.DEBUG: success  
