[2025-05-07 13:30:49] local.DEBUG: -------start-------  
[2025-05-07 13:30:49] local.DEBUG: failure  
[2025-05-07 13:34:38] local.DEBUG: -------start-------  
[2025-05-07 13:34:38] local.DEBUG: failure  
[2025-05-07 13:34:45] local.DEBUG: -------start-------  
[2025-05-07 13:34:45] local.DEBUG: failure  
[2025-05-07 13:36:27] local.DEBUG: -------start-------  
[2025-05-07 13:36:46] local.DEBUG: -------start-------  
[2025-05-07 13:36:49] local.DEBUG: -------start-------  
[2025-05-07 13:36:57] local.DEBUG: -------start-------  
[2025-05-07 13:37:24] local.DEBUG: -------start-------  
[2025-05-07 13:37:26] local.DEBUG: -------start-------  
[2025-05-07 13:37:32] local.DEBUG: -------start-------  
[2025-05-07 13:37:57] local.DEBUG: -------start-------  
[2025-05-07 13:38:00] local.DEBUG: -------start-------  
[2025-05-07 13:38:06] local.DEBUG: -------start-------  
[2025-05-07 13:38:10] local.DEBUG: -------start-------  
[2025-05-07 13:38:12] local.DEBUG: -------start-------  
[2025-05-07 13:38:14] local.DEBUG: -------start-------  
[2025-05-07 13:38:15] local.DEBUG: -------start-------  
[2025-05-07 13:38:15] local.DEBUG: -------start-------  
[2025-05-07 13:38:16] local.DEBUG: -------start-------  
[2025-05-07 13:38:17] local.DEBUG: -------start-------  
[2025-05-07 13:38:18] local.DEBUG: -------start-------  
[2025-05-07 13:38:19] local.DEBUG: -------start-------  
[2025-05-07 13:38:24] local.DEBUG: -------start-------  
[2025-05-07 13:38:24] local.DEBUG: -------start-------  
[2025-05-07 13:38:26] local.DEBUG: -------start-------  
[2025-05-07 13:38:28] local.DEBUG: -------start-------  
[2025-05-07 13:38:28] local.DEBUG: failure  
[2025-05-07 13:39:31] local.DEBUG: -------start-------  
[2025-05-07 13:44:58] local.DEBUG: -------start-------  
[2025-05-07 13:45:11] local.DEBUG: -------start-------  
[2025-05-07 13:45:13] local.DEBUG: -------start-------  
[2025-05-07 13:45:16] local.DEBUG: -------start-------  
[2025-05-07 13:45:27] local.DEBUG: -------start-------  
[2025-05-07 13:45:41] local.DEBUG: -------start-------  
[2025-05-07 13:45:44] local.DEBUG: -------start-------  
[2025-05-07 13:45:46] local.DEBUG: -------start-------  
[2025-05-07 13:45:52] local.DEBUG: -------start-------  
[2025-05-07 13:45:52] local.DEBUG: failure  
[2025-05-07 13:47:52] local.DEBUG: -------start-------  
[2025-05-07 13:47:52] local.DEBUG: failure  
[2025-05-07 13:48:05] local.DEBUG: -------start-------  
[2025-05-07 13:48:05] local.DEBUG: failure  
[2025-05-07 13:48:12] local.DEBUG: -------start-------  
[2025-05-07 13:48:12] local.DEBUG: failure  
[2025-05-07 13:48:15] local.DEBUG: -------start-------  
[2025-05-07 13:48:15] local.DEBUG: failure  
[2025-05-07 13:48:28] local.DEBUG: -------start-------  
[2025-05-07 13:48:28] local.DEBUG: failure  
[2025-05-07 13:48:32] local.DEBUG: -------start-------  
[2025-05-07 13:48:32] local.DEBUG: failure  
[2025-05-07 13:48:35] local.DEBUG: -------start-------  
[2025-05-07 13:48:35] local.DEBUG: failure  
[2025-05-07 13:48:42] local.DEBUG: -------start-------  
[2025-05-07 13:48:42] local.DEBUG: failure  
[2025-05-07 13:48:52] local.DEBUG: -------start-------  
[2025-05-07 13:52:08] local.DEBUG: -------start-------  
[2025-05-07 13:52:08] local.DEBUG: success  
[2025-05-07 13:59:19] local.DEBUG: -------start-------  
[2025-05-07 14:00:03] local.DEBUG: -------start-------  
[2025-05-07 14:00:52] local.DEBUG: -------start-------  
[2025-05-07 14:01:06] local.DEBUG: -------start-------  
[2025-05-07 14:01:06] local.DEBUG: success  
[2025-05-19 00:41:01] local.DEBUG: topic:app/b0fb2f004f8c/ir_signal  
[2025-05-19 00:41:03] local.DEBUG: topic:app/b0fb2f004f8c/ir_signal  
[2025-05-19 00:41:24] local.DEBUG: topic:app/b0fb2f004f8c/ir_signal  
[2025-05-19 00:41:32] local.DEBUG: topic:app/b0fb2f004f8c/ir_signal  
[2025-05-19 00:41:51] local.DEBUG: topic:app/b0fb2f004f8c/ir_signal  
[2025-05-19 00:41:53] local.DEBUG: topic:app/b0fb2f004f8c/ir_signal  
[2025-06-14 15:54:32] local.DEBUG: -------start-------  
[2025-06-14 15:54:32] local.DEBUG: failure  
[2025-06-14 15:55:17] local.DEBUG: -------start-------  
[2025-06-14 15:55:17] local.DEBUG: success  
[2025-06-14 16:03:23] local.DEBUG: -------start-------  
[2025-06-14 16:03:23] local.DEBUG: success  
[2025-06-17 22:17:59] local.DEBUG: -------start-------  
[2025-06-17 22:17:59] local.DEBUG: success  
[2025-06-21 07:15:01] local.DEBUG: -------start-------  
[2025-06-21 07:15:01] local.DEBUG: success  
[2025-06-28 17:12:56] local.DEBUG: -------start-------  
[2025-06-28 17:12:56] local.DEBUG: success  
[2025-06-28 17:13:41] local.DEBUG: -------start-------  
[2025-06-28 17:13:41] local.DEBUG: success  
[2025-06-28 17:14:41] local.DEBUG: -------start-------  
[2025-06-28 17:14:41] local.DEBUG: success  
[2025-06-28 17:14:57] local.DEBUG: -------start-------  
[2025-06-28 17:14:57] local.DEBUG: success  
[2025-06-28 17:16:14] local.DEBUG: -------start-------  
[2025-06-28 17:16:14] local.DEBUG: success  
[2025-06-28 17:16:19] local.DEBUG: -------start-------  
[2025-06-28 17:16:19] local.DEBUG: failure  
[2025-06-28 17:16:29] local.DEBUG: -------start-------  
[2025-06-28 17:16:29] local.DEBUG: failure  
[2025-06-28 17:19:12] local.DEBUG: -------start-------  
[2025-06-28 17:19:12] local.DEBUG: failure  
[2025-06-28 17:19:36] local.DEBUG: -------start-------  
[2025-06-28 17:19:36] local.DEBUG: failure  
[2025-06-28 17:19:50] local.DEBUG: -------start-------  
[2025-06-28 17:19:50] local.DEBUG: failure  
[2025-06-28 17:19:51] local.DEBUG: -------start-------  
[2025-06-28 17:19:51] local.DEBUG: failure  
[2025-06-28 17:19:52] local.DEBUG: -------start-------  
[2025-06-28 17:19:52] local.DEBUG: failure  
[2025-06-28 17:19:55] local.DEBUG: -------start-------  
[2025-06-28 17:19:55] local.DEBUG: failure  
[2025-06-28 17:19:58] local.DEBUG: -------start-------  
[2025-06-28 17:19:58] local.DEBUG: failure  
[2025-06-28 17:20:02] local.DEBUG: -------start-------  
[2025-06-28 17:20:02] local.DEBUG: failure  
[2025-06-28 17:21:52] local.DEBUG: -------start-------  
[2025-06-28 17:21:52] local.DEBUG: failure  
[2025-06-28 17:21:56] local.DEBUG: -------start-------  
[2025-06-28 17:21:56] local.DEBUG: failure  
[2025-06-28 17:22:09] local.DEBUG: -------start-------  
[2025-06-28 17:22:09] local.DEBUG: failure  
[2025-06-28 17:22:24] local.DEBUG: -------start-------  
[2025-06-28 17:22:24] local.DEBUG: success  
[2025-06-28 17:22:31] local.DEBUG: -------start-------  
[2025-06-28 17:22:31] local.DEBUG: failure  
[2025-06-28 17:26:01] local.DEBUG: -------start-------  
[2025-06-28 17:26:01] local.DEBUG: failure  
[2025-06-28 17:26:09] local.DEBUG: -------start-------  
[2025-06-28 17:26:09] local.DEBUG: failure  
[2025-06-28 17:26:11] local.DEBUG: -------start-------  
[2025-06-28 17:26:11] local.DEBUG: failure  
[2025-06-28 17:26:29] local.DEBUG: -------start-------  
[2025-06-28 17:26:29] local.DEBUG: failure  
[2025-06-28 17:26:32] local.DEBUG: -------start-------  
[2025-06-28 17:26:32] local.DEBUG: failure  
[2025-06-28 17:26:47] local.DEBUG: -------start-------  
[2025-06-28 17:26:47] local.DEBUG: failure  
[2025-06-28 17:26:48] local.DEBUG: -------start-------  
[2025-06-28 17:26:48] local.DEBUG: failure  
[2025-06-28 17:26:49] local.DEBUG: -------start-------  
[2025-06-28 17:26:49] local.DEBUG: failure  
[2025-06-28 17:27:16] local.DEBUG: -------start-------  
[2025-06-28 17:27:16] local.DEBUG: failure  
[2025-06-28 17:27:18] local.DEBUG: -------start-------  
[2025-06-28 17:27:18] local.DEBUG: failure  
[2025-06-28 17:27:29] local.DEBUG: -------start-------  
[2025-06-28 17:27:29] local.DEBUG: failure  
[2025-06-28 17:27:30] local.DEBUG: -------start-------  
[2025-06-28 17:27:30] local.DEBUG: failure  
[2025-06-28 17:27:49] local.DEBUG: -------start-------  
[2025-06-28 17:27:49] local.DEBUG: failure  
[2025-06-28 17:27:50] local.DEBUG: -------start-------  
[2025-06-28 17:27:50] local.DEBUG: failure  
[2025-06-28 17:28:13] local.DEBUG: -------start-------  
[2025-06-28 17:28:13] local.DEBUG: failure  
[2025-06-28 17:28:16] local.DEBUG: -------start-------  
[2025-06-28 17:28:16] local.DEBUG: failure  
[2025-06-28 17:28:26] local.DEBUG: -------start-------  
[2025-06-28 17:28:26] local.DEBUG: failure  
[2025-06-28 17:28:28] local.DEBUG: -------start-------  
[2025-06-28 17:28:28] local.DEBUG: failure  
[2025-06-28 17:28:43] local.DEBUG: -------start-------  
[2025-06-28 17:28:43] local.DEBUG: failure  
[2025-06-28 17:28:44] local.DEBUG: -------start-------  
[2025-06-28 17:28:44] local.DEBUG: failure  
[2025-06-28 17:28:50] local.DEBUG: -------start-------  
[2025-06-28 17:28:50] local.DEBUG: failure  
[2025-06-28 17:29:20] local.DEBUG: -------start-------  
[2025-06-28 17:29:20] local.DEBUG: failure  
[2025-06-28 17:29:51] local.DEBUG: -------start-------  
[2025-06-28 17:29:51] local.DEBUG: failure  
[2025-06-28 17:30:11] local.DEBUG: -------start-------  
[2025-06-28 17:30:11] local.DEBUG: failure  
[2025-06-28 17:30:12] local.DEBUG: -------start-------  
[2025-06-28 17:30:12] local.DEBUG: failure  
[2025-06-28 17:30:40] local.DEBUG: -------start-------  
[2025-06-28 17:30:40] local.DEBUG: failure  
[2025-06-28 17:30:44] local.DEBUG: -------start-------  
[2025-06-28 17:30:44] local.DEBUG: failure  
[2025-06-28 17:31:13] local.DEBUG: -------start-------  
[2025-06-28 17:31:13] local.DEBUG: failure  
[2025-06-28 17:31:39] local.DEBUG: -------start-------  
[2025-06-28 17:31:39] local.DEBUG: failure  
[2025-06-28 17:32:03] local.DEBUG: -------start-------  
[2025-06-28 17:32:03] local.DEBUG: failure  
[2025-06-28 17:32:06] local.DEBUG: -------start-------  
[2025-06-28 17:32:06] local.DEBUG: failure  
[2025-06-28 17:32:15] local.DEBUG: -------start-------  
[2025-06-28 17:32:15] local.DEBUG: failure  
[2025-06-28 17:32:22] local.DEBUG: -------start-------  
[2025-06-28 17:32:22] local.DEBUG: failure  
[2025-06-28 17:32:46] local.DEBUG: -------start-------  
[2025-06-28 17:32:46] local.DEBUG: failure  
[2025-06-28 17:32:53] local.DEBUG: -------start-------  
[2025-06-28 17:32:53] local.DEBUG: failure  
[2025-06-28 17:32:54] local.DEBUG: -------start-------  
[2025-06-28 17:32:54] local.DEBUG: failure  
[2025-06-28 17:32:54] local.DEBUG: -------start-------  
[2025-06-28 17:32:54] local.DEBUG: failure  
[2025-06-28 17:35:12] local.DEBUG: -------start-------  
[2025-06-28 17:35:12] local.DEBUG: failure  
[2025-06-28 17:36:16] local.DEBUG: -------start-------  
[2025-06-28 17:36:16] local.DEBUG: failure  
[2025-06-28 17:36:26] local.DEBUG: -------start-------  
[2025-06-28 17:36:26] local.DEBUG: failure  
[2025-06-28 17:36:58] local.DEBUG: -------start-------  
[2025-06-28 17:36:58] local.DEBUG: failure  
[2025-06-28 17:37:10] local.DEBUG: -------start-------  
[2025-06-28 17:37:10] local.DEBUG: failure  
[2025-06-28 17:42:58] local.DEBUG: -------start-------  
[2025-06-28 17:43:16] local.DEBUG: -------start-------  
[2025-06-28 17:44:58] local.DEBUG: -------start-------  
[2025-06-28 17:44:58] local.DEBUG: failure  
[2025-06-28 17:45:00] local.DEBUG: -------start-------  
[2025-06-28 17:45:00] local.DEBUG: failure  
[2025-06-28 17:45:18] local.DEBUG: -------start-------  
[2025-06-28 17:45:18] local.DEBUG: failure  
[2025-06-28 17:45:38] local.DEBUG: -------start-------  
[2025-06-28 17:45:38] local.DEBUG: failure  
[2025-06-28 17:45:44] local.DEBUG: -------start-------  
[2025-06-28 17:45:44] local.DEBUG: failure  
[2025-06-28 17:47:06] local.DEBUG: -------start-------  
[2025-06-28 17:47:06] local.DEBUG: failure  
[2025-06-28 17:47:13] local.DEBUG: -------start-------  
[2025-06-28 17:47:13] local.DEBUG: failure  
[2025-06-28 17:47:44] local.DEBUG: -------start-------  
[2025-06-28 17:47:44] local.DEBUG: failure  
[2025-06-28 17:47:46] local.DEBUG: -------start-------  
[2025-06-28 17:47:46] local.DEBUG: failure  
[2025-06-28 17:48:06] local.DEBUG: -------start-------  
[2025-06-28 17:48:06] local.DEBUG: failure  
[2025-06-28 17:48:12] local.DEBUG: -------start-------  
[2025-06-28 17:48:50] local.DEBUG: -------start-------  
[2025-06-28 17:49:00] local.DEBUG: -------start-------  
[2025-06-28 17:49:25] local.DEBUG: -------start-------  
[2025-06-28 17:49:25] local.DEBUG: error_code=-2  
[2025-06-28 17:49:27] local.DEBUG: -------start-------  
[2025-06-28 17:49:27] local.DEBUG: error_code=-2  
[2025-06-28 17:49:36] local.DEBUG: -------start-------  
[2025-06-28 17:49:36] local.DEBUG: error_code=-2  
[2025-06-28 17:49:37] local.DEBUG: -------start-------  
[2025-06-28 17:49:37] local.DEBUG: error_code=-2  
[2025-06-28 17:49:41] local.DEBUG: -------start-------  
[2025-06-28 17:49:41] local.DEBUG: error_code=-2  
[2025-06-28 17:51:23] local.DEBUG: -------start-------  
[2025-06-28 17:51:49] local.DEBUG: -------start-------  
[2025-06-28 18:03:22] local.DEBUG: -------start-------  
[2025-06-28 18:03:22] local.DEBUG: error_code=-2  
[2025-06-28 18:03:52] local.DEBUG: -------start-------  
[2025-06-28 18:04:22] local.DEBUG: -------start-------  
[2025-06-28 18:04:30] local.DEBUG: -------start-------  
[2025-06-28 18:04:30] local.DEBUG: error_code=-2  
[2025-06-28 18:05:10] local.DEBUG: -------start-------  
[2025-06-28 18:05:10] local.DEBUG: error_code=-2  
[2025-06-28 18:05:11] local.DEBUG: -------start-------  
[2025-06-28 18:05:11] local.DEBUG: error_code=-2  
[2025-06-28 18:05:12] local.DEBUG: -------start-------  
[2025-06-28 18:05:12] local.DEBUG: error_code=-2  
[2025-06-28 18:05:23] local.DEBUG: -------start-------  
[2025-06-28 18:05:23] local.DEBUG: error_code=-2  
[2025-06-28 18:05:25] local.DEBUG: -------start-------  
[2025-06-28 18:05:25] local.DEBUG: error_code=-2  
[2025-06-28 18:05:27] local.DEBUG: -------start-------  
[2025-06-28 18:05:27] local.DEBUG: error_code=-2  
[2025-06-28 18:05:42] local.DEBUG: -------start-------  
[2025-06-28 18:05:42] local.DEBUG: error_code=-2  
[2025-06-28 18:05:52] local.DEBUG: -------start-------  
[2025-06-28 18:05:52] local.DEBUG: error_code=-2  
[2025-06-28 18:07:51] local.DEBUG: -------start-------  
[2025-06-28 18:08:36] local.DEBUG: -------start-------  
[2025-06-28 18:08:38] local.DEBUG: -------start-------  
[2025-06-28 18:08:48] local.DEBUG: -------start-------  
[2025-06-28 18:08:56] local.DEBUG: -------start-------  
[2025-06-28 18:09:06] local.DEBUG: -------start-------  
[2025-06-28 18:09:44] local.DEBUG: -------start-------  
[2025-06-28 18:09:46] local.DEBUG: -------start-------  
[2025-06-28 18:09:47] local.DEBUG: -------start-------  
[2025-06-28 18:09:48] local.DEBUG: -------start-------  
[2025-06-28 18:09:59] local.DEBUG: -------start-------  
[2025-06-28 18:13:18] local.DEBUG: -------start-------  
[2025-06-28 18:13:48] local.DEBUG: -------start-------  
[2025-06-28 18:14:00] local.DEBUG: -------start-------  
[2025-06-28 18:14:57] local.DEBUG: -------start-------  
[2025-06-28 18:15:16] local.DEBUG: -------start-------  
[2025-06-28 18:15:21] local.DEBUG: -------start-------  
[2025-06-28 18:15:48] local.DEBUG: -------start-------  
[2025-06-28 18:18:38] local.DEBUG: -------start-------  
[2025-06-28 18:19:13] local.DEBUG: -------start-------  
[2025-06-28 18:20:00] local.DEBUG: -------start-------  
[2025-06-28 18:20:40] local.DEBUG: -------start-------  
[2025-06-28 18:20:44] local.DEBUG: -------start-------  
[2025-06-28 18:20:51] local.DEBUG: -------start-------  
[2025-06-28 18:21:12] local.DEBUG: -------start-------  
[2025-06-28 18:23:25] local.DEBUG: -------start-------  
[2025-06-28 18:23:50] local.DEBUG: -------start-------  
[2025-06-28 18:26:01] local.DEBUG: -------start-------  
[2025-06-28 18:26:47] local.DEBUG: -------start-------  
[2025-06-28 18:28:18] local.DEBUG: -------start-------  
[2025-06-28 18:29:02] local.DEBUG: -------start-------  
[2025-06-28 18:29:17] local.DEBUG: -------start-------  
[2025-06-28 18:29:58] local.DEBUG: -------start-------  
[2025-06-28 18:30:29] local.DEBUG: -------start-------  
[2025-06-28 18:31:21] local.DEBUG: -------start-------  
[2025-06-28 18:32:15] local.DEBUG: -------start-------  
[2025-06-28 18:32:39] local.DEBUG: -------start-------  
[2025-06-28 18:32:50] local.DEBUG: -------start-------  
[2025-06-28 18:32:56] local.DEBUG: -------start-------  
[2025-06-28 18:32:56] local.DEBUG: success  
