[2025-01-22 18:23:48] local.DEBUG: -------start--------  
[2025-01-22 18:23:48] local.DEBUG: user_id=1      type=login  
[2025-03-27 11:47:58] local.DEBUG: -------start--------  
[2025-03-27 11:47:58] local.DEBUG: user_id=1      type=user_reg  
[2025-03-28 20:07:26] local.DEBUG: -------start--------  
[2025-03-28 20:07:26] local.DEBUG: user_id=2      type=user_reg  
[2025-03-31 01:21:16] local.DEBUG: -------start--------  
[2025-03-31 01:21:16] local.DEBUG: user_id=3      type=user_reg  
[2025-03-31 17:20:26] local.DEBUG: -------start--------  
[2025-03-31 17:20:26] local.DEBUG: user_id=4      type=user_reg  
[2025-04-25 20:28:57] local.DEBUG: -------start--------  
[2025-04-25 20:28:57] local.DEBUG: user_id=5      type=user_reg  
[2025-04-27 13:10:43] local.DEBUG: -------start--------  
[2025-04-27 13:10:43] local.DEBUG: user_id=5      type=login  
[2025-04-27 15:36:18] local.DEBUG: -------start--------  
[2025-04-27 15:36:18] local.DEBUG: user_id=5      type=login  
[2025-04-27 20:05:40] local.DEBUG: -------start--------  
[2025-04-27 20:05:40] local.DEBUG: user_id=5      type=login  
[2025-04-27 22:53:32] local.DEBUG: -------start--------  
[2025-04-27 22:53:32] local.DEBUG: user_id=5      type=login  
[2025-04-28 21:23:46] local.DEBUG: -------start--------  
[2025-04-28 21:23:46] local.DEBUG: user_id=5      type=login  
[2025-04-28 22:09:33] local.DEBUG: -------start--------  
[2025-04-28 22:09:33] local.DEBUG: user_id=1      type=user_reg  
[2025-04-28 22:10:10] local.DEBUG: -------start--------  
[2025-04-28 22:10:10] local.DEBUG: user_id=1      type=login  
[2025-04-28 23:51:42] local.DEBUG: -------start--------  
[2025-04-28 23:51:42] local.DEBUG: user_id=1      type=user_reg  
[2025-04-28 23:52:39] local.DEBUG: -------start--------  
[2025-04-28 23:52:39] local.DEBUG: user_id=1      type=login  
[2025-04-30 12:56:53] local.DEBUG: -------start--------  
[2025-04-30 12:56:53] local.DEBUG: user_id=1      type=login  
[2025-05-02 20:09:04] local.DEBUG: -------start--------  
[2025-05-02 20:09:04] local.DEBUG: user_id=1      type=user_reg  
[2025-05-02 20:15:25] local.DEBUG: -------start--------  
[2025-05-02 20:15:25] local.DEBUG: user_id=1      type=user_reg  
[2025-05-02 20:15:37] local.DEBUG: -------start--------  
[2025-05-02 20:15:37] local.DEBUG: user_id=1      type=login  
[2025-05-02 20:24:56] local.DEBUG: -------start--------  
[2025-05-02 20:24:56] local.DEBUG: user_id=1      type=user_reg  
[2025-05-02 20:25:39] local.DEBUG: -------start--------  
[2025-05-02 20:25:39] local.DEBUG: user_id=1      type=login  
[2025-05-06 12:50:12] local.DEBUG: -------start--------  
[2025-05-06 12:50:12] local.DEBUG: user_id=1      type=user_reg  
[2025-05-06 13:55:20] local.DEBUG: -------start--------  
[2025-05-06 13:55:20] local.DEBUG: user_id=1      type=user_reg  
[2025-05-06 13:55:28] local.DEBUG: -------start--------  
[2025-05-06 13:55:28] local.DEBUG: user_id=1      type=login  
[2025-05-06 14:05:51] local.DEBUG: -------start--------  
[2025-05-06 14:05:51] local.DEBUG: user_id=1      type=user_reg  
[2025-05-06 14:05:56] local.DEBUG: -------start--------  
[2025-05-06 14:05:56] local.DEBUG: user_id=1      type=login  
[2025-05-06 14:08:17] local.DEBUG: -------start--------  
[2025-05-06 14:08:17] local.DEBUG: user_id=1      type=user_reg  
[2025-05-06 15:01:21] local.DEBUG: -------start--------  
[2025-05-06 15:01:21] local.DEBUG: user_id=1      type=user_reg  
[2025-05-06 15:01:47] local.DEBUG: -------start--------  
[2025-05-06 15:01:47] local.DEBUG: user_id=1      type=login  
[2025-05-06 15:04:30] local.DEBUG: -------start--------  
[2025-05-06 15:04:30] local.DEBUG: user_id=1      type=login  
[2025-05-06 15:19:21] local.DEBUG: -------start--------  
[2025-05-06 15:19:21] local.DEBUG: user_id=2      type=line_user_reg  
[2025-05-06 20:43:01] local.DEBUG: -------start--------  
[2025-05-06 20:43:01] local.DEBUG: user_id=1      type=login  
[2025-05-07 07:39:53] local.DEBUG: -------start--------  
[2025-05-07 07:39:53] local.DEBUG: user_id=1      type=login  
[2025-05-10 11:51:13] local.DEBUG: -------start--------  
[2025-05-10 11:51:13] local.DEBUG: user_id=1      type=login  
[2025-05-10 12:13:37] local.DEBUG: -------start--------  
[2025-05-10 12:13:37] local.DEBUG: user_id=1      type=login  
[2025-05-10 17:36:27] local.DEBUG: -------start--------  
[2025-05-10 17:36:27] local.DEBUG: user_id=1      type=login  
[2025-05-13 20:31:38] local.DEBUG: -------start--------  
[2025-05-13 20:31:38] local.DEBUG: user_id=2      type=line_login  
[2025-05-16 12:10:03] local.DEBUG: -------start--------  
[2025-05-16 12:10:03] local.DEBUG: user_id=1      type=login  
[2025-05-17 14:35:59] local.DEBUG: -------start--------  
[2025-05-17 14:35:59] local.DEBUG: user_id=1      type=login  
[2025-05-18 15:25:24] local.DEBUG: -------start--------  
[2025-05-18 15:25:24] local.DEBUG: user_id=1      type=login  
[2025-05-18 18:58:25] local.DEBUG: -------start--------  
[2025-05-18 18:58:25] local.DEBUG: user_id=1      type=login  
[2025-05-19 00:16:06] local.DEBUG: -------start--------  
[2025-05-19 00:16:06] local.DEBUG: user_id=1      type=login  
[2025-05-20 23:52:32] local.DEBUG: -------start--------  
[2025-05-20 23:52:32] local.DEBUG: user_id=1      type=login  
[2025-05-21 10:05:16] local.DEBUG: -------start--------  
[2025-05-21 10:05:16] local.DEBUG: user_id=1      type=login  
[2025-05-25 13:09:26] local.DEBUG: -------start--------  
[2025-05-25 13:09:26] local.DEBUG: user_id=1      type=login  
[2025-05-28 17:46:35] local.DEBUG: -------start--------  
[2025-05-28 17:46:35] local.DEBUG: user_id=1      type=login  
[2025-06-05 09:28:08] local.DEBUG: -------start--------  
[2025-06-05 09:28:08] local.DEBUG: user_id=1      type=login  
[2025-06-12 10:04:43] local.DEBUG: -------start--------  
[2025-06-12 10:04:43] local.DEBUG: user_id=2      type=line_login  
[2025-06-14 14:57:36] local.DEBUG: -------start--------  
[2025-06-14 14:57:36] local.DEBUG: user_id=1      type=login  
[2025-06-15 13:42:26] local.DEBUG: -------start--------  
[2025-06-15 13:42:26] local.DEBUG: user_id=1      type=login  
[2025-06-16 08:44:52] local.DEBUG: -------start--------  
[2025-06-16 08:44:52] local.DEBUG: user_id=1      type=login  
[2025-06-17 17:09:10] local.DEBUG: -------start--------  
[2025-06-17 17:09:10] local.DEBUG: user_id=1      type=login  
[2025-06-17 19:35:21] local.DEBUG: -------start--------  
[2025-06-17 19:35:21] local.DEBUG: user_id=1      type=user_reg  
[2025-06-17 19:36:09] local.DEBUG: -------start--------  
[2025-06-17 19:36:09] local.DEBUG: user_id=1      type=login  
[2025-06-19 14:22:40] local.DEBUG: -------start--------  
[2025-06-19 14:22:40] local.DEBUG: user_id=1      type=login  
[2025-06-21 07:14:24] local.DEBUG: -------start--------  
[2025-06-21 07:14:24] local.DEBUG: user_id=1      type=login  
[2025-06-21 11:37:07] local.DEBUG: -------start--------  
[2025-06-21 11:37:07] local.DEBUG: user_id=1      type=login  
[2025-06-21 16:40:28] local.DEBUG: -------start--------  
[2025-06-21 16:40:28] local.DEBUG: user_id=1      type=login  
[2025-06-21 17:23:09] local.DEBUG: -------start--------  
[2025-06-21 17:23:09] local.DEBUG: user_id=1      type=login  
[2025-06-23 22:43:03] local.DEBUG: -------start--------  
[2025-06-23 22:43:03] local.DEBUG: user_id=1      type=login  
[2025-06-25 17:02:54] local.DEBUG: -------start--------  
[2025-06-25 17:02:54] local.DEBUG: user_id=1      type=login  
[2025-06-26 19:31:16] local.DEBUG: -------start--------  
[2025-06-26 19:31:16] local.DEBUG: user_id=1      type=login  
[2025-06-28 07:26:02] local.DEBUG: -------start--------  
[2025-06-28 07:26:02] local.DEBUG: user_id=1      type=login  
[2025-06-28 17:10:55] local.DEBUG: -------start--------  
[2025-06-28 17:10:55] local.DEBUG: user_id=1      type=login  
[2025-06-28 18:50:37] local.DEBUG: -------start--------  
[2025-06-28 18:50:37] local.DEBUG: user_id=2      type=line_user_reg  
[2025-06-29 08:43:43] local.DEBUG: -------start--------  
[2025-06-29 08:43:43] local.DEBUG: user_id=1      type=login  
[2025-06-30 18:26:08] local.DEBUG: -------start--------  
[2025-06-30 18:26:08] local.DEBUG: user_id=1      type=login  
