[2025-04-27 22:48:51] local.DEBUG: data: esp32/b0fb2f004f8c/ir_signal %KHz%, 3450, 1650, 450, 1250, 450, 400, 0x8121010016cf5aaa, 64, 0, %RepeatPeriod%, %RepeatCnt%
  
[2025-04-27 22:48:53] local.DEBUG: data: esp32/b0fb2f004f8c/ir_signal %KHz%, 3450, 1650, 450, 1250, 450, 400, 0x8121010016cf5aaa, 64, 0, %RepeatPeriod%, %RepeatCnt%
  
[2025-04-27 22:50:14] local.DEBUG: data: esp32/b0fb2f004f8c/ir_signal %KHz%, 3450, 1650, 450, 1250, 450, 400, 0x8121010016cf5aaa, 64, 0, %RepeatPeriod%, %RepeatCnt%
  
[2025-04-27 22:50:26] local.DEBUG: data: esp32/b0fb2f004f8c/ir_signal %KHz%, 3450, 1650, 450, 1250, 450, 400, 0x8121010016cf5aaa, 64, 0, %RepeatPeriod%, %RepeatCnt%
  
[2025-04-27 22:50:34] local.DEBUG: data: esp32/b0fb2f004f8c/ir_signal %KHz%, 3450, 1650, 450, 1250, 450, 400, 0x8121010016cf5aaa, 64, 0, %RepeatPeriod%, %RepeatCnt%
  
[2025-04-27 22:50:37] local.DEBUG: data: esp32/b0fb2f004f8c/ir_signal %KHz%, 3450, 1650, 450, 1250, 450, 400, 0x8121010016cf5aaa, 64, 0, %RepeatPeriod%, %RepeatCnt%
  
[2025-04-27 22:50:40] local.DEBUG: data: esp32/b0fb2f004f8c/ir_signal %KHz%, 3450, 1650, 450, 1250, 450, 400, 0x8121010016cf5aaa, 64, 0, %RepeatPeriod%, %RepeatCnt%
  
[2025-04-27 22:50:55] local.DEBUG: data: esp32/b0fb2f004f8c/ir_signal %KHz%, 3450, 1650, 450, 1250, 450, 400, 0x8121010016cf5aaa, 64, 0, %RepeatPeriod%, %RepeatCnt%
  
[2025-04-27 22:50:58] local.DEBUG: data: esp32/b0fb2f004f8c/ir_signal %KHz%, 3450, 1650, 450, 1250, 450, 400, 0x8121010016cf5aaa, 64, 0, %RepeatPeriod%, %RepeatCnt%
  
[2025-04-27 22:51:01] local.DEBUG: data: esp32/b0fb2f004f8c/ir_signal %KHz%, 3450, 1650, 450, 1250, 450, 400, 0x8121010016cf5aaa, 64, 0, %RepeatPeriod%, %RepeatCnt%
  
[2025-04-27 22:51:59] local.DEBUG: data: esp32/b0fb2f004f8c/ir_signal %KHz%, 3450, 1650, 450, 1250, 450, 400, 0x8121010016cf5aaa, 64, 0, %RepeatPeriod%, %RepeatCnt%
  
[2025-04-27 22:52:02] local.DEBUG: data: esp32/b0fb2f004f8c/ir_signal %KHz%, 3450, 1650, 450, 1250, 450, 400, 0x8121010016cf5aaa, 64, 0, %RepeatPeriod%, %RepeatCnt%
  
[2025-04-27 22:52:05] local.DEBUG: data: esp32/b0fb2f004f8c/ir_signal %KHz%, 3450, 1650, 450, 1250, 450, 400, 0x8121010016cf5aaa, 64, 0, %RepeatPeriod%, %RepeatCnt%
  
[2025-04-27 22:52:07] local.DEBUG: data: esp32/b0fb2f004f8c/ir_signal %KHz%, 3450, 1650, 450, 1250, 450, 400, 0x8121010016cf5aaa, 64, 0, %RepeatPeriod%, %RepeatCnt%
  
[2025-04-27 22:52:08] local.DEBUG: data: esp32/b0fb2f004f8c/ir_signal %KHz%, 3450, 1650, 450, 1250, 450, 400, 0x8121010016cf5aaa, 64, 0, %RepeatPeriod%, %RepeatCnt%
  
[2025-04-27 22:52:13] local.DEBUG: data: esp32/b0fb2f004f8c/ir_signal %KHz%, 3450, 1650, 450, 1250, 450, 400, 0x8121010016cf5aaa, 64, 0, %RepeatPeriod%, %RepeatCnt%
  
[2025-04-27 22:52:26] local.DEBUG: data: esp32/b0fb2f004f8c/ir_signal %KHz%, 3450, 1650, 450, 1250, 450, 400, 0x8121010016cf5aaa, 64, 0, %RepeatPeriod%, %RepeatCnt%
  
[2025-04-27 22:52:32] local.DEBUG: data: esp32/b0fb2f004f8c/ir_signal %KHz%, 3450, 1650, 450, 1250, 450, 400, 0x8121010016cf5aaa, 64, 0, %RepeatPeriod%, %RepeatCnt%
  
[2025-04-27 22:52:36] local.DEBUG: data: esp32/b0fb2f004f8c/ir_signal %KHz%, 3450, 1650, 450, 1250, 450, 400, 0x8121010016cf5aaa, 64, 0, %RepeatPeriod%, %RepeatCnt%
  
[2025-04-27 22:52:37] local.DEBUG: data: esp32/b0fb2f004f8c/ir_signal %KHz%, 3450, 1650, 450, 1250, 450, 400, 0x8121010016cf5aaa, 64, 0, %RepeatPeriod%, %RepeatCnt%
  
[2025-04-27 22:53:12] local.DEBUG: data: esp32/b0fb2f004f8c/ir_signal %KHz%, 3450, 1650, 450, 1250, 450, 400, 0x8121010016cf5aaa, 64, 0, %RepeatPeriod%, %RepeatCnt%
  
[2025-04-27 22:53:14] local.DEBUG: data: esp32/b0fb2f004f8c/ir_signal %KHz%, 3450, 1650, 450, 1250, 450, 400, 0x8121010016cf5aaa, 64, 0, %RepeatPeriod%, %RepeatCnt%
  
[2025-04-27 22:53:15] local.DEBUG: data: esp32/b0fb2f004f8c/ir_signal %KHz%, 3450, 1650, 450, 1250, 450, 400, 0x8121010016cf5aaa, 64, 0, %RepeatPeriod%, %RepeatCnt%
  
[2025-04-27 22:53:17] local.DEBUG: data: esp32/b0fb2f004f8c/ir_signal %KHz%, 3450, 1650, 450, 1250, 450, 400, 0x8121010016cf5aaa, 64, 0, %RepeatPeriod%, %RepeatCnt%
  
[2025-04-27 22:53:32] local.DEBUG: data: esp32/b0fb2f004f8c/ir_signal %KHz%, 3450, 1650, 450, 1250, 450, 400, 0x8121010016cf5aaa, 64, 0, %RepeatPeriod%, %RepeatCnt%
  
[2025-04-27 22:53:35] local.DEBUG: data: esp32/b0fb2f004f8c/ir_signal %KHz%, 3450, 1650, 450, 1250, 450, 400, 0x8121010016cf5aaa, 64, 0, %RepeatPeriod%, %RepeatCnt%
  
[2025-04-27 22:53:38] local.DEBUG: data: esp32/b0fb2f004f8c/ir_signal %KHz%, 3450, 1650, 450, 1250, 450, 400, 0x8121010016cf5aaa, 64, 0, %RepeatPeriod%, %RepeatCnt%
  
[2025-04-27 22:53:40] local.DEBUG: data: esp32/b0fb2f004f8c/ir_signal %KHz%, 3450, 1650, 450, 1250, 450, 400, 0x8121010016cf5aaa, 64, 0, %RepeatPeriod%, %RepeatCnt%
  
[2025-04-27 22:53:44] local.DEBUG: data: esp32/b0fb2f004f8c/ir_signal %KHz%, 3450, 1650, 450, 1250, 450, 400, 0x8121010016cf5aaa, 64, 0, %RepeatPeriod%, %RepeatCnt%
  
[2025-04-27 22:53:48] local.DEBUG: data: esp32/b0fb2f004f8c/ir_signal %KHz%, 3450, 1650, 450, 1250, 450, 400, 0x8121010016cf5aaa, 64, 0, %RepeatPeriod%, %RepeatCnt%
  
[2025-04-27 22:54:33] local.DEBUG: data: esp32/b0fb2f004f8c/ir_signal %KHz%, 3450, 1650, 450, 1250, 450, 400, 0x8121010016cf5aaa, 64, 0, %RepeatPeriod%, %RepeatCnt%
  
[2025-04-27 22:54:35] local.DEBUG: data: esp32/b0fb2f004f8c/ir_signal %KHz%, 3450, 1650, 450, 1250, 450, 400, 0x8121010016cf5aaa, 64, 0, %RepeatPeriod%, %RepeatCnt%
  
[2025-04-27 22:54:37] local.DEBUG: data: esp32/b0fb2f004f8c/ir_signal %KHz%, 3450, 1650, 450, 1250, 450, 400, 0x8121010016cf5aaa, 64, 0, %RepeatPeriod%, %RepeatCnt%
  
[2025-04-27 22:54:39] local.DEBUG: data: esp32/b0fb2f004f8c/ir_signal %KHz%, 3450, 1650, 450, 1250, 450, 400, 0x8121010016cf5aaa, 64, 0, %RepeatPeriod%, %RepeatCnt%
  
[2025-04-27 22:54:43] local.DEBUG: data: esp32/b0fb2f004f8c/ir_signal %KHz%, 3450, 1650, 450, 1250, 450, 400, 0x8121010016cf5aaa, 64, 0, %RepeatPeriod%, %RepeatCnt%
  
[2025-04-27 22:54:46] local.DEBUG: data: esp32/b0fb2f004f8c/ir_signal %KHz%, 3450, 1650, 450, 1250, 450, 400, 0x8121010016cf5aaa, 64, 0, %RepeatPeriod%, %RepeatCnt%
  
[2025-04-27 22:54:47] local.DEBUG: data: esp32/b0fb2f004f8c/ir_signal %KHz%, 3450, 1650, 450, 1250, 450, 400, 0x8121010016cf5aaa, 64, 0, %RepeatPeriod%, %RepeatCnt%
  
[2025-04-27 22:54:52] local.DEBUG: data: esp32/b0fb2f004f8c/ir_signal %KHz%, 3450, 1650, 450, 1250, 450, 400, 0x8121010016cf5aaa, 64, 0, %RepeatPeriod%, %RepeatCnt%
  
[2025-04-27 22:55:45] local.DEBUG: data: esp32/b0fb2f004f8c/ir_signal %KHz%, 3450, 1650, 450, 1250, 450, 400, 0x8121010016cf5aaa, 64, 0, %RepeatPeriod%, %RepeatCnt%
  
[2025-04-27 22:55:48] local.DEBUG: data: esp32/b0fb2f004f8c/ir_signal %KHz%, 3450, 1650, 450, 1250, 450, 400, 0x8121010016cf5aaa, 64, 0, %RepeatPeriod%, %RepeatCnt%
  
[2025-04-27 22:55:52] local.DEBUG: data: esp32/b0fb2f004f8c/ir_signal %KHz%, 3450, 1650, 450, 1250, 450, 400, 0x8121010016cf5aaa, 64, 0, %RepeatPeriod%, %RepeatCnt%
  
[2025-04-27 22:55:56] local.DEBUG: data: esp32/b0fb2f004f8c/ir_signal %KHz%, 3450, 1650, 450, 1250, 450, 400, 0x8121010016cf5aaa, 64, 0, %RepeatPeriod%, %RepeatCnt%
  
[2025-04-27 22:55:58] local.DEBUG: data: esp32/b0fb2f004f8c/ir_signal %KHz%, 3450, 1650, 450, 1250, 450, 400, 0x8121010016cf5aaa, 64, 0, %RepeatPeriod%, %RepeatCnt%
  
[2025-04-27 22:56:00] local.DEBUG: data: esp32/b0fb2f004f8c/ir_signal %KHz%, 3450, 1650, 450, 1250, 450, 400, 0x8121010016cf5aaa, 64, 0, %RepeatPeriod%, %RepeatCnt%
  
[2025-04-27 22:56:02] local.DEBUG: data: esp32/b0fb2f004f8c/ir_signal %KHz%, 3450, 1650, 450, 1250, 450, 400, 0x8121010016cf5aaa, 64, 0, %RepeatPeriod%, %RepeatCnt%
  
[2025-04-27 22:56:05] local.DEBUG: data: esp32/b0fb2f004f8c/ir_signal %KHz%, 3450, 1650, 450, 1250, 450, 400, 0x8121010016cf5aaa, 64, 0, %RepeatPeriod%, %RepeatCnt%
  
[2025-04-27 22:56:07] local.DEBUG: data: esp32/b0fb2f004f8c/ir_signal %KHz%, 3450, 1650, 450, 1250, 450, 400, 0x8121010016cf5aaa, 64, 0, %RepeatPeriod%, %RepeatCnt%
  
[2025-04-28 22:10:10] local.DEBUG: data: esp32/b0fb2f004f8c/ir_signal %KHz%, 3450, 1650, 450, 1250, 450, 400, 0x8121010016cf5aaa, 64, 0, %RepeatPeriod%, %RepeatCnt%
  
[2025-04-28 22:10:14] local.DEBUG: data: esp32/b0fb2f004f8c/ir_signal %KHz%, 3450, 1650, 450, 1250, 450, 400, 0x8121010016cf5aaa, 64, 0, %RepeatPeriod%, %RepeatCnt%
  
[2025-04-28 23:40:34] local.DEBUG: data: esp32/b0fb2f004f8c/ir_signal %KHz%, 3450, 1650, 450, 1250, 450, 400, 0x8121010016cf5aaa, 64, 0, %RepeatPeriod%, %RepeatCnt%
  
[2025-04-28 23:40:38] local.DEBUG: data: esp32/b0fb2f004f8c/ir_signal %KHz%, 3450, 1650, 450, 1250, 450, 400, 0x8121010016cf5aaa, 64, 0, %RepeatPeriod%, %RepeatCnt%
  
[2025-04-28 23:52:39] local.DEBUG: data: esp32/b0fb2f004f8c/ir_signal %KHz%, 3450, 1650, 450, 1250, 450, 400, 0x8121010016cf5aaa, 64, 0, %RepeatPeriod%, %RepeatCnt%
  
[2025-04-28 23:52:42] local.DEBUG: data: esp32/b0fb2f004f8c/ir_signal %KHz%, 3450, 1650, 450, 1250, 450, 400, 0x8121010016cf5aaa, 64, 0, %RepeatPeriod%, %RepeatCnt%
  
[2025-04-28 23:53:31] local.DEBUG: data: esp32/b0fb2f004f8c/ir_signal %KHz%, 3450, 1650, 450, 1250, 450, 400, 0x8121010016cf5aaa, 64, 0, %RepeatPeriod%, %RepeatCnt%
  
[2025-04-28 23:53:40] local.DEBUG: data: esp32/b0fb2f004f8c/ir_signal %KHz%, 3450, 1650, 450, 1250, 450, 400, 0x8121010016cf5aaa, 64, 0, %RepeatPeriod%, %RepeatCnt%
  
[2025-04-28 23:53:42] local.DEBUG: data: esp32/b0fb2f004f8c/ir_signal %KHz%, 3450, 1650, 450, 1250, 450, 400, 0x8121010016cf5aaa, 64, 0, %RepeatPeriod%, %RepeatCnt%
  
[2025-04-28 23:53:44] local.DEBUG: data: esp32/b0fb2f004f8c/ir_signal %KHz%, 3450, 1650, 450, 1250, 450, 400, 0x8121010016cf5aaa, 64, 0, %RepeatPeriod%, %RepeatCnt%
  
[2025-04-28 23:53:45] local.DEBUG: data: esp32/b0fb2f004f8c/ir_signal %KHz%, 3450, 1650, 450, 1250, 450, 400, 0x8121010016cf5aaa, 64, 0, %RepeatPeriod%, %RepeatCnt%
  
[2025-04-28 23:53:46] local.DEBUG: data: esp32/b0fb2f004f8c/ir_signal %KHz%, 3450, 1650, 450, 1250, 450, 400, 0x8121010016cf5aaa, 64, 0, %RepeatPeriod%, %RepeatCnt%
  
[2025-04-28 23:53:48] local.DEBUG: data: esp32/b0fb2f004f8c/ir_signal %KHz%, 3450, 1650, 450, 1250, 450, 400, 0x8121010016cf5aaa, 64, 0, %RepeatPeriod%, %RepeatCnt%
  
[2025-04-28 23:56:56] local.DEBUG: data: esp32/b0fb2f004f8c/ir_signal %KHz%, 3450, 1650, 450, 1250, 450, 400, 0x8121010016cf5aaa, 64, 0, %RepeatPeriod%, %RepeatCnt%
  
[2025-04-28 23:58:53] local.DEBUG: data: esp32/b0fb2f004f8c/ir_signal %KHz%, 3450, 1650, 450, 1250, 450, 400, 0x8121010016cf5aaa, 64, 0, %RepeatPeriod%, %RepeatCnt%
  
[2025-04-29 00:00:13] local.DEBUG: data: esp32/b0fb2f004f8c/ir_signal %KHz%, 3450, 1650, 450, 1250, 450, 400, 0x8121010016cf5aaa, 64, 0, %RepeatPeriod%, %RepeatCnt%
  
[2025-04-29 00:02:20] local.DEBUG: data: esp32/b0fb2f004f8c/ir_signal %KHz%, 3450, 1650, 450, 1250, 450, 400, 0x8121010016cf5aaa, 64, 0, %RepeatPeriod%, %RepeatCnt%
  
[2025-04-29 00:07:33] local.DEBUG: data: esp32/b0fb2f004f8c/ir_signal %KHz%, 3450, 1650, 450, 1250, 450, 400, 0x8121010016cf5aaa, 64, 0, %RepeatPeriod%, %RepeatCnt%
  
[2025-04-29 00:10:12] local.DEBUG: data: esp32/b0fb2f004f8c/ir_signal %KHz%, 3450, 1650, 450, 1250, 450, 400, 0x8121010016cf5aaa, 64, 0, %RepeatPeriod%, %RepeatCnt%
  
[2025-04-29 00:10:22] local.DEBUG: data: esp32/b0fb2f004f8c/ir_signal %KHz%, 3450, 1650, 450, 1250, 450, 400, 0x8121010016cf5aaa, 64, 0, %RepeatPeriod%, %RepeatCnt%
  
[2025-04-29 00:11:25] local.DEBUG: data: esp32/b0fb2f004f8c/ir_signal %KHz%, 3450, 1650, 450, 1250, 450, 400, 0x8121010016cf5aaa, 64, 0, %RepeatPeriod%, %RepeatCnt%
  
[2025-04-29 00:14:42] local.DEBUG: data: esp32/b0fb2f004f8c/ir_signal %KHz%, 3450, 1650, 450, 1250, 450, 400, 0x8121010016cf5aaa, 64, 0, %RepeatPeriod%, %RepeatCnt%
  
[2025-04-29 00:15:07] local.DEBUG: data: esp32/b0fb2f004f8c/ir_signal %KHz%, 3450, 1650, 450, 1250, 450, 400, 0x8121010016cf5aaa, 64, 0, %RepeatPeriod%, %RepeatCnt%
  
[2025-04-29 00:15:33] local.DEBUG: data: esp32/b0fb2f004f8c/ir_signal %KHz%, 3450, 1650, 450, 1250, 450, 400, 0x8121010016cf5aaa, 64, 0, %RepeatPeriod%, %RepeatCnt%
  
[2025-04-29 00:19:12] local.DEBUG: data: esp32/b0fb2f004f8c/ir_signal %KHz%, 3450, 1650, 450, 1250, 450, 400, 0x8121010016cf5aaa, 64, 0, %RepeatPeriod%, %RepeatCnt%
  
[2025-04-29 00:19:29] local.DEBUG: data: esp32/b0fb2f004f8c/ir_signal %KHz%, 3450, 1650, 450, 1250, 450, 400, 0x8121010016cf5aaa, 64, 0, %RepeatPeriod%, %RepeatCnt%
  
[2025-04-29 00:19:50] local.DEBUG: data: esp32/b0fb2f004f8c/ir_signal %KHz%, 3450, 1650, 450, 1250, 450, 400, 0x8121010016cf5aaa, 64, 0, %RepeatPeriod%, %RepeatCnt%
  
[2025-04-29 00:20:28] local.DEBUG: data: esp32/b0fb2f004f8c/ir_signal %KHz%, 3450, 1650, 450, 1250, 450, 400, 0x8121010016cf5aaa, 64, 0, %RepeatPeriod%, %RepeatCnt%
  
[2025-04-29 00:25:14] local.DEBUG: data: esp32/b0fb2f004f8c/ir_signal %KHz%, 3450, 1650, 450, 1250, 450, 400, 0x8121010016cf5aaa, 64, 0, %RepeatPeriod%, %RepeatCnt%
  
[2025-04-29 00:30:53] local.DEBUG: data: esp32/b0fb2f004f8c/ir_signal %KHz%, 3450, 1650, 450, 1250, 450, 400, 0x8121010016cf5aaa, 64, 0, %RepeatPeriod%, %RepeatCnt%
  
[2025-04-29 00:31:53] local.DEBUG: data: esp32/b0fb2f004f8c/ir_signal %KHz%, 3450, 1650, 450, 1250, 450, 400, 0x8121010016cf5aaa, 64, 0, %RepeatPeriod%, %RepeatCnt%
  
[2025-04-29 00:32:10] local.DEBUG: data: esp32/b0fb2f004f8c/ir_signal %KHz%, 3450, 1650, 450, 1250, 450, 400, 0x8121010016cf5aaa, 64, 0, %RepeatPeriod%, %RepeatCnt%
  
[2025-04-29 00:39:51] local.DEBUG: data: esp32/b0fb2f004f8c/ir_signal %KHz%, 3450, 1650, 450, 1250, 450, 400, 0x8121010016cf5aaa, 64, 0, %RepeatPeriod%, %RepeatCnt%
  
[2025-04-29 00:39:57] local.DEBUG: data: esp32/b0fb2f004f8c/ir_signal %KHz%, 3450, 1650, 450, 1250, 450, 400, 0x8121010016cf5aaa, 64, 0, %RepeatPeriod%, %RepeatCnt%
  
[2025-04-29 00:39:58] local.DEBUG: data: esp32/b0fb2f004f8c/ir_signal %KHz%, 3450, 1650, 450, 1250, 450, 400, 0x8121010016cf5aaa, 64, 0, %RepeatPeriod%, %RepeatCnt%
  
[2025-04-29 00:40:00] local.DEBUG: data: esp32/b0fb2f004f8c/ir_signal %KHz%, 3450, 1650, 450, 1250, 450, 400, 0x8121010016cf5aaa, 64, 0, %RepeatPeriod%, %RepeatCnt%
  
[2025-04-29 00:40:01] local.DEBUG: data: esp32/b0fb2f004f8c/ir_signal %KHz%, 3450, 1650, 450, 1250, 450, 400, 0x8121010016cf5aaa, 64, 0, %RepeatPeriod%, %RepeatCnt%
  
[2025-04-29 00:40:04] local.DEBUG: data: esp32/b0fb2f004f8c/ir_signal %KHz%, 3450, 1650, 450, 1250, 450, 400, 0x8121010016cf5aaa, 64, 0, %RepeatPeriod%, %RepeatCnt%
  
[2025-04-29 00:40:05] local.DEBUG: data: esp32/b0fb2f004f8c/ir_signal %KHz%, 3450, 1650, 450, 1250, 450, 400, 0x8121010016cf5aaa, 64, 0, %RepeatPeriod%, %RepeatCnt%
  
[2025-04-29 00:40:06] local.DEBUG: data: esp32/b0fb2f004f8c/ir_signal %KHz%, 3450, 1650, 450, 1250, 450, 400, 0x8121010016cf5aaa, 64, 0, %RepeatPeriod%, %RepeatCnt%
  
[2025-04-29 00:40:08] local.DEBUG: data: esp32/b0fb2f004f8c/ir_signal %KHz%, 3450, 1650, 450, 1250, 450, 400, 0x8121010016cf5aaa, 64, 0, %RepeatPeriod%, %RepeatCnt%
  
[2025-04-29 00:40:09] local.DEBUG: data: esp32/b0fb2f004f8c/ir_signal %KHz%, 3450, 1650, 450, 1250, 450, 400, 0x8121010016cf5aaa, 64, 0, %RepeatPeriod%, %RepeatCnt%
  
[2025-04-29 00:40:10] local.DEBUG: data: esp32/b0fb2f004f8c/ir_signal %KHz%, 3450, 1650, 450, 1250, 450, 400, 0x8121010016cf5aaa, 64, 0, %RepeatPeriod%, %RepeatCnt%
  
[2025-04-29 00:40:12] local.DEBUG: data: esp32/b0fb2f004f8c/ir_signal %KHz%, 3450, 1650, 450, 1250, 450, 400, 0x8121010016cf5aaa, 64, 0, %RepeatPeriod%, %RepeatCnt%
  
[2025-04-29 00:40:13] local.DEBUG: data: esp32/b0fb2f004f8c/ir_signal %KHz%, 3450, 1650, 450, 1250, 450, 400, 0x8121010016cf5aaa, 64, 0, %RepeatPeriod%, %RepeatCnt%
  
[2025-04-29 00:40:15] local.DEBUG: data: esp32/b0fb2f004f8c/ir_signal %KHz%, 3450, 1650, 450, 1250, 450, 400, 0x8121010016cf5aaa, 64, 0, %RepeatPeriod%, %RepeatCnt%
  
[2025-04-29 00:40:16] local.DEBUG: data: esp32/b0fb2f004f8c/ir_signal %KHz%, 3450, 1650, 450, 1250, 450, 400, 0x8121010016cf5aaa, 64, 0, %RepeatPeriod%, %RepeatCnt%
  
[2025-04-29 00:40:18] local.DEBUG: data: esp32/b0fb2f004f8c/ir_signal %KHz%, 3450, 1650, 450, 1250, 450, 400, 0x8121010016cf5aaa, 64, 0, %RepeatPeriod%, %RepeatCnt%
  
[2025-04-29 00:40:19] local.DEBUG: data: esp32/b0fb2f004f8c/ir_signal %KHz%, 3450, 1650, 450, 1250, 450, 400, 0x8121010016cf5aaa, 64, 0, %RepeatPeriod%, %RepeatCnt%
  
[2025-04-29 00:40:21] local.DEBUG: data: esp32/b0fb2f004f8c/ir_signal %KHz%, 3450, 1650, 450, 1250, 450, 400, 0x8121010016cf5aaa, 64, 0, %RepeatPeriod%, %RepeatCnt%
  
[2025-04-29 00:40:28] local.DEBUG: data: esp32/b0fb2f004f8c/ir_signal %KHz%, 3450, 1650, 450, 1250, 450, 400, 0x8121010016cf5aaa, 64, 0, %RepeatPeriod%, %RepeatCnt%
  
[2025-04-29 00:40:29] local.DEBUG: data: esp32/b0fb2f004f8c/ir_signal %KHz%, 3450, 1650, 450, 1250, 450, 400, 0x8121010016cf5aaa, 64, 0, %RepeatPeriod%, %RepeatCnt%
  
[2025-04-29 00:40:29] local.DEBUG: data: esp32/b0fb2f004f8c/ir_signal %KHz%, 3450, 1650, 450, 1250, 450, 400, 0x8121010016cf5aaa, 64, 0, %RepeatPeriod%, %RepeatCnt%
  
[2025-04-29 00:40:33] local.DEBUG: data: esp32/b0fb2f004f8c/ir_signal %KHz%, 3450, 1650, 450, 1250, 450, 400, 0x8121010016cf5aaa, 64, 0, %RepeatPeriod%, %RepeatCnt%
  
[2025-04-29 00:40:36] local.DEBUG: data: esp32/b0fb2f004f8c/ir_signal %KHz%, 3450, 1650, 450, 1250, 450, 400, 0x8121010016cf5aaa, 64, 0, %RepeatPeriod%, %RepeatCnt%
  
[2025-04-29 00:40:42] local.DEBUG: data: esp32/b0fb2f004f8c/ir_signal %KHz%, 3450, 1650, 450, 1250, 450, 400, 0x8121010016cf5aaa, 64, 0, %RepeatPeriod%, %RepeatCnt%
  
[2025-04-29 00:40:43] local.DEBUG: data: esp32/b0fb2f004f8c/ir_signal %KHz%, 3450, 1650, 450, 1250, 450, 400, 0x8121010016cf5aaa, 64, 0, %RepeatPeriod%, %RepeatCnt%
  
[2025-04-29 00:40:44] local.DEBUG: data: esp32/b0fb2f004f8c/ir_signal %KHz%, 3450, 1650, 450, 1250, 450, 400, 0x8121010016cf5aaa, 64, 0, %RepeatPeriod%, %RepeatCnt%
  
[2025-04-29 00:40:46] local.DEBUG: data: esp32/b0fb2f004f8c/ir_signal %KHz%, 3450, 1650, 450, 1250, 450, 400, 0x8121010016cf5aaa, 64, 0, %RepeatPeriod%, %RepeatCnt%
  
[2025-04-29 00:40:47] local.DEBUG: data: esp32/b0fb2f004f8c/ir_signal %KHz%, 3450, 1650, 450, 1250, 450, 400, 0x8121010016cf5aaa, 64, 0, %RepeatPeriod%, %RepeatCnt%
  
[2025-04-29 00:40:48] local.DEBUG: data: esp32/b0fb2f004f8c/ir_signal %KHz%, 3450, 1650, 450, 1250, 450, 400, 0x8121010016cf5aaa, 64, 0, %RepeatPeriod%, %RepeatCnt%
  
[2025-04-29 00:40:50] local.DEBUG: data: esp32/b0fb2f004f8c/ir_signal %KHz%, 3450, 1650, 450, 1250, 450, 400, 0x8121010016cf5aaa, 64, 0, %RepeatPeriod%, %RepeatCnt%
  
[2025-04-29 00:40:51] local.DEBUG: data: esp32/b0fb2f004f8c/ir_signal %KHz%, 3450, 1650, 450, 1250, 450, 400, 0x8121010016cf5aaa, 64, 0, %RepeatPeriod%, %RepeatCnt%
  
[2025-04-29 00:40:52] local.DEBUG: data: esp32/b0fb2f004f8c/ir_signal %KHz%, 3450, 1650, 450, 1250, 450, 400, 0x8121010016cf5aaa, 64, 0, %RepeatPeriod%, %RepeatCnt%
  
[2025-04-29 00:40:54] local.DEBUG: data: esp32/b0fb2f004f8c/ir_signal %KHz%, 3450, 1650, 450, 1250, 450, 400, 0x8121010016cf5aaa, 64, 0, %RepeatPeriod%, %RepeatCnt%
  
[2025-04-29 00:40:55] local.DEBUG: data: esp32/b0fb2f004f8c/ir_signal %KHz%, 3450, 1650, 450, 1250, 450, 400, 0x8121010016cf5aaa, 64, 0, %RepeatPeriod%, %RepeatCnt%
  
[2025-04-29 00:40:57] local.DEBUG: data: esp32/b0fb2f004f8c/ir_signal %KHz%, 3450, 1650, 450, 1250, 450, 400, 0x8121010016cf5aaa, 64, 0, %RepeatPeriod%, %RepeatCnt%
  
[2025-04-29 00:41:03] local.DEBUG: data: esp32/b0fb2f004f8c/ir_signal %KHz%, 3450, 1650, 450, 1250, 450, 400, 0x8121010016cf5aaa, 64, 0, %RepeatPeriod%, %RepeatCnt%
  
[2025-04-29 00:41:04] local.DEBUG: data: esp32/b0fb2f004f8c/ir_signal %KHz%, 3450, 1650, 450, 1250, 450, 400, 0x8121010016cf5aaa, 64, 0, %RepeatPeriod%, %RepeatCnt%
  
[2025-04-29 00:41:05] local.DEBUG: data: esp32/b0fb2f004f8c/ir_signal %KHz%, 3450, 1650, 450, 1250, 450, 400, 0x8121010016cf5aaa, 64, 0, %RepeatPeriod%, %RepeatCnt%
  
[2025-04-29 00:41:07] local.DEBUG: data: esp32/b0fb2f004f8c/ir_signal %KHz%, 3450, 1650, 450, 1250, 450, 400, 0x8121010016cf5aaa, 64, 0, %RepeatPeriod%, %RepeatCnt%
  
[2025-04-29 00:41:08] local.DEBUG: data: esp32/b0fb2f004f8c/ir_signal %KHz%, 3450, 1650, 450, 1250, 450, 400, 0x8121010016cf5aaa, 64, 0, %RepeatPeriod%, %RepeatCnt%
  
[2025-04-29 00:41:09] local.DEBUG: data: esp32/b0fb2f004f8c/ir_signal %KHz%, 3450, 1650, 450, 1250, 450, 400, 0x8121010016cf5aaa, 64, 0, %RepeatPeriod%, %RepeatCnt%
  
[2025-04-29 00:41:11] local.DEBUG: data: esp32/b0fb2f004f8c/ir_signal %KHz%, 3450, 1650, 450, 1250, 450, 400, 0x8121010016cf5aaa, 64, 0, %RepeatPeriod%, %RepeatCnt%
  
[2025-04-29 00:41:12] local.DEBUG: data: esp32/b0fb2f004f8c/ir_signal %KHz%, 3450, 1650, 450, 1250, 450, 400, 0x8121010016cf5aaa, 64, 0, %RepeatPeriod%, %RepeatCnt%
  
[2025-04-29 00:41:13] local.DEBUG: data: esp32/b0fb2f004f8c/ir_signal %KHz%, 3450, 1650, 450, 1250, 450, 400, 0x8121010016cf5aaa, 64, 0, %RepeatPeriod%, %RepeatCnt%
  
[2025-04-29 00:41:14] local.DEBUG: data: esp32/b0fb2f004f8c/ir_signal %KHz%, 3450, 1650, 450, 1250, 450, 400, 0x8121010016cf5aaa, 64, 0, %RepeatPeriod%, %RepeatCnt%
  
[2025-04-29 00:41:15] local.DEBUG: data: esp32/b0fb2f004f8c/ir_signal %KHz%, 3450, 1650, 450, 1250, 450, 400, 0x8121010016cf5aaa, 64, 0, %RepeatPeriod%, %RepeatCnt%
  
[2025-04-29 00:41:16] local.DEBUG: data: esp32/b0fb2f004f8c/ir_signal %KHz%, 3450, 1650, 450, 1250, 450, 400, 0x8121010016cf5aaa, 64, 0, %RepeatPeriod%, %RepeatCnt%
  
[2025-04-29 00:41:16] local.DEBUG: data: esp32/b0fb2f004f8c/ir_signal %KHz%, 3450, 1650, 450, 1250, 450, 400, 0x8121010016cf5aaa, 64, 0, %RepeatPeriod%, %RepeatCnt%
  
[2025-04-29 00:41:18] local.DEBUG: data: esp32/b0fb2f004f8c/ir_signal %KHz%, 3450, 1650, 450, 1250, 450, 400, 0x8121010016cf5aaa, 64, 0, %RepeatPeriod%, %RepeatCnt%
  
[2025-04-29 00:41:25] local.DEBUG: data: esp32/b0fb2f004f8c/ir_signal %KHz%, 3450, 1650, 450, 1250, 450, 400, 0x8121010016cf5aaa, 64, 0, %RepeatPeriod%, %RepeatCnt%
  
[2025-04-29 00:41:26] local.DEBUG: data: esp32/b0fb2f004f8c/ir_signal %KHz%, 3450, 1650, 450, 1250, 450, 400, 0x8121010016cf5aaa, 64, 0, %RepeatPeriod%, %RepeatCnt%
  
[2025-04-29 00:41:38] local.DEBUG: data: esp32/b0fb2f004f8c/ir_signal %KHz%, 3450, 1650, 450, 1250, 450, 400, 0x8121010016cf5aaa, 64, 0, %RepeatPeriod%, %RepeatCnt%
  
[2025-04-29 00:41:40] local.DEBUG: data: esp32/b0fb2f004f8c/ir_signal %KHz%, 3450, 1650, 450, 1250, 450, 400, 0x8121010016cf5aaa, 64, 0, %RepeatPeriod%, %RepeatCnt%
  
[2025-04-29 00:41:42] local.DEBUG: data: esp32/b0fb2f004f8c/ir_signal %KHz%, 3450, 1650, 450, 1250, 450, 400, 0x8121010016cf5aaa, 64, 0, %RepeatPeriod%, %RepeatCnt%
  
[2025-04-29 00:41:43] local.DEBUG: data: esp32/b0fb2f004f8c/ir_signal %KHz%, 3450, 1650, 450, 1250, 450, 400, 0x8121010016cf5aaa, 64, 0, %RepeatPeriod%, %RepeatCnt%
  
[2025-04-29 00:41:45] local.DEBUG: data: esp32/b0fb2f004f8c/ir_signal %KHz%, 3450, 1650, 450, 1250, 450, 400, 0x8121010016cf5aaa, 64, 0, %RepeatPeriod%, %RepeatCnt%
  
[2025-04-29 00:41:46] local.DEBUG: data: esp32/b0fb2f004f8c/ir_signal %KHz%, 3450, 1650, 450, 1250, 450, 400, 0x8121010016cf5aaa, 64, 0, %RepeatPeriod%, %RepeatCnt%
  
[2025-04-29 00:41:47] local.DEBUG: data: esp32/b0fb2f004f8c/ir_signal %KHz%, 3450, 1650, 450, 1250, 450, 400, 0x8121010016cf5aaa, 64, 0, %RepeatPeriod%, %RepeatCnt%
  
[2025-04-29 00:41:48] local.DEBUG: data: esp32/b0fb2f004f8c/ir_signal %KHz%, 3450, 1650, 450, 1250, 450, 400, 0x8121010016cf5aaa, 64, 0, %RepeatPeriod%, %RepeatCnt%
  
[2025-04-29 00:41:50] local.DEBUG: data: esp32/b0fb2f004f8c/ir_signal %KHz%, 3450, 1650, 450, 1250, 450, 400, 0x8121010016cf5aaa, 64, 0, %RepeatPeriod%, %RepeatCnt%
  
[2025-04-29 00:41:51] local.DEBUG: data: esp32/b0fb2f004f8c/ir_signal %KHz%, 3450, 1650, 450, 1250, 450, 400, 0x8121010016cf5aaa, 64, 0, %RepeatPeriod%, %RepeatCnt%
  
[2025-04-29 00:41:52] local.DEBUG: data: esp32/b0fb2f004f8c/ir_signal %KHz%, 3450, 1650, 450, 1250, 450, 400, 0x8121010016cf5aaa, 64, 0, %RepeatPeriod%, %RepeatCnt%
  
[2025-04-29 00:41:53] local.DEBUG: data: esp32/b0fb2f004f8c/ir_signal %KHz%, 3450, 1650, 450, 1250, 450, 400, 0x8121010016cf5aaa, 64, 0, %RepeatPeriod%, %RepeatCnt%
  
[2025-04-29 00:41:54] local.DEBUG: data: esp32/b0fb2f004f8c/ir_signal %KHz%, 3450, 1650, 450, 1250, 450, 400, 0x8121010016cf5aaa, 64, 0, %RepeatPeriod%, %RepeatCnt%
  
[2025-04-29 00:41:55] local.DEBUG: data: esp32/b0fb2f004f8c/ir_signal %KHz%, 3450, 1650, 450, 1250, 450, 400, 0x8121010016cf5aaa, 64, 0, %RepeatPeriod%, %RepeatCnt%
  
[2025-04-29 00:41:57] local.DEBUG: data: esp32/b0fb2f004f8c/ir_signal %KHz%, 3450, 1650, 450, 1250, 450, 400, 0x8121010016cf5aaa, 64, 0, %RepeatPeriod%, %RepeatCnt%
  
[2025-04-29 00:41:58] local.DEBUG: data: esp32/b0fb2f004f8c/ir_signal %KHz%, 3450, 1650, 450, 1250, 450, 400, 0x8121010016cf5aaa, 64, 0, %RepeatPeriod%, %RepeatCnt%
  
[2025-04-29 00:41:59] local.DEBUG: data: esp32/b0fb2f004f8c/ir_signal %KHz%, 3450, 1650, 450, 1250, 450, 400, 0x8121010016cf5aaa, 64, 0, %RepeatPeriod%, %RepeatCnt%
  
[2025-04-29 00:42:00] local.DEBUG: data: esp32/b0fb2f004f8c/ir_signal %KHz%, 3450, 1650, 450, 1250, 450, 400, 0x8121010016cf5aaa, 64, 0, %RepeatPeriod%, %RepeatCnt%
  
[2025-04-29 00:42:01] local.DEBUG: data: esp32/b0fb2f004f8c/ir_signal %KHz%, 3450, 1650, 450, 1250, 450, 400, 0x8121010016cf5aaa, 64, 0, %RepeatPeriod%, %RepeatCnt%
  
[2025-04-29 00:42:03] local.DEBUG: data: esp32/b0fb2f004f8c/ir_signal %KHz%, 3450, 1650, 450, 1250, 450, 400, 0x8121010016cf5aaa, 64, 0, %RepeatPeriod%, %RepeatCnt%
  
[2025-04-29 00:42:08] local.DEBUG: data: esp32/b0fb2f004f8c/ir_signal %KHz%, 3450, 1650, 450, 1250, 450, 400, 0x8121010016cf5aaa, 64, 0, %RepeatPeriod%, %RepeatCnt%
  
[2025-04-29 00:42:09] local.DEBUG: data: esp32/b0fb2f004f8c/ir_signal %KHz%, 3450, 1650, 450, 1250, 450, 400, 0x8121010016cf5aaa, 64, 0, %RepeatPeriod%, %RepeatCnt%
  
[2025-04-29 00:42:10] local.DEBUG: data: esp32/b0fb2f004f8c/ir_signal %KHz%, 3450, 1650, 450, 1250, 450, 400, 0x8121010016cf5aaa, 64, 0, %RepeatPeriod%, %RepeatCnt%
  
[2025-04-29 00:50:13] local.DEBUG: data: esp32/b0fb2f004f8c/ir_signal %KHz%, 3450, 1650, 450, 1250, 450, 400, 0x8121010016cf5aaa, 64, 0, %RepeatPeriod%, %RepeatCnt%
  
[2025-04-29 00:51:30] local.DEBUG: data: esp32/b0fb2f004f8c/ir_signal %KHz%, 3450, 1650, 450, 1250, 450, 400, 0x8121010016cf5aaa, 64, 0, %RepeatPeriod%, %RepeatCnt%
  
[2025-04-29 00:51:38] local.DEBUG: data: esp32/b0fb2f004f8c/ir_signal %KHz%, 3450, 1650, 450, 1250, 450, 400, 0x8121010016cf5aaa, 64, 0, %RepeatPeriod%, %RepeatCnt%
  
[2025-04-29 00:51:49] local.DEBUG: data: esp32/b0fb2f004f8c/ir_signal %KHz%, 3450, 1650, 450, 1250, 450, 400, 0x8121010016cf5aaa, 64, 0, %RepeatPeriod%, %RepeatCnt%
  
[2025-04-29 00:52:39] local.DEBUG: data: esp32/b0fb2f004f8c/ir_signal %KHz%, 3450, 1650, 450, 1250, 450, 400, 0x8121010016cf5aaa, 64, 0, %RepeatPeriod%, %RepeatCnt%
  
[2025-04-29 00:53:40] local.DEBUG: data: esp32/b0fb2f004f8c/ir_signal %KHz%, 3450, 1650, 450, 1250, 450, 400, 0x8121010016cf5aaa, 64, 0, %RepeatPeriod%, %RepeatCnt%
  
[2025-04-29 00:55:11] local.DEBUG: data: esp32/b0fb2f004f8c/ir_signal %KHz%, 3450, 1650, 450, 1250, 450, 400, 0x8121010016cf5aaa, 64, 0, %RepeatPeriod%, %RepeatCnt%
  
[2025-04-29 00:58:37] local.DEBUG: data: esp32/b0fb2f004f8c/ir_signal %KHz%, 3450, 1650, 450, 1250, 450, 400, 0x8121010016cf5aaa, 64, 0, %RepeatPeriod%, %RepeatCnt%
  
[2025-04-29 00:59:24] local.DEBUG: data: esp32/b0fb2f004f8c/ir_signal %KHz%, 3450, 1650, 450, 1250, 450, 400, 0x8121010016cf5aaa, 64, 0, %RepeatPeriod%, %RepeatCnt%
  
[2025-04-29 01:00:30] local.DEBUG: data: esp32/b0fb2f004f8c/ir_signal %KHz%, 3450, 1650, 450, 1250, 450, 400, 0x8121010016cf5aaa, 64, 0, %RepeatPeriod%, %RepeatCnt%
  
[2025-04-29 01:00:57] local.DEBUG: data: esp32/b0fb2f004f8c/ir_signal %KHz%, 3450, 1650, 450, 1250, 450, 400, 0x8121010016cf5aaa, 64, 0, %RepeatPeriod%, %RepeatCnt%
  
[2025-04-29 01:02:00] local.DEBUG: data: esp32/b0fb2f004f8c/ir_signal %KHz%, 3450, 1650, 450, 1250, 450, 400, 0x8121010016cf5aaa, 64, 0, %RepeatPeriod%, %RepeatCnt%
  
[2025-04-29 01:02:38] local.DEBUG: data: esp32/b0fb2f004f8c/ir_signal %KHz%, 3450, 1650, 450, 1250, 450, 400, 0x8121010016cf5aaa, 64, 0, %RepeatPeriod%, %RepeatCnt%
  
[2025-04-29 01:03:06] local.DEBUG: data: esp32/b0fb2f004f8c/ir_signal %KHz%, 3450, 1650, 450, 1250, 450, 400, 0x8121010016cf5aaa, 64, 0, %RepeatPeriod%, %RepeatCnt%
  
[2025-04-29 01:03:07] local.DEBUG: data: esp32/b0fb2f004f8c/ir_signal %KHz%, 3450, 1650, 450, 1250, 450, 400, 0x8121010016cf5aaa, 64, 0, %RepeatPeriod%, %RepeatCnt%
  
[2025-04-29 01:03:17] local.DEBUG: data: esp32/b0fb2f004f8c/ir_signal %KHz%, 3450, 1650, 450, 1250, 450, 400, 0x8121010016cf5aaa, 64, 0, %RepeatPeriod%, %RepeatCnt%
  
[2025-04-29 01:03:47] local.DEBUG: data: esp32/b0fb2f004f8c/ir_signal %KHz%, 3450, 1650, 450, 1250, 450, 400, 0x8121010016cf5aaa, 64, 0, %RepeatPeriod%, %RepeatCnt%
  
[2025-04-29 01:04:00] local.DEBUG: data: esp32/b0fb2f004f8c/ir_signal %KHz%, 3450, 1650, 450, 1250, 450, 400, 0x8121010016cf5aaa, 64, 0, %RepeatPeriod%, %RepeatCnt%
  
[2025-04-29 01:04:03] local.DEBUG: data: esp32/b0fb2f004f8c/ir_signal %KHz%, 3450, 1650, 450, 1250, 450, 400, 0x8121010016cf5aaa, 64, 0, %RepeatPeriod%, %RepeatCnt%
  
[2025-04-29 01:05:06] local.DEBUG: data: esp32/b0fb2f004f8c/ir_signal %KHz%, 3450, 1650, 450, 1250, 450, 400, 0x8121010016cf5aaa, 64, 0, %RepeatPeriod%, %RepeatCnt%
  
[2025-04-29 01:05:51] local.DEBUG: data: esp32/b0fb2f004f8c/ir_signal %KHz%, 3450, 1650, 450, 1250, 450, 400, 0x8121010016cf5aaa, 64, 0, %RepeatPeriod%, %RepeatCnt%
  
[2025-04-29 01:07:58] local.DEBUG: data: esp32/b0fb2f004f8c/ir_signal %KHz%, 3450, 1650, 450, 1250, 450, 400, 0x8121010016cf5aaa, 64, 0, %RepeatPeriod%, %RepeatCnt%
  
[2025-04-29 01:08:16] local.DEBUG: data: esp32/b0fb2f004f8c/ir_signal %KHz%, 3450, 1650, 450, 1250, 450, 400, 0x8121010016cf5aaa, 64, 0, %RepeatPeriod%, %RepeatCnt%
  
[2025-04-29 01:08:23] local.DEBUG: data: esp32/b0fb2f004f8c/ir_signal %KHz%, 3450, 1650, 450, 1250, 450, 400, 0x8121010016cf5aaa, 64, 0, %RepeatPeriod%, %RepeatCnt%
  
[2025-04-29 01:08:24] local.DEBUG: data: esp32/b0fb2f004f8c/ir_signal %KHz%, 3450, 1650, 450, 1250, 450, 400, 0x8121010016cf5aaa, 64, 0, %RepeatPeriod%, %RepeatCnt%
  
[2025-04-29 01:08:29] local.DEBUG: data: esp32/b0fb2f004f8c/ir_signal %KHz%, 3450, 1650, 450, 1250, 450, 400, 0x8121010016cf5aaa, 64, 0, %RepeatPeriod%, %RepeatCnt%
  
[2025-04-29 01:09:00] local.DEBUG: data: esp32/b0fb2f004f8c/ir_signal %KHz%, 3450, 1650, 450, 1250, 450, 400, 0x8121010016cf5aaa, 64, 0, %RepeatPeriod%, %RepeatCnt%
  
[2025-04-29 01:09:14] local.DEBUG: data: esp32/b0fb2f004f8c/ir_signal %KHz%, 3450, 1650, 450, 1250, 450, 400, 0x8121010016cf5aaa, 64, 0, %RepeatPeriod%, %RepeatCnt%
  
[2025-04-29 01:10:27] local.DEBUG: data: esp32/b0fb2f004f8c/ir_signal %KHz%, 3450, 1650, 450, 1250, 450, 400, 0x8121010016cf5aaa, 64, 0, %RepeatPeriod%, %RepeatCnt%
  
[2025-04-30 12:56:54] local.DEBUG: data: esp32/b0fb2f004f8c/ir_signal %KHz%, 3450, 1650, 450, 1250, 450, 400, 0x8121010016cf5aaa, 64, 0, %RepeatPeriod%, %RepeatCnt%
  
[2025-04-30 12:57:09] local.DEBUG: data: esp32/b0fb2f004f8c/ir_signal %KHz%, 3450, 1650, 450, 1250, 450, 400, 0x8121010016cf5aaa, 64, 0, %RepeatPeriod%, %RepeatCnt%
  
[2025-04-30 12:57:13] local.DEBUG: data: esp32/b0fb2f004f8c/ir_signal %KHz%, 3450, 1650, 450, 1250, 450, 400, 0x8121010016cf5aaa, 64, 0, %RepeatPeriod%, %RepeatCnt%
  
[2025-04-30 12:57:15] local.DEBUG: data: esp32/b0fb2f004f8c/ir_signal %KHz%, 3450, 1650, 450, 1250, 450, 400, 0x8121010016cf5aaa, 64, 0, %RepeatPeriod%, %RepeatCnt%
  
[2025-04-30 12:57:18] local.DEBUG: data: esp32/b0fb2f004f8c/ir_signal %KHz%, 3450, 1650, 450, 1250, 450, 400, 0x8121010016cf5aaa, 64, 0, %RepeatPeriod%, %RepeatCnt%
  
[2025-04-30 12:57:26] local.DEBUG: data: esp32/b0fb2f004f8c/ir_signal %KHz%, 3450, 1650, 450, 1250, 450, 400, 0x8121010016cf5aaa, 64, 0, %RepeatPeriod%, %RepeatCnt%
  
[2025-04-30 12:58:40] local.DEBUG: data: esp32/b0fb2f004f8c/ir_signal %KHz%, 3450, 1650, 450, 1250, 450, 400, 0x8121010016cf5aaa, 64, 0, %RepeatPeriod%, %RepeatCnt%
  
[2025-04-30 12:58:42] local.DEBUG: data: esp32/b0fb2f004f8c/ir_signal %KHz%, 3450, 1650, 450, 1250, 450, 400, 0x8121010016cf5aaa, 64, 0, %RepeatPeriod%, %RepeatCnt%
  
[2025-04-30 12:58:43] local.DEBUG: data: esp32/b0fb2f004f8c/ir_signal %KHz%, 3450, 1650, 450, 1250, 450, 400, 0x8121010016cf5aaa, 64, 0, %RepeatPeriod%, %RepeatCnt%
  
[2025-04-30 12:58:46] local.DEBUG: data: esp32/b0fb2f004f8c/ir_signal %KHz%, 3450, 1650, 450, 1250, 450, 400, 0x8121010016cf5aaa, 64, 0, %RepeatPeriod%, %RepeatCnt%
  
[2025-04-30 12:58:49] local.DEBUG: data: esp32/b0fb2f004f8c/ir_signal %KHz%, 3450, 1650, 450, 1250, 450, 400, 0x8121010016cf5aaa, 64, 0, %RepeatPeriod%, %RepeatCnt%
  
[2025-05-01 09:43:30] local.DEBUG: data: esp32/b0fb2f004f8c/ir_signal %KHz%, 3450, 1650, 450, 1250, 450, 400, 0x8121010016cf5aaa, 64, 0, %RepeatPeriod%, %RepeatCnt%
  
[2025-05-01 20:45:29] local.DEBUG: data: esp32/b0fb2f004f8c/ir_signal %KHz%, 3450, 1650, 450, 1250, 450, 400, 0x8121010016cf5aaa, 64, 0, %RepeatPeriod%, %RepeatCnt%
  
[2025-05-02 20:09:09] local.DEBUG: data: esp32/b0fb2f004f8c/ir_signal %KHz%, 3450, 1650, 450, 1250, 450, 400, 0x8121010016cf5aaa, 64, 0, %RepeatPeriod%, %RepeatCnt%
  
[2025-05-02 20:15:37] local.DEBUG: data: esp32/b0fb2f004f8c/ir_signal %KHz%, 3450, 1650, 450, 1250, 450, 400, 0x8121010016cf5aaa, 64, 0, %RepeatPeriod%, %RepeatCnt%
  
[2025-05-02 20:23:08] local.DEBUG: data: esp32/b0fb2f004f8c/ir_signal %KHz%, 3450, 1650, 450, 1250, 450, 400, 0x8121010016cf5aaa, 64, 0, %RepeatPeriod%, %RepeatCnt%
  
[2025-05-02 20:25:40] local.DEBUG: data: esp32/b0fb2f004f8c/ir_signal %KHz%, 3450, 1650, 450, 1250, 450, 400, 0x8121010016cf5aaa, 64, 0, %RepeatPeriod%, %RepeatCnt%
  
[2025-05-02 20:31:07] local.DEBUG: data: esp32/b0fb2f004f8c/ir_signal %KHz%, 3450, 1650, 450, 1250, 450, 400, 0x8121010016cf5aaa, 64, 0, %RepeatPeriod%, %RepeatCnt%
  
[2025-05-06 13:55:28] local.DEBUG: data: esp32/b0fb2f004f8c/ir_signal %KHz%, 3450, 1650, 450, 1250, 450, 400, 0x8121010016cf5aaa, 64, 0, %RepeatPeriod%, %RepeatCnt%
  
[2025-05-06 14:05:56] local.DEBUG: data: esp32/b0fb2f004f8c/ir_signal %KHz%, 3450, 1650, 450, 1250, 450, 400, 0x8121010016cf5aaa, 64, 0, %RepeatPeriod%, %RepeatCnt%
  
[2025-05-06 14:08:20] local.DEBUG: data: esp32/b0fb2f004f8c/ir_signal %KHz%, 3450, 1650, 450, 1250, 450, 400, 0x8121010016cf5aaa, 64, 0, %RepeatPeriod%, %RepeatCnt%
  
[2025-05-06 14:32:57] local.DEBUG: data: esp32/b0fb2f004f8c/ir_signal %KHz%, 3450, 1650, 450, 1250, 450, 400, 0x8121010016cf5aaa, 64, 0, %RepeatPeriod%, %RepeatCnt%
  
[2025-05-18 19:31:20] local.DEBUG: data:   
[2025-05-18 19:32:58] local.DEBUG: data:   
[2025-05-18 19:33:15] local.DEBUG: data:   
[2025-05-18 19:34:07] local.DEBUG: data:   
[2025-05-18 19:38:57] local.DEBUG: command: timeout 1s mosquitto_sub -h localhost -p 1883 -t "ESP32/b0fb2f004f8c/ir_signal" -C 1 -v  
[2025-05-18 19:38:57] local.DEBUG: data:   
[2025-05-18 19:39:06] local.DEBUG: command: timeout 1s mosquitto_sub -h localhost -p 1883 -t "ESP32/b0fb2f004f8c/ir_signal" -C 1 -v  
[2025-05-18 19:39:06] local.DEBUG: data:   
[2025-05-19 00:16:07] local.DEBUG: command: timeout 1s mosquitto_sub -h localhost -p 1883 -t "ESP32/+/ir_signal" -C 1 -v  
[2025-05-19 00:16:07] local.DEBUG: data:   
[2025-05-19 00:16:11] local.DEBUG: command: timeout 1s mosquitto_sub -h localhost -p 1883 -t "ESP32/+/ir_signal" -C 1 -v  
[2025-05-19 00:16:11] local.DEBUG: data:   
[2025-05-19 00:16:34] local.DEBUG: command: timeout 1s mosquitto_sub -h localhost -p 1883 -t "ESP32/+/ir_signal" -C 1 -v  
[2025-05-19 00:16:34] local.DEBUG: data:   
[2025-05-19 00:18:34] local.DEBUG: command: timeout 1s mosquitto_sub -h localhost -p 1883 -t "ESP32/b0fb2f004f8c/ir_signal" -C 1  
[2025-05-19 00:18:34] local.DEBUG: data:   
[2025-05-19 00:21:37] local.DEBUG: command: timeout 3s mosquitto_sub -h localhost -p 1883 -t "ESP32/b0fb2f004f8c/ir_signal" -C 1  
[2025-05-19 00:21:37] local.DEBUG: data:   
[2025-05-19 00:22:30] local.DEBUG: command: timeout 3s mosquitto_sub -h localhost -p 1883 -t "ESP32/b0fb2f004f8c/ir_signal" -C 1  
[2025-05-19 00:22:30] local.DEBUG: data:   
[2025-05-19 00:22:40] local.DEBUG: command: timeout 3s mosquitto_sub -h localhost -p 1883 -t "esp32/b0fb2f004f8c/ir_signal" -C 1  
[2025-05-19 00:22:40] local.DEBUG: data: %KHz%, 3400, 1700, 450, 1250, 450, 400, 0x8121010016cf5aaa, 64, 0, %RepeatPeriod%, %RepeatCnt%
  
[2025-05-19 00:23:42] local.DEBUG: command: timeout 3s mosquitto_sub -h localhost -p 1883 -t "esp32/b0fb2f004f8c/ir_signal" -C 1 -v  
[2025-05-19 00:23:42] local.DEBUG: data: esp32/b0fb2f004f8c/ir_signal %KHz%, 3400, 1700, 450, 1250, 450, 400, 0x8121010016cf5aaa, 64, 0, %RepeatPeriod%, %RepeatCnt%
  
[2025-05-19 00:24:08] local.DEBUG: command: timeout 3s mosquitto_sub -h localhost -p 1883 -t "esp32/b0fb2f004f8c/ir_signal" -C 1 -v  
[2025-05-19 00:24:08] local.DEBUG: data: esp32/b0fb2f004f8c/ir_signal %KHz%, 3400, 1700, 450, 1250, 450, 400, 0x8121010016cf5aaa, 64, 0, %RepeatPeriod%, %RepeatCnt%
  
[2025-05-19 00:35:09] local.DEBUG: command: timeout 3s mosquitto_sub -h localhost -p 1883 -t "esp32/b0fb2f004f8c/ir_signal" -C 1 -v  
[2025-05-19 00:35:09] local.DEBUG: data: esp32/b0fb2f004f8c/ir_signal %KHz%, 3400, 1700, 450, 1250, 450, 400, 0x8121010016cf5aaa, 64, 0, %RepeatPeriod%, %RepeatCnt%
  
[2025-05-19 00:35:38] local.DEBUG: command: timeout 3s mosquitto_sub -h localhost -p 1883 -t "esp32/b0fb2f004f8c/ir_signal" -C 1 -v  
[2025-05-19 00:35:38] local.DEBUG: data: esp32/b0fb2f004f8c/ir_signal %KHz%, 3400, 1700, 450, 1250, 450, 400, 0x8121010016cf5aaa, 64, 0, %RepeatPeriod%, %RepeatCnt%
  
[2025-05-19 00:38:07] local.DEBUG: command: timeout 3s mosquitto_sub -h localhost -p 1883 -t "esp32/b0fb2f004f8c/ir_signal" -C 1 -v  
[2025-05-19 00:38:07] local.DEBUG: data: esp32/b0fb2f004f8c/ir_signal %KHz%, 3400, 1700, 450, 1250, 450, 400, 0x8121010016cf5aaa, 64, 0, %RepeatPeriod%, %RepeatCnt%
  
[2025-05-19 00:38:09] local.DEBUG: command: timeout 3s mosquitto_sub -h localhost -p 1883 -t "esp32/b0fb2f004f8c/ir_signal" -C 1 -v  
[2025-05-19 00:38:09] local.DEBUG: data: esp32/b0fb2f004f8c/ir_signal %KHz%, 3400, 1700, 450, 1250, 450, 400, 0x8121010016cf5aaa, 64, 0, %RepeatPeriod%, %RepeatCnt%
  
[2025-05-19 00:38:12] local.DEBUG: command: timeout 3s mosquitto_sub -h localhost -p 1883 -t "esp32/b0fb2f004f8c/ir_signal" -C 1 -v  
[2025-05-19 00:38:12] local.DEBUG: data: esp32/b0fb2f004f8c/ir_signal %KHz%, 3400, 1700, 450, 1250, 450, 400, 0x8121010016cf5aaa, 64, 0, %RepeatPeriod%, %RepeatCnt%
  
[2025-05-19 00:38:46] local.DEBUG: command: timeout 3s mosquitto_sub -h localhost -p 1883 -t "esp32/b0fb2f004f8c/ir_signal" -C 1 -v  
[2025-05-19 00:38:46] local.DEBUG: data: esp32/b0fb2f004f8c/ir_signal %KHz%, 3400, 1700, 450, 1250, 450, 400, 0x8121010016cf5aaa, 64, 0, %RepeatPeriod%, %RepeatCnt%
  
[2025-05-19 00:38:50] local.DEBUG: command: timeout 3s mosquitto_sub -h localhost -p 1883 -t "esp32/b0fb2f004f8c/ir_signal" -C 1 -v  
[2025-05-19 00:38:50] local.DEBUG: data: esp32/b0fb2f004f8c/ir_signal %KHz%, 3400, 1700, 450, 1250, 450, 400, 0x8121010016cf5aaa, 64, 0, %RepeatPeriod%, %RepeatCnt%
  
[2025-05-19 00:38:53] local.DEBUG: command: timeout 3s mosquitto_sub -h localhost -p 1883 -t "esp32/b0fb2f004f8c/ir_signal" -C 1 -v  
[2025-05-19 00:38:53] local.DEBUG: data: esp32/b0fb2f004f8c/ir_signal %KHz%, 3400, 1700, 450, 1250, 450, 400, 0x8121010016cf5aaa, 64, 0, %RepeatPeriod%, %RepeatCnt%
  
[2025-05-19 00:41:01] local.DEBUG: command: timeout 3s mosquitto_sub -h localhost -p 1883 -t "esp32/b0fb2f004f8c/ir_signal" -C 1 -v  
[2025-05-19 00:41:01] local.DEBUG: data: esp32/b0fb2f004f8c/ir_signal %KHz%, 3400, 1700, 450, 1250, 450, 400, 0x8121010016cf5aaa, 64, 0, %RepeatPeriod%, %RepeatCnt%
  
[2025-05-19 00:41:03] local.DEBUG: command: timeout 3s mosquitto_sub -h localhost -p 1883 -t "esp32/b0fb2f004f8c/ir_signal" -C 1 -v  
[2025-05-19 00:41:03] local.DEBUG: data: esp32/b0fb2f004f8c/ir_signal %KHz%, 3400, 1700, 450, 1250, 450, 400, 0x8121010016cf5aaa, 64, 0, %RepeatPeriod%, %RepeatCnt%
  
[2025-05-19 00:41:24] local.DEBUG: command: timeout 3s mosquitto_sub -h localhost -p 1883 -t "esp32/b0fb2f004f8c/ir_signal" -C 1 -v  
[2025-05-19 00:41:24] local.DEBUG: data: esp32/b0fb2f004f8c/ir_signal %KHz%, 3400, 1700, 450, 1250, 450, 400, 0x8121010016cf5aaa, 64, 0, %RepeatPeriod%, %RepeatCnt%
  
[2025-05-19 00:41:32] local.DEBUG: command: timeout 3s mosquitto_sub -h localhost -p 1883 -t "esp32/b0fb2f004f8c/ir_signal" -C 1 -v  
[2025-05-19 00:41:32] local.DEBUG: data: esp32/b0fb2f004f8c/ir_signal %KHz%, 3400, 1700, 450, 1250, 450, 400, 0x8121010016cf5aaa, 64, 0, %RepeatPeriod%, %RepeatCnt%
  
[2025-05-19 00:41:51] local.DEBUG: command: timeout 3s mosquitto_sub -h localhost -p 1883 -t "esp32/b0fb2f004f8c/ir_signal" -C 1 -v  
[2025-05-19 00:41:51] local.DEBUG: data: esp32/b0fb2f004f8c/ir_signal %KHz%, 3400, 1700, 450, 1250, 450, 400, 0x8121010016cf5aaa, 64, 0, %RepeatPeriod%, %RepeatCnt%
  
[2025-05-19 00:41:53] local.DEBUG: command: timeout 3s mosquitto_sub -h localhost -p 1883 -t "esp32/b0fb2f004f8c/ir_signal" -C 1 -v  
[2025-05-19 00:41:53] local.DEBUG: data: esp32/b0fb2f004f8c/ir_signal %KHz%, 3400, 1700, 450, 1250, 450, 400, 0x8121010016cf5aaa, 64, 0, %RepeatPeriod%, %RepeatCnt%
  
[2025-05-19 00:42:22] local.DEBUG: command: timeout 3s mosquitto_sub -h localhost -p 1883 -t "esp32/b0fb2f004f8c/ir_signal" -C 1 -v  
[2025-05-19 00:42:22] local.DEBUG: data: esp32/b0fb2f004f8c/ir_signal %KHz%, 3400, 1700, 450, 1250, 450, 400, 0x8121010016cf5aaa, 64, 0, %RepeatPeriod%, %RepeatCnt%
  
[2025-05-19 00:43:00] local.DEBUG: command: timeout 3s mosquitto_sub -h localhost -p 1883 -t "esp32/b0fb2f004f8c/ir_signal" -C 1 -v  
[2025-05-19 00:43:00] local.DEBUG: data: esp32/b0fb2f004f8c/ir_signal %KHz%, 3400, 1700, 450, 1250, 450, 400, 0x8121010016cf5aaa, 64, 0, %RepeatPeriod%, %RepeatCnt%
  
[2025-05-19 00:43:02] local.DEBUG: command: timeout 3s mosquitto_sub -h localhost -p 1883 -t "esp32/b0fb2f004f8c/ir_signal" -C 1 -v  
[2025-05-19 00:43:02] local.DEBUG: data: esp32/b0fb2f004f8c/ir_signal %KHz%, 3400, 1700, 450, 1250, 450, 400, 0x8121010016cf5aaa, 64, 0, %RepeatPeriod%, %RepeatCnt%
  
[2025-05-19 00:43:04] local.DEBUG: command: timeout 3s mosquitto_sub -h localhost -p 1883 -t "esp32/b0fb2f004f8c/ir_signal" -C 1 -v  
[2025-05-19 00:43:04] local.DEBUG: data: esp32/b0fb2f004f8c/ir_signal %KHz%, 3400, 1700, 450, 1250, 450, 400, 0x8121010016cf5aaa, 64, 0, %RepeatPeriod%, %RepeatCnt%
  
[2025-05-19 00:43:46] local.DEBUG: command: timeout 3s mosquitto_sub -h localhost -p 1883 -t "esp32/b0fb2f004f8c/ir_signal" -C 1 -v  
[2025-05-19 00:43:46] local.DEBUG: data: esp32/b0fb2f004f8c/ir_signal %KHz%, 3400, 1700, 450, 1250, 450, 400, 0x8121010016cf5aaa, 64, 0, %RepeatPeriod%, %RepeatCnt%
  
[2025-05-19 00:46:36] local.DEBUG: command: timeout 3s mosquitto_sub -h localhost -p 1883 -t "esp32/b0fb2f004f8c/ir_signal" -C 1 -v  
[2025-05-19 00:46:36] local.DEBUG: data: esp32/b0fb2f004f8c/ir_signal %KHz%, 3400, 1700, 450, 1250, 450, 400, 0x8121010016cf5aaa, 64, 0, %RepeatPeriod%, %RepeatCnt%
  
[2025-05-19 00:46:39] local.DEBUG: command: timeout 3s mosquitto_sub -h localhost -p 1883 -t "esp32/b0fb2f004f8c/ir_signal" -C 1 -v  
[2025-05-19 00:46:39] local.DEBUG: data: esp32/b0fb2f004f8c/ir_signal %KHz%, 3400, 1700, 450, 1250, 450, 400, 0x8121010016cf5aaa, 64, 0, %RepeatPeriod%, %RepeatCnt%
  
[2025-05-19 00:46:40] local.DEBUG: command: timeout 3s mosquitto_sub -h localhost -p 1883 -t "esp32/b0fb2f004f8c/ir_signal" -C 1 -v  
[2025-05-19 00:46:40] local.DEBUG: data: esp32/b0fb2f004f8c/ir_signal %KHz%, 3400, 1700, 450, 1250, 450, 400, 0x8121010016cf5aaa, 64, 0, %RepeatPeriod%, %RepeatCnt%
  
[2025-05-20 23:52:33] local.DEBUG: command: timeout 3s mosquitto_sub -h localhost -p 1883 -t "esp32/b0fb2f004f8c/ir_signal" -C 1 -v  
[2025-05-20 23:52:33] local.DEBUG: data: esp32/b0fb2f004f8c/ir_signal %KHz%, 3400, 1700, 450, 1250, 450, 400, 0x8121010016cf5aaa, 64, 0, %RepeatPeriod%, %RepeatCnt%
  
[2025-05-21 01:16:44] local.DEBUG: command: timeout 3s mosquitto_sub -h localhost -p 1883 -t "/b0fb2f004f8c/" -C 1 -v  
[2025-05-21 01:16:44] local.DEBUG: data:   
[2025-05-21 01:21:17] local.DEBUG: command: timeout 3s mosquitto_sub -h localhost -p 1883 -t "+/b0fb2f004f8c/+" -C 1 -v  
[2025-05-21 01:21:17] local.DEBUG: data: esp32/b0fb2f004f8c/ir_signal %KHz%, 3400, 1700, 450, 1250, 450, 400, 0x8121010016cf5aaa, 64, 0, %RepeatPeriod%, %RepeatCnt%
  
[2025-05-21 10:05:16] local.DEBUG: command: timeout 3s mosquitto_sub -h localhost -p 1883 -t "+/b0fb2f004f8c/+" -C 1 -v  
[2025-05-21 10:05:16] local.DEBUG: data: esp32/b0fb2f004f8c/ir_signal %KHz%, 3400, 1700, 450, 1250, 450, 400, 0x8121010016cf5aaa, 64, 0, %RepeatPeriod%, %RepeatCnt%
  
[2025-05-25 13:09:28] local.DEBUG: command: timeout 3s mosquitto_sub -h localhost -p 1883 -t "+/b0fb2f004f8c/+" -C 1 -v  
[2025-05-25 13:09:28] local.DEBUG: data: esp32/b0fb2f004f8c/ir_signal %KHz%, 3400, 1700, 450, 1250, 450, 400, 0x8121010016cf5aaa, 64, 0, %RepeatPeriod%, %RepeatCnt%
  
[2025-05-25 13:12:17] local.DEBUG: command: timeout 3s mosquitto_sub -h localhost -p 1883 -t "+/b0fb2f004f8c/+" -C 1 -v  
[2025-05-25 13:12:17] local.DEBUG: data: esp32/b0fb2f004f8c/ir_signal %KHz%, 3400, 1700, 450, 1250, 450, 400, 0x8121010016cf5aaa, 64, 0, %RepeatPeriod%, %RepeatCnt%
  
[2025-05-28 17:49:48] local.DEBUG: command: timeout 3s mosquitto_sub -h localhost -p 1883 -t "+/b0fb2f004f8c/+" -C 1 -v  
[2025-05-28 17:49:48] local.DEBUG: data: esp32/b0fb2f004f8c/ir_signal %KHz%, 3400, 1700, 450, 1250, 450, 400, 0x8121010016cf5aaa, 64, 0, %RepeatPeriod%, %RepeatCnt%
  
[2025-05-28 17:52:02] local.DEBUG: command: timeout 3s mosquitto_sub -h localhost -p 1883 -t "+/b0fb2f004f8c/+" -C 1 -v  
[2025-05-28 17:52:02] local.DEBUG: data: esp32/b0fb2f004f8c/ir_signal %KHz%, 3400, 1700, 450, 1250, 450, 400, 0x8121010016cf5aaa, 64, 0, %RepeatPeriod%, %RepeatCnt%
  
[2025-05-28 18:01:12] local.DEBUG: command: timeout 3s mosquitto_sub -h localhost -p 1883 -t "+/b0fb2f004f8c/+" -C 1 -v  
[2025-05-28 18:01:12] local.DEBUG: data: esp32/b0fb2f004f8c/ir_signal %KHz%, 3400, 1700, 450, 1250, 450, 400, 0x8121010016cf5aaa, 64, 0, %RepeatPeriod%, %RepeatCnt%
  
[2025-05-28 18:05:03] local.DEBUG: command: timeout 3s mosquitto_sub -h localhost -p 1883 -t "+/b0fb2f004f8c/+" -C 1 -v  
[2025-05-28 18:05:03] local.DEBUG: data: esp32/b0fb2f004f8c/ir_signal %KHz%, 3400, 1700, 450, 1250, 450, 400, 0x8121010016cf5aaa, 64, 0, %RepeatPeriod%, %RepeatCnt%
  
[2025-05-28 18:09:37] local.DEBUG: command: timeout 3s mosquitto_sub -h localhost -p 1883 -t "+/b0fb2f004f8c/+" -C 1 -v  
[2025-05-28 18:09:37] local.DEBUG: data: esp32/b0fb2f004f8c/ir_signal %KHz%, 3400, 1700, 450, 1250, 450, 400, 0x8121010016cf5aaa, 64, 0, %RepeatPeriod%, %RepeatCnt%
  
[2025-05-28 18:10:23] local.DEBUG: command: timeout 3s mosquitto_sub -h localhost -p 1883 -t "+/b0fb2f004f8c/+" -C 1 -v  
[2025-05-28 18:10:23] local.DEBUG: data: esp32/b0fb2f004f8c/ir_signal %KHz%, 3400, 1700, 450, 1250, 450, 400, 0x8121010016cf5aaa, 64, 0, %RepeatPeriod%, %RepeatCnt%
  
[2025-05-28 18:10:29] local.DEBUG: command: timeout 3s mosquitto_sub -h localhost -p 1883 -t "+/b0fb2f004f8c/+" -C 1 -v  
[2025-05-28 18:10:29] local.DEBUG: data: esp32/b0fb2f004f8c/ir_signal %KHz%, 3400, 1700, 450, 1250, 450, 400, 0x8121010016cf5aaa, 64, 0, %RepeatPeriod%, %RepeatCnt%
  
[2025-06-05 09:28:11] local.DEBUG: command: timeout 3s mosquitto_sub -h localhost -p 1883 -t "+/b0fb2f004f8c/+" -C 1 -v  
[2025-06-05 09:28:11] local.DEBUG: data: esp32/b0fb2f004f8c/ir_signal %KHz%, 3400, 1700, 450, 1250, 450, 400, 0x8121010016cf5aaa, 64, 0, %RepeatPeriod%, %RepeatCnt%
  
[2025-06-05 09:28:14] local.DEBUG: command: timeout 3s mosquitto_sub -h localhost -p 1883 -t "+/b0fb2f004f8c/+" -C 1 -v  
[2025-06-05 09:28:14] local.DEBUG: data: esp32/b0fb2f004f8c/ir_signal %KHz%, 3400, 1700, 450, 1250, 450, 400, 0x8121010016cf5aaa, 64, 0, %RepeatPeriod%, %RepeatCnt%
  
[2025-06-14 16:02:44] local.DEBUG: command: timeout 3s mosquitto_sub -h localhost -p 1883 -t "+/b0fb2f004f8c/+" -C 1 -v  
[2025-06-14 16:02:44] local.DEBUG: data: esp32/b0fb2f004f8c/ir_signal %KHz%, 3400, 1700, 450, 1250, 450, 400, 0x8121010016cf5aaa, 64, 0, %RepeatPeriod%, %RepeatCnt%
  
[2025-06-15 13:42:35] local.DEBUG: command: timeout 3s mosquitto_sub -h localhost -p 1883 -t "+/b0fb2f004f8c/+" -C 1 -v  
[2025-06-15 13:42:35] local.DEBUG: data: esp32/b0fb2f004f8c/ir_signal %KHz%, 3400, 1700, 450, 1250, 450, 400, 0x8121010016cf5aaa, 64, 0, %RepeatPeriod%, %RepeatCnt%
  
[2025-06-15 15:32:16] local.DEBUG: command: timeout 3s mosquitto_sub -h localhost -p 1883 -t "+/b0fb2f004f8c/+" -C 1 -v  
[2025-06-15 15:32:16] local.DEBUG: data: esp32/b0fb2f004f8c/ir_signal %KHz%, 3400, 1700, 450, 1250, 450, 400, 0x8121010016cf5aaa, 64, 0, %RepeatPeriod%, %RepeatCnt%
  
[2025-06-16 08:54:50] local.DEBUG: command: timeout 3s mosquitto_sub -h localhost -p 1883 -t "+/b0fb2f004f8c/+" -C 1 -v  
[2025-06-16 08:54:50] local.DEBUG: data: esp32/b0fb2f004f8c/ir_signal %KHz%, 3400, 1700, 450, 1250, 450, 400, 0x8121010016cf5aaa, 64, 0, %RepeatPeriod%, %RepeatCnt%
  
[2025-06-21 17:23:39] local.DEBUG: command: timeout 3s mosquitto_sub -h localhost -p 1883 -t "+/b0fb2f004f8c/+" -C 1 -v  
[2025-06-21 17:23:39] local.DEBUG: data: esp32/b0fb2f004f8c/ir_signal %KHz%, 3400, 1700, 450, 1250, 450, 400, 0x8121010016cf5aaa, 64, 0, %RepeatPeriod%, %RepeatCnt%
  
[2025-06-21 17:23:42] local.DEBUG: command: timeout 3s mosquitto_sub -h localhost -p 1883 -t "+/b0fb2f004f8c/+" -C 1 -v  
[2025-06-21 17:23:42] local.DEBUG: data: esp32/b0fb2f004f8c/ir_signal %KHz%, 3400, 1700, 450, 1250, 450, 400, 0x8121010016cf5aaa, 64, 0, %RepeatPeriod%, %RepeatCnt%
  
