[2025-05-10 18:02:47] local.DEBUG: -----start-----  
[2025-05-10 18:02:47] local.DEBUG: reg_device_id:test  
[2025-05-10 18:02:47] local.DEBUG: No additional targets  
[2025-05-10 18:04:10] local.DEBUG: -----start-----  
[2025-05-10 18:04:10] local.DEBUG: reg_device_id:test  
[2025-05-10 18:04:10] local.DEBUG: No additional targets  
[2025-05-10 18:05:14] local.DEBUG: -----start-----  
[2025-05-10 18:05:14] local.DEBUG: reg_device_id:test  
[2025-05-10 18:05:14] local.DEBUG: No additional targets  
[2025-05-10 18:06:17] local.DEBUG: -----start-----  
[2025-05-10 18:06:17] local.DEBUG: reg_device_id:test  
[2025-05-10 18:06:17] local.DEBUG: No additional targets  
[2025-05-10 18:06:27] local.DEBUG: -----start-----  
[2025-05-10 18:06:27] local.DEBUG: reg_device_id:test  
[2025-05-10 18:06:27] local.DEBUG: No additional targets  
[2025-05-10 18:07:20] local.DEBUG: -----start-----  
[2025-05-10 18:07:20] local.DEBUG: reg_device_id:test  
[2025-05-10 18:07:20] local.DEBUG: No additional targets  
[2025-05-10 18:09:09] local.DEBUG: -----start-----  
[2025-05-10 18:09:09] local.DEBUG: reg_device_id:b0fb2f004f8c  
[2025-05-10 18:09:09] local.DEBUG: No additional targets  
[2025-05-10 18:10:44] local.DEBUG: -----start-----  
[2025-05-10 18:10:44] local.DEBUG: reg_device_addr:b0fb2f004f8c  
[2025-05-10 18:13:52] local.DEBUG: -----start-----  
[2025-05-10 18:13:52] local.DEBUG: reg_device_id:b0fb2f004f8c  
[2025-05-10 18:13:55] local.DEBUG: -----start-----  
[2025-05-10 18:13:55] local.DEBUG: reg_device_id:b0fb2f004f8c  
[2025-05-10 18:16:30] local.DEBUG: -----start-----  
[2025-05-10 18:16:30] local.DEBUG: reg_device_id:b0fb2f004f8c  
[2025-05-10 18:16:32] local.DEBUG: -----start-----  
[2025-05-10 18:16:32] local.DEBUG: reg_device_id:b0fb2f004f8c  
[2025-05-10 18:17:49] local.DEBUG: -----start-----  
[2025-05-10 18:17:49] local.DEBUG: reg_device_id:b0fb2f004f8c  
[2025-05-10 18:18:18] local.DEBUG: -----start-----  
[2025-05-10 18:18:18] local.DEBUG: reg_device_id:b0fb2f004f8c  
[2025-05-10 18:18:49] local.DEBUG: -----start-----  
[2025-05-10 18:18:49] local.DEBUG: reg_device_id:b0fb2f004f8c  
[2025-05-10 18:18:52] local.DEBUG: -----start-----  
[2025-05-10 18:18:52] local.DEBUG: reg_device_id:b0fb2f004f8c  
[2025-05-10 18:19:55] local.DEBUG: -----start-----  
[2025-05-10 18:19:55] local.DEBUG: reg_device_id:b0fb2f004f8c  
[2025-05-10 19:29:41] local.DEBUG: -----start-----  
[2025-05-10 19:29:41] local.DEBUG: reg_device_id:b0fb2f004f8c  
[2025-05-10 19:33:22] local.DEBUG: -----start-----  
[2025-05-10 19:33:22] local.DEBUG: reg_device_id:b0fb2f004f8c  
[2025-05-10 19:33:32] local.DEBUG: -----start-----  
[2025-05-10 19:33:32] local.DEBUG: reg_device_id:test  
[2025-05-10 19:33:39] local.DEBUG: -----start-----  
[2025-05-10 19:33:39] local.DEBUG: reg_device_id:testt  
[2025-05-10 19:42:59] local.DEBUG: -----start-----  
[2025-05-10 19:42:59] local.DEBUG: reg_device_id:test  
[2025-05-10 19:43:05] local.DEBUG: -----start-----  
[2025-05-10 19:43:05] local.DEBUG: reg_device_id:b0fb2f004f8c  
[2025-05-10 19:43:10] local.DEBUG: -----start-----  
[2025-05-10 19:43:10] local.DEBUG: reg_device_id:test  
[2025-05-10 19:43:20] local.DEBUG: -----start-----  
[2025-05-10 19:43:20] local.DEBUG: reg_device_id:test  
[2025-05-10 19:43:26] local.DEBUG: -----start-----  
[2025-05-10 19:43:26] local.DEBUG: reg_device_id:test  
[2025-05-10 19:43:32] local.DEBUG: -----start-----  
[2025-05-10 19:43:32] local.DEBUG: reg_device_id:test  
[2025-05-10 19:43:36] local.DEBUG: -----start-----  
[2025-05-10 19:43:36] local.DEBUG: reg_device_id:test  
[2025-05-10 19:43:40] local.DEBUG: -----start-----  
[2025-05-10 19:43:40] local.DEBUG: reg_device_id:test  
[2025-05-10 19:43:44] local.DEBUG: -----start-----  
[2025-05-10 19:43:44] local.DEBUG: reg_device_id:test  
[2025-05-10 19:43:49] local.DEBUG: -----start-----  
[2025-05-10 19:43:49] local.DEBUG: reg_device_id:test  
[2025-05-10 19:43:53] local.DEBUG: -----start-----  
[2025-05-10 19:43:53] local.DEBUG: reg_device_id:test  
[2025-05-10 19:43:57] local.DEBUG: -----start-----  
[2025-05-10 19:43:57] local.DEBUG: reg_device_id:test  
[2025-05-10 19:44:03] local.DEBUG: -----start-----  
[2025-05-10 19:44:03] local.DEBUG: reg_device_id:test  
[2025-05-10 19:50:11] local.DEBUG: -----start-----  
[2025-05-10 19:50:11] local.DEBUG: reg_device_id:b0fb2f004f8c  
[2025-05-10 20:27:33] local.DEBUG: -----start-----  
[2025-05-10 20:27:33] local.DEBUG: reg_device_id:test  
[2025-05-10 20:27:41] local.DEBUG: -----start-----  
[2025-05-10 20:27:41] local.DEBUG: reg_device_id:b0fb2f004f8c  
[2025-05-13 20:31:51] local.DEBUG: -----start-----  
[2025-05-13 20:31:51] local.DEBUG: reg_device_id:は  
[2025-05-16 12:10:09] local.DEBUG: -----start-----  
[2025-05-16 12:10:09] local.DEBUG: reg_device_id:test  
[2025-05-17 14:36:08] local.DEBUG: -----start-----  
[2025-05-17 14:36:08] local.DEBUG: reg_device_id:b0fb2f004f8c  
[2025-05-17 14:36:41] local.DEBUG: -----start-----  
[2025-05-17 14:36:41] local.DEBUG: reg_device_id:b0fb2f004f8c  
[2025-05-17 14:45:05] local.DEBUG: -----start-----  
[2025-05-17 14:45:05] local.DEBUG: reg_device_id:test  
[2025-05-17 14:45:15] local.DEBUG: -----start-----  
[2025-05-17 14:45:15] local.DEBUG: reg_device_id:b0fb2f004f8c  
[2025-05-17 15:08:14] local.DEBUG: -----start-----  
[2025-05-17 15:08:14] local.DEBUG: reg_device_id:test  
[2025-05-17 15:08:21] local.DEBUG: -----start-----  
[2025-05-17 15:08:21] local.DEBUG: reg_device_id:test  
[2025-05-17 15:10:23] local.DEBUG: -----start-----  
[2025-05-17 15:10:23] local.DEBUG: reg_device_id:test  
[2025-05-17 15:14:56] local.DEBUG: -----start-----  
[2025-05-17 15:14:56] local.DEBUG: reg_device_id:test  
[2025-05-17 15:28:44] local.DEBUG: -----start-----  
[2025-05-17 15:28:44] local.DEBUG: reg_device_id:test  
[2025-05-17 15:29:03] local.DEBUG: -----start-----  
[2025-05-17 15:29:03] local.DEBUG: reg_device_id:test  
[2025-05-17 15:29:06] local.DEBUG: -----start-----  
[2025-05-17 15:29:06] local.DEBUG: reg_device_id:test  
[2025-05-17 15:29:10] local.DEBUG: -----start-----  
[2025-05-17 15:29:10] local.DEBUG: reg_device_id:test  
[2025-05-17 15:29:40] local.DEBUG: -----start-----  
[2025-05-17 15:29:40] local.DEBUG: reg_device_id:test  
[2025-05-17 15:30:07] local.DEBUG: -----start-----  
[2025-05-17 15:30:07] local.DEBUG: reg_device_id:test  
[2025-05-17 15:30:41] local.DEBUG: -----start-----  
[2025-05-17 15:30:41] local.DEBUG: reg_device_id:test  
[2025-05-17 15:31:38] local.DEBUG: -----start-----  
[2025-05-17 15:31:38] local.DEBUG: reg_device_id:test  
[2025-05-17 15:31:44] local.DEBUG: -----start-----  
[2025-05-17 15:31:44] local.DEBUG: reg_device_id:test  
[2025-05-17 15:31:56] local.DEBUG: -----start-----  
[2025-05-17 15:31:56] local.DEBUG: reg_device_id:test  
[2025-05-17 15:32:01] local.DEBUG: -----start-----  
[2025-05-17 15:32:01] local.DEBUG: reg_device_id:test  
[2025-05-17 15:33:36] local.DEBUG: -----start-----  
[2025-05-17 15:33:36] local.DEBUG: reg_device_id:test  
[2025-05-17 15:33:49] local.DEBUG: -----start-----  
[2025-05-17 15:33:49] local.DEBUG: reg_device_id:test  
[2025-05-17 15:34:01] local.DEBUG: -----start-----  
[2025-05-17 15:34:01] local.DEBUG: reg_device_id:test  
[2025-05-17 15:37:01] local.DEBUG: -----start-----  
[2025-05-17 15:37:01] local.DEBUG: reg_device_id:test  
[2025-05-17 15:37:18] local.DEBUG: -----start-----  
[2025-05-17 15:37:18] local.DEBUG: reg_device_id:test  
[2025-05-17 15:37:25] local.DEBUG: -----start-----  
[2025-05-17 15:37:25] local.DEBUG: reg_device_id:test  
[2025-05-17 15:40:21] local.DEBUG: -----start-----  
[2025-05-17 15:40:21] local.DEBUG: reg_device_id:test  
[2025-05-17 15:44:47] local.DEBUG: -----start-----  
[2025-05-17 15:44:47] local.DEBUG: reg_device_id:test  
[2025-05-17 15:44:59] local.DEBUG: -----start-----  
[2025-05-17 15:44:59] local.DEBUG: reg_device_id:test  
[2025-05-17 15:48:08] local.DEBUG: -----start-----  
[2025-05-17 15:48:08] local.DEBUG: reg_device_id:test  
[2025-05-17 15:48:22] local.DEBUG: -----start-----  
[2025-05-17 15:48:22] local.DEBUG: reg_device_id:test  
[2025-05-17 16:42:29] local.DEBUG: -----start-----  
[2025-05-17 16:42:29] local.DEBUG: reg_device_id:test  
[2025-05-17 16:42:42] local.DEBUG: -----start-----  
[2025-05-17 16:42:42] local.DEBUG: reg_device_id:test  
[2025-05-17 16:44:12] local.DEBUG: -----start-----  
[2025-05-17 16:44:12] local.DEBUG: reg_device_id:test  
[2025-05-17 16:44:56] local.DEBUG: -----start-----  
[2025-05-17 16:44:56] local.DEBUG: reg_device_id:test  
[2025-05-17 16:46:04] local.DEBUG: -----start-----  
[2025-05-17 16:46:04] local.DEBUG: reg_device_id:test  
[2025-05-17 16:46:04] local.DEBUG: msg:連続で登録に失敗したためロックがかかっています。
要望・問い合わせにて解除申請してください。  
[2025-05-17 16:46:29] local.DEBUG: -----start-----  
[2025-05-17 16:46:29] local.DEBUG: reg_device_id:test  
[2025-05-17 16:46:29] local.DEBUG: msg:連続で登録に失敗したためロックがかかっています。
要望・問い合わせにて解除申請してください。  
[2025-05-17 16:46:31] local.DEBUG: -----start-----  
[2025-05-17 16:46:31] local.DEBUG: reg_device_id:test  
[2025-05-17 16:46:31] local.DEBUG: msg:連続で登録に失敗したためロックがかかっています。
要望・問い合わせにて解除申請してください。  
[2025-05-17 16:46:33] local.DEBUG: -----start-----  
[2025-05-17 16:46:33] local.DEBUG: reg_device_id:test  
[2025-05-17 16:46:33] local.DEBUG: msg:連続で登録に失敗したためロックがかかっています。
要望・問い合わせにて解除申請してください。  
[2025-05-17 16:48:17] local.DEBUG: -----start-----  
[2025-05-17 16:48:17] local.DEBUG: user_id:1    reg_device_id:test  
[2025-05-17 16:48:17] local.DEBUG: dev_reg_lock  
[2025-05-17 16:48:17] local.DEBUG: msg:連続で登録に失敗したためロックがかかっています。
要望・問い合わせにて解除申請してください。  
[2025-05-17 16:48:23] local.DEBUG: -----start-----  
[2025-05-17 16:48:23] local.DEBUG: user_id:1    reg_device_id:test  
[2025-05-17 16:48:23] local.DEBUG: dev_reg_lock  
[2025-05-17 16:48:23] local.DEBUG: msg:連続で登録に失敗したためロックがかかっています。
要望・問い合わせにて解除申請してください。  
[2025-05-17 16:49:27] local.DEBUG: -----start-----  
[2025-05-17 16:49:27] local.DEBUG: user_id:1    reg_device_id:test  
[2025-05-17 16:49:27] local.DEBUG: dev_reg_lock  
[2025-05-17 16:49:27] local.DEBUG: msg:連続で登録に失敗したためロックがかかっています。要望・問い合わせにて解除申請してください。  
[2025-05-17 16:49:51] local.DEBUG: -----start-----  
[2025-05-17 16:49:51] local.DEBUG: user_id:1    reg_device_id:test  
[2025-05-17 16:49:51] local.DEBUG: dev_reg_lock  
[2025-05-17 16:49:51] local.DEBUG: msg:連続で登録に失敗したためロックがかかっています。要望・問い合わせにて解除申請してください。  
[2025-05-17 16:50:03] local.DEBUG: -----start-----  
[2025-05-17 16:50:03] local.DEBUG: user_id:1    reg_device_id:test  
[2025-05-17 16:50:03] local.DEBUG: dev_reg_lock  
[2025-05-17 16:50:03] local.DEBUG: msg:連続で登録に失敗したためロックがかかっています。要望・問い合わせにて解除申請してください。  
[2025-05-17 16:50:22] local.DEBUG: -----start-----  
[2025-05-17 16:50:22] local.DEBUG: user_id:1    reg_device_id:test  
[2025-05-17 16:50:22] local.DEBUG: dev_reg_lock  
[2025-05-17 16:50:22] local.DEBUG: msg:連続で登録に失敗したためロックがかかっています。要望・問い合わせにて解除申請してください。  
[2025-05-17 16:51:52] local.DEBUG: -----start-----  
[2025-05-17 16:51:52] local.DEBUG: user_id:1  
[2025-05-17 16:52:53] local.DEBUG: -----start-----  
[2025-05-17 16:52:53] local.DEBUG: user_id:1  
[2025-05-17 16:52:53] local.DEBUG: iotdevice_id:test    iotdevice_name:test  
[2025-05-17 16:52:53] local.DEBUG: dev_reg_lock  
[2025-05-17 16:52:53] local.DEBUG: msg:連続で登録に失敗したためロックがかかっています。<br>要望・問い合わせにて解除申請してください。  
[2025-05-17 16:56:49] local.DEBUG: -----start-----  
[2025-05-17 16:56:49] local.DEBUG: user_id:1  
[2025-05-17 16:56:49] local.DEBUG: iotdevice_id:test    iotdevice_name:test  
[2025-05-17 16:56:49] local.DEBUG: dev_reg_lock  
[2025-05-17 16:56:49] local.DEBUG: msg:連続で登録に失敗したためロックがかかっています。
要望・問い合わせにて解除申請してください。  
[2025-05-17 16:58:49] local.DEBUG: -----start-----  
[2025-05-17 16:58:49] local.DEBUG: user_id:1  
[2025-05-17 16:58:49] local.DEBUG: iotdevice_id:test    iotdevice_name:test  
[2025-05-17 16:58:49] local.DEBUG: dev_reg_lock  
[2025-05-17 16:58:49] local.DEBUG: msg:連続で登録に失敗したためロックがかかっています。
要望・問い合わせにて解除申請してください。  
[2025-05-17 17:03:54] local.DEBUG: -----start-----  
[2025-05-17 17:03:54] local.DEBUG: user_id:1  
[2025-05-17 17:03:54] local.DEBUG: iotdevice_id:test    iotdevice_name:test  
[2025-05-17 17:03:54] local.DEBUG: dev_reg_lock  
[2025-05-17 17:03:54] local.DEBUG: msg:連続で登録に失敗したためロックがかかっています。
要望・問い合わせにて解除申請してください。  
[2025-05-17 17:04:04] local.DEBUG: -----start-----  
[2025-05-17 17:04:04] local.DEBUG: user_id:1  
[2025-05-17 17:04:04] local.DEBUG: iotdevice_id:test    iotdevice_name:test  
[2025-05-17 17:04:04] local.DEBUG: dev_reg_lock  
[2025-05-17 17:04:04] local.DEBUG: msg:連続で登録に失敗したためロックがかかっています。
要望・問い合わせにて解除申請してください。  
[2025-05-17 17:04:27] local.DEBUG: -----start-----  
[2025-05-17 17:04:27] local.DEBUG: user_id:1  
[2025-05-17 17:04:27] local.DEBUG: iotdevice_id:test    iotdevice_name:test  
[2025-05-17 17:04:28] local.DEBUG: dev_reg_lock  
[2025-05-17 17:04:28] local.DEBUG: msg:連続で登録に失敗したためロックがかかっています。
要望・問い合わせにて解除申請してください。  
[2025-05-17 17:05:57] local.DEBUG: -----start-----  
[2025-05-17 17:05:57] local.DEBUG: user_id:1  
[2025-05-17 17:05:57] local.DEBUG: iotdevice_id:test    iotdevice_name:test  
[2025-05-17 17:05:57] local.DEBUG: dev_reg_lock  
[2025-05-17 17:05:57] local.DEBUG: msg:連続で登録に失敗したためロックがかかっています。<br>要望・問い合わせにて解除申請してください。  
[2025-05-17 17:07:54] local.DEBUG: -----start-----  
[2025-05-17 17:07:54] local.DEBUG: user_id:1  
[2025-05-17 17:07:54] local.DEBUG: iotdevice_id:test    iotdevice_name:test  
[2025-05-17 17:07:54] local.DEBUG: dev_reg_lock  
[2025-05-17 17:07:54] local.DEBUG: msg:連続で登録に失敗したためロックがかかっています。<br>要望・問い合わせにて解除申請してください。  
[2025-05-17 17:12:50] local.DEBUG: -----start-----  
[2025-05-17 17:12:50] local.DEBUG: user_id:1  
[2025-05-17 17:12:50] local.DEBUG: iotdevice_id:test    iotdevice_name:test  
[2025-05-17 17:12:50] local.DEBUG: dev_reg_lock  
[2025-05-17 17:12:50] local.DEBUG: msg:連続で登録に失敗したためロックがかかっています。
要望・問い合わせにて解除申請してください。  
[2025-05-17 17:14:45] local.DEBUG: -----start-----  
[2025-05-17 17:14:45] local.DEBUG: user_id:1  
[2025-05-17 17:14:45] local.DEBUG: iotdevice_id:test    iotdevice_name:test  
[2025-05-17 17:14:45] local.DEBUG: dev_reg_lock  
[2025-05-17 17:14:45] local.DEBUG: msg:連続で登録に失敗したためロックがかかっています。
要望・問い合わせにて解除申請してください。  
[2025-05-17 17:14:58] local.DEBUG: -----start-----  
[2025-05-17 17:14:58] local.DEBUG: user_id:1  
[2025-05-17 17:14:58] local.DEBUG: iotdevice_id:test    iotdevice_name:test  
[2025-05-17 17:14:58] local.DEBUG: dev_reg_lock  
[2025-05-17 17:14:58] local.DEBUG: msg:連続で登録に失敗したためロックがかかっています。
要望・問い合わせにて解除申請してください。  
[2025-05-17 17:15:03] local.DEBUG: -----start-----  
[2025-05-17 17:15:03] local.DEBUG: user_id:1  
[2025-05-17 17:15:03] local.DEBUG: iotdevice_id:test    iotdevice_name:test  
[2025-05-17 17:15:03] local.DEBUG: dev_reg_lock  
[2025-05-17 17:15:03] local.DEBUG: msg:連続で登録に失敗したためロックがかかっています。
要望・問い合わせにて解除申請してください。  
[2025-05-17 17:15:18] local.DEBUG: -----start-----  
[2025-05-17 17:15:18] local.DEBUG: user_id:1  
[2025-05-17 17:15:18] local.DEBUG: iotdevice_id:test    iotdevice_name:test  
[2025-05-17 17:15:18] local.DEBUG: dev_reg_lock  
[2025-05-17 17:15:18] local.DEBUG: msg:連続で登録に失敗したためロックがかかっています。
要望・問い合わせにて解除申請してください。  
[2025-05-17 17:15:31] local.DEBUG: -----start-----  
[2025-05-17 17:15:31] local.DEBUG: user_id:1  
[2025-05-17 17:15:31] local.DEBUG: iotdevice_id:test    iotdevice_name:test  
[2025-05-17 17:15:31] local.DEBUG: dev_reg_lock  
[2025-05-17 17:15:31] local.DEBUG: msg:連続で登録に失敗したためロックがかかっています。
要望・問い合わせにて解除申請してください。  
[2025-05-17 17:15:52] local.DEBUG: -----start-----  
[2025-05-17 17:15:52] local.DEBUG: user_id:1  
[2025-05-17 17:15:52] local.DEBUG: iotdevice_id:test    iotdevice_name:test  
[2025-05-17 17:15:52] local.DEBUG: dev_reg_lock  
[2025-05-17 17:15:52] local.DEBUG: msg:連続で登録に失敗したためロックがかかっています。
要望・問い合わせにて解除申請してください。  
[2025-05-17 17:17:28] local.DEBUG: -----start-----  
[2025-05-17 17:17:28] local.DEBUG: user_id:1  
[2025-05-17 17:17:28] local.DEBUG: iotdevice_id:test    iotdevice_name:test  
[2025-05-17 17:17:28] local.DEBUG: dev_reg_lock  
[2025-05-17 17:17:28] local.DEBUG: msg:連続で登録に失敗したためロックがかかっています。
要望・問い合わせにて解除申請してください。  
[2025-05-17 17:17:48] local.DEBUG: -----start-----  
[2025-05-17 17:17:48] local.DEBUG: user_id:1  
[2025-05-17 17:17:48] local.DEBUG: iotdevice_id:test    iotdevice_name:test  
[2025-05-17 17:17:48] local.DEBUG: dev_reg_lock  
[2025-05-17 17:17:48] local.DEBUG: msg:連続で登録に失敗したためロックがかかっています。
要望・問い合わせにて解除申請してください。  
[2025-05-17 17:19:50] local.DEBUG: -----start-----  
[2025-05-17 17:19:50] local.DEBUG: user_id:1  
[2025-05-17 17:19:50] local.DEBUG: iotdevice_id:test    iotdevice_name:test  
[2025-05-17 17:19:50] local.DEBUG: dev_reg_lock  
[2025-05-17 17:19:50] local.DEBUG: msg:連続で登録に失敗したためロックがかかっています。
要望・問い合わせにて解除申請してください。  
[2025-05-17 17:24:18] local.DEBUG: -----start-----  
[2025-05-17 17:24:18] local.DEBUG: user_id:1  
[2025-05-17 17:24:18] local.DEBUG: iotdevice_id:test    iotdevice_name:test  
[2025-05-17 17:24:18] local.DEBUG: dev_reg_lock  
[2025-05-17 17:24:18] local.DEBUG: msg:連続で登録に失敗したためロックがかかっています。
要望・問い合わせにて解除申請してください。  
[2025-05-17 17:24:48] local.DEBUG: -----start-----  
[2025-05-17 17:24:48] local.DEBUG: user_id:1  
[2025-05-17 17:24:48] local.DEBUG: iotdevice_id:test    iotdevice_name:test  
[2025-05-17 17:24:48] local.DEBUG: dev_reg_lock  
[2025-05-17 17:24:48] local.DEBUG: msg:連続で登録に失敗したためロックがかかっています。
要望・問い合わせにて解除申請してください。  
[2025-05-17 17:25:26] local.DEBUG: -----start-----  
[2025-05-17 17:25:26] local.DEBUG: user_id:1  
[2025-05-17 17:25:26] local.DEBUG: iotdevice_id:test    iotdevice_name:test  
[2025-05-17 17:25:26] local.DEBUG: dev_reg_lock  
[2025-05-17 17:25:26] local.DEBUG: msg:連続で登録に失敗したためロックがかかっています。
要望・問い合わせにて解除申請してください。  
[2025-05-17 17:26:39] local.DEBUG: -----start-----  
[2025-05-17 17:26:39] local.DEBUG: user_id:1  
[2025-05-17 17:26:39] local.DEBUG: iotdevice_id:test    iotdevice_name:test  
[2025-05-17 17:26:39] local.DEBUG: dev_reg_lock  
[2025-05-17 17:26:39] local.DEBUG: msg:連続で登録に失敗したためロックがかかっています。
要望・問い合わせにて解除申請してください。  
[2025-05-17 17:27:54] local.DEBUG: -----start-----  
[2025-05-17 17:27:54] local.DEBUG: user_id:1  
[2025-05-17 17:27:54] local.DEBUG: iotdevice_id:test    iotdevice_name:test  
[2025-05-17 17:27:54] local.DEBUG: dev_reg_lock  
[2025-05-17 17:27:54] local.DEBUG: msg:連続で登録に失敗したためロックがかかっています。
要望・問い合わせにて解除申請してください。  
[2025-05-17 17:28:12] local.DEBUG: -----start-----  
[2025-05-17 17:28:12] local.DEBUG: user_id:1  
[2025-05-17 17:28:12] local.DEBUG: iotdevice_id:test    iotdevice_name:test  
[2025-05-17 17:28:12] local.DEBUG: dev_reg_lock  
[2025-05-17 17:28:12] local.DEBUG: msg:連続で登録に失敗したためロックがかかっています。
要望・問い合わせにて解除申請してください。  
[2025-05-17 17:29:58] local.DEBUG: -----start-----  
[2025-05-17 17:29:58] local.DEBUG: user_id:1  
[2025-05-17 17:29:58] local.DEBUG: iotdevice_id:test    iotdevice_name:test  
[2025-05-17 17:29:58] local.DEBUG: dev_reg_lock  
[2025-05-17 17:29:58] local.DEBUG: msg:連続で登録に失敗したためロックがかかっています。
要望・問い合わせにて解除申請してください。  
[2025-05-17 17:30:15] local.DEBUG: -----start-----  
[2025-05-17 17:30:15] local.DEBUG: user_id:1  
[2025-05-17 17:30:15] local.DEBUG: iotdevice_id:test    iotdevice_name:test  
[2025-05-17 17:30:15] local.DEBUG: dev_reg_lock  
[2025-05-17 17:30:15] local.DEBUG: msg:連続で登録に失敗したためロックがかかっています。
要望・問い合わせにて解除申請してください。  
[2025-05-17 17:30:35] local.DEBUG: -----start-----  
[2025-05-17 17:30:35] local.DEBUG: user_id:1  
[2025-05-17 17:30:35] local.DEBUG: iotdevice_id:test    iotdevice_name:test  
[2025-05-17 17:30:35] local.DEBUG: dev_reg_lock  
[2025-05-17 17:30:35] local.DEBUG: msg:連続で登録に失敗したためロックがかかっています。
要望・問い合わせにて解除申請してください。  
[2025-05-17 17:30:52] local.DEBUG: -----start-----  
[2025-05-17 17:30:52] local.DEBUG: user_id:1  
[2025-05-17 17:30:52] local.DEBUG: iotdevice_id:test    iotdevice_name:test  
[2025-05-17 17:30:52] local.DEBUG: dev_reg_lock  
[2025-05-17 17:30:52] local.DEBUG: msg:連続で登録に失敗したためロックがかかっています。
要望・問い合わせにて解除申請してください。  
[2025-05-17 17:31:29] local.DEBUG: -----start-----  
[2025-05-17 17:31:29] local.DEBUG: user_id:1  
[2025-05-17 17:31:29] local.DEBUG: iotdevice_id:test    iotdevice_name:test  
[2025-05-17 17:31:29] local.DEBUG: dev_reg_lock  
[2025-05-17 17:31:29] local.DEBUG: msg:連続で登録に失敗したためロックがかかっています。
要望・問い合わせにて解除申請してください。  
[2025-05-17 17:31:37] local.DEBUG: -----start-----  
[2025-05-17 17:31:37] local.DEBUG: user_id:1  
[2025-05-17 17:31:37] local.DEBUG: iotdevice_id:test    iotdevice_name:test  
[2025-05-17 17:31:37] local.DEBUG: dev_reg_lock  
[2025-05-17 17:31:37] local.DEBUG: msg:連続で登録に失敗したためロックがかかっています。
要望・問い合わせにて解除申請してください。  
[2025-05-17 17:32:07] local.DEBUG: -----start-----  
[2025-05-17 17:32:07] local.DEBUG: user_id:1  
[2025-05-17 17:32:07] local.DEBUG: iotdevice_id:test    iotdevice_name:test  
[2025-05-17 17:32:07] local.DEBUG: dev_reg_lock  
[2025-05-17 17:32:07] local.DEBUG: msg:連続で登録に失敗したためロックがかかっています。
要望・問い合わせにて解除申請してください。  
[2025-05-17 17:34:11] local.DEBUG: -----start-----  
[2025-05-17 17:34:11] local.DEBUG: user_id:1  
[2025-05-17 17:34:11] local.DEBUG: iotdevice_id:test    iotdevice_name:test  
[2025-05-17 17:34:11] local.DEBUG: dev_reg_lock  
[2025-05-17 17:34:11] local.DEBUG: msg:連続で登録に失敗したためロックがかかっています。
要望・問い合わせにて解除申請してください。  
[2025-05-17 17:35:21] local.DEBUG: -----start-----  
[2025-05-17 17:35:21] local.DEBUG: user_id:1  
[2025-05-17 17:35:21] local.DEBUG: iotdevice_id:test    iotdevice_name:test  
[2025-05-17 17:35:21] local.DEBUG: dev_reg_lock  
[2025-05-17 17:35:21] local.DEBUG: msg:連続で登録に失敗したためロックがかかっています。
要望・問い合わせにて解除申請してください。  
[2025-05-17 17:35:41] local.DEBUG: -----start-----  
[2025-05-17 17:35:41] local.DEBUG: user_id:1  
[2025-05-17 17:35:41] local.DEBUG: iotdevice_id:test    iotdevice_name:test  
[2025-05-17 17:35:41] local.DEBUG: dev_reg_lock  
[2025-05-17 17:35:41] local.DEBUG: msg:連続で登録に失敗したためロックがかかっています。
要望・問い合わせにて解除申請してください。  
[2025-05-17 19:08:37] local.DEBUG: -----start-----  
[2025-05-17 19:08:37] local.DEBUG: user_id:1  
[2025-05-17 19:08:37] local.DEBUG: iotdevice_id:test    iotdevice_name:test  
[2025-05-17 19:08:37] local.DEBUG: dev_reg_lock  
[2025-05-17 19:08:37] local.DEBUG: msg:連続で登録に失敗したためロックがかかっています。
要望・問い合わせにて解除申請してください。  
[2025-05-17 19:08:57] local.DEBUG: -----start-----  
[2025-05-17 19:08:57] local.DEBUG: user_id:1  
[2025-05-17 19:08:57] local.DEBUG: iotdevice_id:test    iotdevice_name:test  
[2025-05-17 19:08:57] local.DEBUG: msg:該当のデバイスが存在しません。
あと5回でロックされます。  
[2025-05-17 19:22:05] local.DEBUG: -----start-----  
[2025-05-17 19:22:05] local.DEBUG: user_id:1  
[2025-05-17 19:22:05] local.DEBUG: iotdevice_id:b0fb2f004f8c    iotdevice_name:test  
[2025-05-17 19:22:05] local.DEBUG: msg:デバイスの登録に失敗しました。  
[2025-05-17 19:22:33] local.DEBUG: -----start-----  
[2025-05-17 19:22:33] local.DEBUG: user_id:1  
[2025-05-17 19:22:33] local.DEBUG: iotdevice_id:test    iotdevice_name:test  
[2025-05-17 19:22:33] local.DEBUG: msg:該当のデバイスが存在しません。
あと9回でロックされます。  
[2025-05-17 19:22:39] local.DEBUG: -----start-----  
[2025-05-17 19:22:39] local.DEBUG: user_id:1  
[2025-05-17 19:22:39] local.DEBUG: iotdevice_id:b0fb2f004f8c    iotdevice_name:test  
[2025-05-17 19:22:39] local.DEBUG: msg:デバイスの登録に失敗しました。  
[2025-05-17 19:22:56] local.DEBUG: -----start-----  
[2025-05-17 19:22:56] local.DEBUG: user_id:1  
[2025-05-17 19:22:56] local.DEBUG: iotdevice_id:b0fb2f004f8c    iotdevice_name:test  
[2025-05-17 19:22:56] local.DEBUG: msg:デバイスの登録に失敗しました。  
[2025-05-17 19:23:11] local.DEBUG: -----start-----  
[2025-05-17 19:23:11] local.DEBUG: user_id:1  
[2025-05-17 19:23:11] local.DEBUG: iotdevice_id:b0fb2f004f8c    iotdevice_name:test  
[2025-05-17 19:23:34] local.DEBUG: -----start-----  
[2025-05-17 19:23:34] local.DEBUG: user_id:1  
[2025-05-17 19:23:34] local.DEBUG: iotdevice_id:b0fb2f004f8c    iotdevice_name:test  
[2025-05-17 19:23:37] local.DEBUG: -----start-----  
[2025-05-17 19:23:37] local.DEBUG: user_id:1  
[2025-05-17 19:23:37] local.DEBUG: iotdevice_id:b0fb2f004f8c    iotdevice_name:test  
[2025-05-17 19:23:40] local.DEBUG: -----start-----  
[2025-05-17 19:23:40] local.DEBUG: user_id:1  
[2025-05-17 19:23:40] local.DEBUG: iotdevice_id:b0fb2f004f8c    iotdevice_name:test  
[2025-05-17 19:23:52] local.DEBUG: -----start-----  
[2025-05-17 19:23:52] local.DEBUG: user_id:1  
[2025-05-17 19:23:52] local.DEBUG: iotdevice_id:b0fb2f004f8c    iotdevice_name:test  
[2025-05-17 19:24:12] local.DEBUG: -----start-----  
[2025-05-17 19:24:12] local.DEBUG: user_id:1  
[2025-05-17 19:24:12] local.DEBUG: iotdevice_id:b0fb2f004f8c    iotdevice_name:test  
[2025-05-17 19:25:14] local.DEBUG: -----start-----  
[2025-05-17 19:25:14] local.DEBUG: user_id:1  
[2025-05-17 19:25:14] local.DEBUG: iotdevice_id:b0fb2f004f8c    iotdevice_name:test  
[2025-05-17 19:25:14] local.DEBUG: msg:デバイスを登録しました。  
[2025-05-17 19:40:41] local.DEBUG: -----start-----  
[2025-05-17 19:40:41] local.DEBUG: user_id:1  
[2025-05-17 19:40:41] local.DEBUG: iotdevice_id:b0fb2f004f8c    iotdevice_name:test  
[2025-05-17 19:41:11] local.DEBUG: -----start-----  
[2025-05-17 19:41:11] local.DEBUG: user_id:1  
[2025-05-17 19:41:11] local.DEBUG: iotdevice_id:b0fb2f004f8c    iotdevice_name:test  
[2025-05-17 19:41:18] local.DEBUG: -----start-----  
[2025-05-17 19:41:18] local.DEBUG: user_id:1  
[2025-05-17 19:41:18] local.DEBUG: iotdevice_id:b0fb2f004f8c    iotdevice_name:test  
[2025-05-17 19:41:25] local.DEBUG: -----start-----  
[2025-05-17 19:41:25] local.DEBUG: user_id:1  
[2025-05-17 19:41:25] local.DEBUG: iotdevice_id:b0fb2f004f8c    iotdevice_name:test  
[2025-05-17 19:41:33] local.DEBUG: -----start-----  
[2025-05-17 19:41:33] local.DEBUG: user_id:1  
[2025-05-17 19:41:33] local.DEBUG: iotdevice_id:b0fb2f004f8c    iotdevice_name:test  
[2025-05-17 19:41:42] local.DEBUG: -----start-----  
[2025-05-17 19:41:42] local.DEBUG: user_id:1  
[2025-05-17 19:41:42] local.DEBUG: iotdevice_id:b0fb2f004f8c    iotdevice_name:test  
[2025-05-17 19:41:42] local.DEBUG: msg:デバイスを登録しました。  
[2025-05-17 19:41:48] local.DEBUG: -----start-----  
[2025-05-17 19:41:48] local.DEBUG: user_id:1  
[2025-05-17 19:41:48] local.DEBUG: iotdevice_id:b0fb2f004f8c    iotdevice_name:test  
[2025-05-17 19:41:48] local.DEBUG: msg:デバイスは登録済みです。  
[2025-05-17 19:42:19] local.DEBUG: -----start-----  
[2025-05-17 19:42:19] local.DEBUG: user_id:1  
[2025-05-17 19:42:19] local.DEBUG: iotdevice_id:b0fb2f004f8c    iotdevice_name:test  
[2025-05-17 19:42:19] local.DEBUG: msg:デバイスの登録に失敗しました。  
[2025-05-17 19:44:13] local.DEBUG: -----start-----  
[2025-05-17 19:44:13] local.DEBUG: user_id:2  
[2025-05-17 19:44:13] local.DEBUG: iotdevice_id:bofb2f004f8c    iotdevice_name:テスト  
[2025-05-17 19:44:13] local.DEBUG: msg:該当のデバイスが存在しません。
あと9回でロックされます。  
[2025-05-17 19:44:30] local.DEBUG: -----start-----  
[2025-05-17 19:44:30] local.DEBUG: user_id:2  
[2025-05-17 19:44:30] local.DEBUG: iotdevice_id:b0fb2f004f8c    iotdevice_name:テスト  
[2025-05-17 19:44:30] local.DEBUG: msg:デバイスを登録しました。  
[2025-05-17 19:44:37] local.DEBUG: -----start-----  
[2025-05-17 19:44:37] local.DEBUG: user_id:2  
[2025-05-17 19:44:37] local.DEBUG: iotdevice_id:b0fb2f004f8c    iotdevice_name:テスト  
[2025-05-17 19:44:37] local.DEBUG: msg:このデバイスは登録済みです。  
[2025-05-18 15:26:49] local.DEBUG: -----start-----  
[2025-05-18 15:26:49] local.DEBUG: user_id:1  
[2025-05-18 15:26:49] local.DEBUG: iotdevice_id:b0fb2f004f8c    iotdevice_name:test  
[2025-05-18 15:26:49] local.DEBUG: msg:デバイスを登録しました。  
[2025-05-18 15:26:54] local.DEBUG: -----start-----  
[2025-05-18 15:26:54] local.DEBUG: user_id:2  
[2025-05-18 15:26:54] local.DEBUG: iotdevice_id:b0fb2f004f8c    iotdevice_name:テスト  
[2025-05-18 15:26:54] local.DEBUG: msg:デバイスの登録に失敗しました。  
[2025-05-18 15:37:33] local.DEBUG: -----start-----  
[2025-05-18 15:37:33] local.DEBUG: user_id:1  
[2025-05-18 15:37:33] local.DEBUG: iotdevice_id:b0fb2f004f8c    iotdevice_name:test  
[2025-05-18 15:38:31] local.DEBUG: -----start-----  
[2025-05-18 15:38:31] local.DEBUG: user_id:1  
[2025-05-18 15:38:31] local.DEBUG: iotdevice_id:b0fb2f004f8c    iotdevice_name:test  
[2025-05-18 15:38:31] local.DEBUG: msg:このデバイスは登録済みです。  
[2025-05-18 15:38:54] local.DEBUG: -----start-----  
[2025-05-18 15:38:54] local.DEBUG: user_id:1  
[2025-05-18 15:38:54] local.DEBUG: iotdevice_id:b0fb2f004f8c    iotdevice_name:test  
[2025-05-18 15:38:54] local.DEBUG: msg:デバイスを登録しました。  
[2025-05-18 15:42:25] local.DEBUG: -----start-----  
[2025-05-18 15:42:25] local.DEBUG: user_id:1  
[2025-05-18 15:42:25] local.DEBUG: iotdevice_id:b0fb2f004f8c    iotdevice_name:test  
[2025-05-18 15:42:25] local.DEBUG: msg:デバイスを登録しました。  
[2025-05-18 16:00:08] local.DEBUG: -----start-----  
[2025-05-18 16:00:08] local.DEBUG: user_id:1  
[2025-05-18 16:00:08] local.DEBUG: iotdevice_id:b0fb2f004f8c    iotdevice_name:test  
[2025-05-18 16:00:08] local.DEBUG: msg:デバイスを登録しました。  
[2025-05-18 16:01:05] local.DEBUG: -----start-----  
[2025-05-18 16:01:05] local.DEBUG: user_id:1  
[2025-05-18 16:01:05] local.DEBUG: iotdevice_id:b0fb2f004f8c    iotdevice_name:test  
[2025-05-18 16:01:05] local.DEBUG: msg:デバイスを登録しました。  
[2025-05-18 16:02:26] local.DEBUG: -----start-----  
[2025-05-18 16:02:26] local.DEBUG: user_id:1  
[2025-05-18 16:02:26] local.DEBUG: iotdevice_id:b0fb2f004f8c    iotdevice_name:test  
[2025-05-18 16:03:28] local.DEBUG: -----start-----  
[2025-05-18 16:03:28] local.DEBUG: user_id:1  
[2025-05-18 16:03:28] local.DEBUG: iotdevice_id:b0fb2f004f8c    iotdevice_name:test  
[2025-05-18 16:03:28] local.DEBUG: msg:このデバイスは登録済みです。  
[2025-05-18 16:03:44] local.DEBUG: -----start-----  
[2025-05-18 16:03:44] local.DEBUG: user_id:1  
[2025-05-18 16:03:44] local.DEBUG: iotdevice_id:b0fb2f004f8c    iotdevice_name:test  
[2025-05-18 16:06:35] local.DEBUG: -----start-----  
[2025-05-18 16:06:35] local.DEBUG: user_id:1  
[2025-05-18 16:06:35] local.DEBUG: iotdevice_id:b0fb2f004f8c    iotdevice_name:test  
[2025-05-18 16:06:35] local.DEBUG: msg:このデバイスは登録済みです。  
[2025-05-18 16:06:50] local.DEBUG: -----start-----  
[2025-05-18 16:06:50] local.DEBUG: user_id:1  
[2025-05-18 16:06:50] local.DEBUG: iotdevice_id:b0fb2f004f8c    iotdevice_name:test  
[2025-05-18 16:13:36] local.DEBUG: -----start-----  
[2025-05-18 16:13:36] local.DEBUG: user_id:1  
[2025-05-18 16:13:36] local.DEBUG: iotdevice_id:b0fb2f004f8c    iotdevice_name:test  
[2025-05-18 16:14:01] local.DEBUG: -----start-----  
[2025-05-18 16:14:01] local.DEBUG: user_id:1  
[2025-05-18 16:14:01] local.DEBUG: iotdevice_id:b0fb2f004f8c    iotdevice_name:test  
[2025-05-18 16:17:25] local.DEBUG: -----start-----  
[2025-05-18 16:17:25] local.DEBUG: user_id:1  
[2025-05-18 16:17:25] local.DEBUG: iotdevice_id:b0fb2f004f8c    iotdevice_name:test  
[2025-05-18 16:17:25] local.DEBUG: msg:該当のデバイスが存在しません。
あと9回でロックされます。  
[2025-05-18 16:18:20] local.DEBUG: -----start-----  
[2025-05-18 16:18:20] local.DEBUG: user_id:1  
[2025-05-18 16:18:20] local.DEBUG: iotdevice_id:b0fb2f004f8c    iotdevice_name:test  
[2025-05-18 16:18:20] local.DEBUG: msg:該当のデバイスが存在しません。
あと8回でロックされます。  
[2025-05-18 16:18:54] local.DEBUG: -----start-----  
[2025-05-18 16:18:54] local.DEBUG: user_id:1  
[2025-05-18 16:18:54] local.DEBUG: iotdevice_id:b0fb2f004f8c    iotdevice_name:test  
[2025-05-18 16:18:54] local.DEBUG: msg:デバイスを登録しました。  
[2025-05-18 16:19:49] local.DEBUG: -----start-----  
[2025-05-18 16:19:49] local.DEBUG: user_id:1  
[2025-05-18 16:19:49] local.DEBUG: iotdevice_id:b0fb2f004f8c    iotdevice_name:test  
[2025-05-18 16:19:49] local.DEBUG: msg:このデバイスは登録済みです。  
[2025-05-18 19:56:03] local.DEBUG: -----start-----  
[2025-05-18 19:56:03] local.DEBUG: user_id:2  
[2025-05-18 19:56:03] local.DEBUG: iotdevice_id:b0fb2f004f8c    iotdevice_name:テスト  
[2025-05-18 19:56:03] local.DEBUG: msg:デバイスの登録に失敗しました。  
[2025-05-18 20:02:40] local.DEBUG: -----start-----  
[2025-05-18 20:02:40] local.DEBUG: user_id:2  
[2025-05-18 20:02:40] local.DEBUG: iotdevice_id:b0fb2f004f83    iotdevice_name:テスト  
[2025-05-18 20:02:40] local.DEBUG: msg:該当のデバイスが存在しません。
あと9回でロックされます。  
[2025-06-14 15:54:13] local.DEBUG: -----start-----  
[2025-06-14 15:54:13] local.DEBUG: user_id:1  
[2025-06-14 15:54:13] local.DEBUG: iotdevice_id:b0fb2f004f8c    iotdevice_name:テスト  
[2025-06-14 15:54:13] local.DEBUG: msg:該当のデバイスが存在しません。
あと9回でロックされます。  
[2025-06-14 15:55:57] local.DEBUG: -----start-----  
[2025-06-14 15:55:57] local.DEBUG: user_id:1  
[2025-06-14 15:55:57] local.DEBUG: iotdevice_id:b0fb2f004f8c    iotdevice_name:テスト  
[2025-06-14 15:55:57] local.DEBUG: msg:デバイスを登録しました。  
[2025-06-14 16:02:40] local.DEBUG: -----start-----  
[2025-06-14 16:02:40] local.DEBUG: user_id:1  
[2025-06-14 16:02:40] local.DEBUG: iotdevice_id:b0fb2f004f8c    iotdevice_name:テスト  
[2025-06-14 16:02:40] local.DEBUG: msg:このデバイスは登録済みです。  
[2025-06-14 16:03:05] local.DEBUG: -----start-----  
[2025-06-14 16:03:05] local.DEBUG: user_id:1  
[2025-06-14 16:03:05] local.DEBUG: iotdevice_id:b0fb2f004f8c    iotdevice_name:テスト  
[2025-06-14 16:03:05] local.DEBUG: msg:該当のデバイスが存在しません。
あと9回でロックされます。  
[2025-06-14 16:21:57] local.DEBUG: -----start-----  
[2025-06-14 16:21:57] local.DEBUG: user_id:1  
[2025-06-14 16:21:57] local.DEBUG: iotdevice_id:b0fb2f004f8c    iotdevice_name:テスト  
[2025-06-14 16:21:57] local.DEBUG: msg:該当のデバイスが存在しません。
あと8回でロックされます。  
[2025-06-14 16:23:10] local.DEBUG: -----start-----  
[2025-06-14 16:23:10] local.DEBUG: user_id:1  
[2025-06-14 16:23:10] local.DEBUG: iotdevice_id:b0fb2f004f8c    iotdevice_name:テスト  
[2025-06-14 16:23:10] local.DEBUG: msg:該当のデバイスが存在しません。
あと7回でロックされます。  
[2025-06-14 16:26:33] local.DEBUG: -----start-----  
[2025-06-14 16:26:33] local.DEBUG: user_id:1  
[2025-06-14 16:26:33] local.DEBUG: iotdevice_id:b0fb2f004f8c    iotdevice_name:テスト  
[2025-06-14 16:26:33] local.DEBUG: msg:デバイスを登録しました。  
[2025-06-14 16:28:03] local.DEBUG: -----start-----  
[2025-06-14 16:28:03] local.DEBUG: user_id:1  
[2025-06-14 16:28:03] local.DEBUG: iotdevice_id:b0fb2f004f8c    iotdevice_name:テスト  
[2025-06-14 16:28:03] local.DEBUG: msg:デバイスを登録しました。  
[2025-06-15 13:44:09] local.DEBUG: -----start-----  
[2025-06-15 13:44:09] local.DEBUG: user_id:1  
[2025-06-15 13:44:09] local.DEBUG: iotdevice_id:b0fb2f004f8c    iotdevice_name:テスト  
[2025-06-15 13:46:08] local.DEBUG: -----start-----  
[2025-06-15 13:46:08] local.DEBUG: user_id:1  
[2025-06-15 13:46:08] local.DEBUG: iotdevice_id:b0fb2f004f8c    iotdevice_name:テスト  
[2025-06-15 13:46:13] local.DEBUG: -----start-----  
[2025-06-15 13:46:13] local.DEBUG: user_id:1  
[2025-06-15 13:46:13] local.DEBUG: iotdevice_id:b0fb2f004f8c    iotdevice_name:テスト  
[2025-06-15 13:47:14] local.DEBUG: -----start-----  
[2025-06-15 13:47:14] local.DEBUG: user_id:1  
[2025-06-15 13:47:14] local.DEBUG: iotdevice_id:b0fb2f004f8    iotdevice_name:テスト  
[2025-06-15 13:47:14] local.DEBUG: msg:該当のデバイスが存在しません。
あと9回でロックされます。  
[2025-06-15 13:48:38] local.DEBUG: -----start-----  
[2025-06-15 13:48:38] local.DEBUG: user_id:1  
[2025-06-15 13:48:38] local.DEBUG: iotdevice_id:b0fb2f004f8c    iotdevice_name:テスト  
[2025-06-15 13:49:55] local.DEBUG: -----start-----  
[2025-06-15 13:49:55] local.DEBUG: user_id:1  
[2025-06-15 13:49:55] local.DEBUG: iotdevice_id:b0fb2f004f8c    iotdevice_name:テスト  
[2025-06-15 13:49:55] local.DEBUG: msg:デバイスを登録しました。  
[2025-06-15 15:56:08] local.DEBUG: -----start-----  
[2025-06-15 15:56:08] local.DEBUG: user_id:2  
[2025-06-15 15:56:08] local.DEBUG: iotdevice_id:b0fb2f004f8c    iotdevice_name:テスト  
[2025-06-15 15:56:08] local.DEBUG: msg:デバイスの登録に失敗しました。  
[2025-06-15 15:56:22] local.DEBUG: -----start-----  
[2025-06-15 15:56:22] local.DEBUG: user_id:2  
[2025-06-15 15:56:22] local.DEBUG: iotdevice_id:b0fb2f004f8c    iotdevice_name:あ  
[2025-06-15 15:56:22] local.DEBUG: msg:デバイスの登録に失敗しました。  
[2025-06-15 15:56:30] local.DEBUG: -----start-----  
[2025-06-15 15:56:30] local.DEBUG: user_id:2  
[2025-06-15 15:56:30] local.DEBUG: iotdevice_id:b0fb2f004f8    iotdevice_name:テスト  
[2025-06-15 15:56:30] local.DEBUG: msg:該当のデバイスが存在しません。
あと9回でロックされます。  
[2025-06-21 07:20:32] local.DEBUG: -----start-----  
[2025-06-21 07:20:32] local.DEBUG: user_id:1  
[2025-06-21 07:20:32] local.DEBUG: iotdevice_id:b0fb2f004f8c    iotdevice_name:テスト  
[2025-06-21 07:20:32] local.DEBUG: msg:デバイスを登録しました。  
