[2025-03-27 11:47:53] local.DEBUG: mail=preston_lambert712582@yahoo.com  tmpl=user_reg  
[2025-03-27 11:47:58] local.DEBUG: mail=syunsuke.05.23.15@gmail.com  tmpl=user_reg_notice  
[2025-03-27 11:48:10] local.DEBUG: mail=preston_lambert712582@yahoo.com  tmpl=password_reset  
[2025-03-27 11:48:16] local.DEBUG: mail=preston_lambert712582@yahoo.com  tmpl=password_reset  
[2025-03-28 20:07:22] local.DEBUG: mail=kerrailewisi64@gmail.com  tmpl=user_reg  
[2025-03-28 20:07:26] local.DEBUG: mail=syunsuke.05.23.15@gmail.com  tmpl=user_reg_notice  
[2025-03-28 20:07:55] local.DEBUG: mail=kerrailewisi64@gmail.com  tmpl=password_reset  
[2025-03-28 20:08:03] local.DEBUG: mail=kerrailewisi64@gmail.com  tmpl=password_reset  
[2025-03-31 01:21:13] local.DEBUG: mail=baker_lori761614@yahoo.com  tmpl=user_reg  
[2025-03-31 01:21:16] local.DEBUG: mail=syunsuke.05.23.15@gmail.com  tmpl=user_reg_notice  
[2025-03-31 01:21:47] local.DEBUG: mail=baker_lori761614@yahoo.com  tmpl=password_reset  
[2025-03-31 01:21:53] local.DEBUG: mail=baker_lori761614@yahoo.com  tmpl=password_reset  
[2025-03-31 17:20:23] local.DEBUG: mail=millsadis16@gmail.com  tmpl=user_reg  
[2025-03-31 17:20:26] local.DEBUG: mail=syunsuke.05.23.15@gmail.com  tmpl=user_reg_notice  
[2025-03-31 17:20:50] local.DEBUG: mail=millsadis16@gmail.com  tmpl=password_reset  
[2025-03-31 17:20:58] local.DEBUG: mail=millsadis16@gmail.com  tmpl=password_reset  
[2025-04-25 20:28:53] local.DEBUG: mail=syunsuke.05.23.15@gmail.com  tmpl=user_reg  
[2025-04-25 20:28:57] local.DEBUG: mail=syunsuke.05.23.15@gmail.com  tmpl=user_reg_notice  
[2025-04-28 22:09:30] local.DEBUG: mail=syunsuke.05.23.15@gmail.com  tmpl=user_reg  
[2025-04-28 22:09:33] local.DEBUG: mail=syunsuke.05.23.15@gmail.com  tmpl=user_reg_notice  
[2025-04-28 23:51:39] local.DEBUG: mail=syunsuke.05.23.15@gmail.com  tmpl=user_reg  
[2025-04-28 23:51:42] local.DEBUG: mail=syunsuke.05.23.15@gmail.com  tmpl=user_reg_notice  
[2025-05-02 20:09:00] local.DEBUG: mail=syunsuke.05.23.15@gmail.com  tmpl=user_reg  
[2025-05-02 20:09:04] local.DEBUG: mail=syunsuke.05.23.15@gmail.com  tmpl=user_reg_notice  
[2025-05-02 20:15:22] local.DEBUG: mail=syunsuke.05.23.15@gmail.com  tmpl=user_reg  
[2025-05-02 20:15:25] local.DEBUG: mail=syunsuke.05.23.15@gmail.com  tmpl=user_reg_notice  
[2025-05-02 20:24:53] local.DEBUG: mail=syunsuke.05.23.15@gmail.com  tmpl=user_reg  
[2025-05-02 20:24:56] local.DEBUG: mail=syunsuke.05.23.15@gmail.com  tmpl=user_reg_notice  
[2025-05-06 12:50:09] local.DEBUG: mail=syunsuke.05.23.15@gmail.com  tmpl=user_reg  
[2025-05-06 12:50:12] local.DEBUG: mail=syunsuke.05.23.15@gmail.com  tmpl=user_reg_notice  
[2025-05-06 13:55:16] local.DEBUG: mail=syunsuke.05.23.15@gmail.com  tmpl=user_reg  
[2025-05-06 13:55:20] local.DEBUG: mail=syunsuke.05.23.15@gmail.com  tmpl=user_reg_notice  
[2025-05-06 14:05:48] local.DEBUG: mail=syunsuke.05.23.15@gmail.com  tmpl=user_reg  
[2025-05-06 14:05:51] local.DEBUG: mail=syunsuke.05.23.15@gmail.com  tmpl=user_reg_notice  
[2025-05-06 14:08:14] local.DEBUG: mail=syunsuke.05.23.15@gmail.com  tmpl=user_reg  
[2025-05-06 14:08:17] local.DEBUG: mail=syunsuke.05.23.15@gmail.com  tmpl=user_reg_notice  
[2025-05-06 15:01:18] local.DEBUG: mail=syunsuke.05.23.15@gmail.com  tmpl=user_reg  
[2025-05-06 15:01:21] local.DEBUG: mail=syunsuke.05.23.15@gmail.com  tmpl=user_reg_notice  
[2025-05-06 15:19:21] local.DEBUG: mail=syunsuke.05.23.15@gmail.com  tmpl=user_reg_notice  
[2025-06-17 19:35:17] local.DEBUG: mail=syunsuke.05.23.15@gmail.com  tmpl=user_reg  
[2025-06-17 19:35:21] local.DEBUG: mail=syunsuke.05.23.15@gmail.com  tmpl=user_reg_notice  
[2025-06-28 18:50:37] local.DEBUG: mail=syunsuke.05.23.15@gmail.com  tmpl=user_reg_notice  
