[2025-01-24 18:17:06] local.DEBUG: -------start-------  
[2025-01-24 18:17:06] local.DEBUG: chk_address=Beatrice6Powers0548@gmail.com  
[2025-01-24 18:17:10] local.DEBUG: -------start-------  
[2025-01-24 18:17:10] local.DEBUG: chk_address=Beatrice6Powers0548@gmail.com  
[2025-01-26 08:18:33] local.DEBUG: -------start-------  
[2025-01-26 08:18:33] local.DEBUG: chk_address=George2Francis6592@gmail.com  
[2025-01-26 08:18:35] local.DEBUG: -------start-------  
[2025-01-26 08:18:35] local.DEBUG: chk_address=George2Francis6592@gmail.com  
[2025-01-30 15:20:23] local.DEBUG: -------start-------  
[2025-01-30 15:20:23] local.DEBUG: chk_address=ukamhogeniller@yahoo.com  
[2025-01-30 15:20:27] local.DEBUG: -------start-------  
[2025-01-30 15:20:27] local.DEBUG: chk_address=ukamhogeniller@yahoo.com  
[2025-01-31 18:48:23] local.DEBUG: -------start-------  
[2025-01-31 18:48:23] local.DEBUG: chk_address=Brittany1Jane2522@gmail.com  
[2025-01-31 18:48:25] local.DEBUG: -------start-------  
[2025-01-31 18:48:25] local.DEBUG: chk_address=Brittany1Jane2522@gmail.com  
[2025-02-02 01:55:38] local.DEBUG: -------start-------  
[2025-02-02 01:55:38] local.DEBUG: chk_address=duskijade68ey@gmail.com  
[2025-02-02 01:56:05] local.DEBUG: -------start-------  
[2025-02-02 01:56:05] local.DEBUG: chk_address=duskijade68ey@gmail.com  
[2025-02-02 21:45:58] local.DEBUG: -------start-------  
[2025-02-02 21:45:58] local.DEBUG: chk_address=irgqk4myfc6ax9qe@yahoo.com  
[2025-02-02 21:46:01] local.DEBUG: -------start-------  
[2025-02-02 21:46:01] local.DEBUG: chk_address=irgqk4myfc6ax9qe@yahoo.com  
[2025-02-03 20:17:57] local.DEBUG: -------start-------  
[2025-02-03 20:17:57] local.DEBUG: chk_address=erehowugen04@gmail.com  
[2025-02-03 20:18:00] local.DEBUG: -------start-------  
[2025-02-03 20:18:00] local.DEBUG: chk_address=erehowugen04@gmail.com  
[2025-02-04 21:53:51] local.DEBUG: -------start-------  
[2025-02-04 21:53:51] local.DEBUG: chk_address=aiwhisperio91yarn53a@gmail.com  
[2025-02-04 21:53:54] local.DEBUG: -------start-------  
[2025-02-04 21:53:54] local.DEBUG: chk_address=aiwhisperio91yarn53a@gmail.com  
[2025-02-05 22:28:48] local.DEBUG: -------start-------  
[2025-02-05 22:28:48] local.DEBUG: chk_address=illuminateiu97talismanuo@gmail.com  
[2025-02-05 22:28:51] local.DEBUG: -------start-------  
[2025-02-05 22:28:51] local.DEBUG: chk_address=illuminateiu97talismanuo@gmail.com  
[2025-02-06 22:44:02] local.DEBUG: -------start-------  
[2025-02-06 22:44:02] local.DEBUG: chk_address=avortexwraith44@gmail.com  
[2025-02-06 22:44:11] local.DEBUG: -------start-------  
[2025-02-06 22:44:11] local.DEBUG: chk_address=avortexwraith44@gmail.com  
[2025-02-07 19:56:47] local.DEBUG: -------start-------  
[2025-02-07 19:56:47] local.DEBUG: chk_address=borealie18oracle37i@gmail.com  
[2025-02-07 19:56:50] local.DEBUG: -------start-------  
[2025-02-07 19:56:50] local.DEBUG: chk_address=borealie18oracle37i@gmail.com  
[2025-02-09 17:36:56] local.DEBUG: -------start-------  
[2025-02-09 17:36:56] local.DEBUG: chk_address=uacrescentou50sylvan@gmail.com  
[2025-02-09 17:37:00] local.DEBUG: -------start-------  
[2025-02-09 17:37:00] local.DEBUG: chk_address=uacrescentou50sylvan@gmail.com  
[2025-02-15 00:09:43] local.DEBUG: -------start-------  
[2025-02-15 00:09:43] local.DEBUG: chk_address=uyobsidiane85sylvanai@gmail.com  
[2025-02-15 00:09:46] local.DEBUG: -------start-------  
[2025-02-15 00:09:46] local.DEBUG: chk_address=uyobsidiane85sylvanai@gmail.com  
[2025-02-15 18:34:33] local.DEBUG: -------start-------  
[2025-02-15 18:34:33] local.DEBUG: chk_address=rydyardf@gmail.com  
[2025-02-15 18:34:36] local.DEBUG: -------start-------  
[2025-02-15 18:34:36] local.DEBUG: chk_address=rydyardf@gmail.com  
[2025-02-16 10:53:14] local.DEBUG: -------start-------  
[2025-02-16 10:53:14] local.DEBUG: chk_address=lunayonda20@gmail.com  
[2025-02-16 10:53:18] local.DEBUG: -------start-------  
[2025-02-16 10:53:18] local.DEBUG: chk_address=lunayonda20@gmail.com  
[2025-02-17 02:39:58] local.DEBUG: -------start-------  
[2025-02-17 02:39:58] local.DEBUG: chk_address=hornedjervaz@gmail.com  
[2025-02-17 02:40:03] local.DEBUG: -------start-------  
[2025-02-17 02:40:03] local.DEBUG: chk_address=hornedjervaz@gmail.com  
[2025-02-17 19:24:42] local.DEBUG: -------start-------  
[2025-02-17 19:24:42] local.DEBUG: chk_address=stripaylad1993@gmail.com  
[2025-02-17 19:24:48] local.DEBUG: -------start-------  
[2025-02-17 19:24:48] local.DEBUG: chk_address=stripaylad1993@gmail.com  
[2025-02-19 06:53:57] local.DEBUG: -------start-------  
[2025-02-19 06:53:57] local.DEBUG: chk_address=litaespiny4@gmail.com  
[2025-02-19 06:54:01] local.DEBUG: -------start-------  
[2025-02-19 06:54:01] local.DEBUG: chk_address=litaespiny4@gmail.com  
[2025-02-20 12:49:44] local.DEBUG: -------start-------  
[2025-02-20 12:49:44] local.DEBUG: chk_address=shelleisalinas@gmail.com  
[2025-02-20 12:49:51] local.DEBUG: -------start-------  
[2025-02-20 12:49:51] local.DEBUG: chk_address=shelleisalinas@gmail.com  
[2025-02-21 12:18:00] local.DEBUG: -------start-------  
[2025-02-21 12:18:00] local.DEBUG: chk_address=aleisterlanead2000@gmail.com  
[2025-02-21 12:18:03] local.DEBUG: -------start-------  
[2025-02-21 12:18:03] local.DEBUG: chk_address=aleisterlanead2000@gmail.com  
[2025-02-22 13:38:42] local.DEBUG: -------start-------  
[2025-02-22 13:38:42] local.DEBUG: chk_address=ojwpsuikvuubi@yahoo.com  
[2025-02-22 13:38:51] local.DEBUG: -------start-------  
[2025-02-22 13:38:51] local.DEBUG: chk_address=ojwpsuikvuubi@yahoo.com  
[2025-02-23 14:06:03] local.DEBUG: -------start-------  
[2025-02-23 14:06:03] local.DEBUG: chk_address=cohensilverd39@gmail.com  
[2025-02-23 14:06:07] local.DEBUG: -------start-------  
[2025-02-23 14:06:07] local.DEBUG: chk_address=cohensilverd39@gmail.com  
[2025-02-24 07:07:35] local.DEBUG: -------start-------  
[2025-02-24 07:07:35] local.DEBUG: chk_address=nxtccp66isgr2@yahoo.com  
[2025-02-24 07:07:37] local.DEBUG: -------start-------  
[2025-02-24 07:07:37] local.DEBUG: chk_address=nxtccp66isgr2@yahoo.com  
[2025-02-25 03:31:22] local.DEBUG: -------start-------  
[2025-02-25 03:31:22] local.DEBUG: chk_address=gnsethzehtsr@yahoo.com  
[2025-02-25 03:31:24] local.DEBUG: -------start-------  
[2025-02-25 03:31:24] local.DEBUG: chk_address=gnsethzehtsr@yahoo.com  
[2025-02-27 01:21:18] local.DEBUG: -------start-------  
[2025-02-27 01:21:18] local.DEBUG: chk_address=rileynor1982@gmail.com  
[2025-02-27 01:21:21] local.DEBUG: -------start-------  
[2025-02-27 01:21:21] local.DEBUG: chk_address=rileynor1982@gmail.com  
[2025-02-28 02:55:17] local.DEBUG: -------start-------  
[2025-02-28 02:55:17] local.DEBUG: chk_address=mimodonne40@gmail.com  
[2025-02-28 02:55:20] local.DEBUG: -------start-------  
[2025-02-28 02:55:20] local.DEBUG: chk_address=mimodonne40@gmail.com  
[2025-02-28 22:17:16] local.DEBUG: -------start-------  
[2025-02-28 22:17:16] local.DEBUG: chk_address=mannfeob@gmail.com  
[2025-02-28 22:17:24] local.DEBUG: -------start-------  
[2025-02-28 22:17:24] local.DEBUG: chk_address=mannfeob@gmail.com  
[2025-03-01 17:08:25] local.DEBUG: -------start-------  
[2025-03-01 17:08:25] local.DEBUG: chk_address=addiabjhkscglx@yahoo.com  
[2025-03-02 11:40:57] local.DEBUG: -------start-------  
[2025-03-02 11:40:57] local.DEBUG: chk_address=rhebergpoisson@yahoo.com  
[2025-03-02 11:41:00] local.DEBUG: -------start-------  
[2025-03-02 11:41:00] local.DEBUG: chk_address=rhebergpoisson@yahoo.com  
[2025-03-03 03:46:35] local.DEBUG: -------start-------  
[2025-03-03 03:46:35] local.DEBUG: chk_address=flahartyll@yahoo.com  
[2025-03-03 03:46:37] local.DEBUG: -------start-------  
[2025-03-03 03:46:37] local.DEBUG: chk_address=flahartyll@yahoo.com  
[2025-03-03 19:24:58] local.DEBUG: -------start-------  
[2025-03-03 19:24:58] local.DEBUG: chk_address=djeinssassa@gmail.com  
[2025-03-03 19:25:05] local.DEBUG: -------start-------  
[2025-03-03 19:25:05] local.DEBUG: chk_address=djeinssassa@gmail.com  
[2025-03-04 19:55:13] local.DEBUG: -------start-------  
[2025-03-04 19:55:13] local.DEBUG: chk_address=luksblankey32@gmail.com  
[2025-03-04 19:55:16] local.DEBUG: -------start-------  
[2025-03-04 19:55:16] local.DEBUG: chk_address=luksblankey32@gmail.com  
[2025-03-05 23:18:51] local.DEBUG: -------start-------  
[2025-03-05 23:18:51] local.DEBUG: chk_address=terririverar2@gmail.com  
[2025-03-05 23:18:55] local.DEBUG: -------start-------  
[2025-03-05 23:18:55] local.DEBUG: chk_address=terririverar2@gmail.com  
[2025-03-07 06:54:47] local.DEBUG: -------start-------  
[2025-03-07 06:54:47] local.DEBUG: chk_address=chaziticopeland35@gmail.com  
[2025-03-07 06:54:51] local.DEBUG: -------start-------  
[2025-03-07 06:54:51] local.DEBUG: chk_address=chaziticopeland35@gmail.com  
[2025-03-10 08:42:39] local.DEBUG: -------start-------  
[2025-03-10 08:42:39] local.DEBUG: chk_address=durhamcherisve@gmail.com  
[2025-03-10 08:42:41] local.DEBUG: -------start-------  
[2025-03-10 08:42:41] local.DEBUG: chk_address=durhamcherisve@gmail.com  
[2025-03-12 02:15:58] local.DEBUG: -------start-------  
[2025-03-12 02:15:58] local.DEBUG: chk_address=lesbucub@gmail.com  
[2025-03-12 02:16:01] local.DEBUG: -------start-------  
[2025-03-12 02:16:01] local.DEBUG: chk_address=lesbucub@gmail.com  
[2025-03-14 20:31:54] local.DEBUG: -------start-------  
[2025-03-14 20:31:54] local.DEBUG: chk_address=gareibaxter2000@gmail.com  
[2025-03-16 12:02:22] local.DEBUG: -------start-------  
[2025-03-16 12:02:22] local.DEBUG: chk_address=tardy_ayye614161@yahoo.com  
[2025-03-16 12:02:27] local.DEBUG: -------start-------  
[2025-03-16 12:02:27] local.DEBUG: chk_address=tardy_ayye614161@yahoo.com  
[2025-03-17 06:30:20] local.DEBUG: -------start-------  
[2025-03-17 06:30:20] local.DEBUG: chk_address=vasquchelsef1991@gmail.com  
[2025-03-17 06:30:29] local.DEBUG: -------start-------  
[2025-03-17 06:30:29] local.DEBUG: chk_address=vasquchelsef1991@gmail.com  
[2025-03-18 03:49:52] local.DEBUG: -------start-------  
[2025-03-18 03:49:52] local.DEBUG: chk_address=larsoaverun1984@gmail.com  
[2025-03-18 03:49:59] local.DEBUG: -------start-------  
[2025-03-18 03:49:59] local.DEBUG: chk_address=larsoaverun1984@gmail.com  
[2025-03-19 15:05:32] local.DEBUG: -------start-------  
[2025-03-19 15:05:32] local.DEBUG: chk_address=marshall_sherry2004@yahoo.com  
[2025-03-19 15:05:36] local.DEBUG: -------start-------  
[2025-03-19 15:05:36] local.DEBUG: chk_address=marshall_sherry2004@yahoo.com  
[2025-03-20 17:22:07] local.DEBUG: -------start-------  
[2025-03-20 17:22:07] local.DEBUG: chk_address=ustasiyabean3@gmail.com  
[2025-03-20 17:22:20] local.DEBUG: -------start-------  
[2025-03-20 17:22:20] local.DEBUG: chk_address=ustasiyabean3@gmail.com  
[2025-03-22 01:19:33] local.DEBUG: -------start-------  
[2025-03-22 01:19:33] local.DEBUG: chk_address=merlinflorese1993@gmail.com  
[2025-03-22 01:19:39] local.DEBUG: -------start-------  
[2025-03-22 01:19:39] local.DEBUG: chk_address=merlinflorese1993@gmail.com  
[2025-03-22 16:24:33] local.DEBUG: -------start-------  
[2025-03-22 16:24:33] local.DEBUG: chk_address=aleistersw13@gmail.com  
[2025-03-22 16:24:38] local.DEBUG: -------start-------  
[2025-03-22 16:24:38] local.DEBUG: chk_address=aleistersw13@gmail.com  
[2025-03-23 07:10:32] local.DEBUG: -------start-------  
[2025-03-23 07:10:32] local.DEBUG: chk_address=ilucasig54@gmail.com  
[2025-03-24 14:39:11] local.DEBUG: -------start-------  
[2025-03-24 14:39:11] local.DEBUG: chk_address=padilla_jason489269@yahoo.com  
[2025-03-24 14:39:14] local.DEBUG: -------start-------  
[2025-03-24 14:39:14] local.DEBUG: chk_address=padilla_jason489269@yahoo.com  
[2025-03-26 00:47:23] local.DEBUG: -------start-------  
[2025-03-26 00:47:23] local.DEBUG: chk_address=derevasqut3@gmail.com  
[2025-03-26 00:47:28] local.DEBUG: -------start-------  
[2025-03-26 00:47:28] local.DEBUG: chk_address=derevasqut3@gmail.com  
[2025-03-27 11:48:10] local.DEBUG: -------start-------  
[2025-03-27 11:48:10] local.DEBUG: chk_address=preston_lambert712582@yahoo.com  
[2025-03-27 11:48:16] local.DEBUG: -------start-------  
[2025-03-27 11:48:16] local.DEBUG: chk_address=preston_lambert712582@yahoo.com  
[2025-03-28 20:07:55] local.DEBUG: -------start-------  
[2025-03-28 20:07:55] local.DEBUG: chk_address=kerrailewisi64@gmail.com  
[2025-03-28 20:08:03] local.DEBUG: -------start-------  
[2025-03-28 20:08:03] local.DEBUG: chk_address=kerrailewisi64@gmail.com  
[2025-03-31 01:21:47] local.DEBUG: -------start-------  
[2025-03-31 01:21:47] local.DEBUG: chk_address=baker_lori761614@yahoo.com  
[2025-03-31 01:21:53] local.DEBUG: -------start-------  
[2025-03-31 01:21:53] local.DEBUG: chk_address=baker_lori761614@yahoo.com  
[2025-03-31 17:20:50] local.DEBUG: -------start-------  
[2025-03-31 17:20:50] local.DEBUG: chk_address=millsadis16@gmail.com  
[2025-03-31 17:20:58] local.DEBUG: -------start-------  
[2025-03-31 17:20:58] local.DEBUG: chk_address=millsadis16@gmail.com  
[2025-04-01 03:35:12] local.DEBUG: -------start-------  
[2025-04-01 03:35:12] local.DEBUG: chk_address=bradleybeverliti25@gmail.com  
[2025-04-01 03:35:15] local.DEBUG: -------start-------  
[2025-04-01 03:35:15] local.DEBUG: chk_address=bradleybeverliti25@gmail.com  
[2025-04-01 03:58:24] local.DEBUG: -------start-------  
[2025-04-01 03:58:24] local.DEBUG: chk_address=ocharantimothy227479@yahoo.com  
[2025-04-01 03:58:28] local.DEBUG: -------start-------  
[2025-04-01 03:58:28] local.DEBUG: chk_address=ocharantimothy227479@yahoo.com  
[2025-04-01 13:20:54] local.DEBUG: -------start-------  
[2025-04-01 13:20:54] local.DEBUG: chk_address=orrellramsey18@gmail.com  
[2025-04-01 13:20:59] local.DEBUG: -------start-------  
[2025-04-01 13:20:59] local.DEBUG: chk_address=orrellramsey18@gmail.com  
[2025-04-04 01:48:22] local.DEBUG: -------start-------  
[2025-04-04 01:48:22] local.DEBUG: chk_address=cgarsj@gmail.com  
[2025-04-04 01:48:27] local.DEBUG: -------start-------  
[2025-04-04 01:48:27] local.DEBUG: chk_address=cgarsj@gmail.com  
[2025-04-04 14:09:59] local.DEBUG: -------start-------  
[2025-04-04 14:09:59] local.DEBUG: chk_address=djanainsalinas88@gmail.com  
[2025-04-04 14:10:05] local.DEBUG: -------start-------  
[2025-04-04 14:10:05] local.DEBUG: chk_address=djanainsalinas88@gmail.com  
[2025-04-05 13:16:44] local.DEBUG: -------start-------  
[2025-04-05 13:16:44] local.DEBUG: chk_address=burtonharv9@gmail.com  
[2025-04-05 13:16:48] local.DEBUG: -------start-------  
[2025-04-05 13:16:48] local.DEBUG: chk_address=burtonharv9@gmail.com  
[2025-04-05 20:49:56] local.DEBUG: -------start-------  
[2025-04-05 20:49:56] local.DEBUG: chk_address=nkerrth@gmail.com  
[2025-04-05 20:49:58] local.DEBUG: -------start-------  
[2025-04-05 20:49:58] local.DEBUG: chk_address=nkerrth@gmail.com  
[2025-04-06 03:28:09] local.DEBUG: -------start-------  
[2025-04-06 03:28:09] local.DEBUG: chk_address=paigesmith1986@yahoo.com  
[2025-04-06 03:28:12] local.DEBUG: -------start-------  
[2025-04-06 03:28:12] local.DEBUG: chk_address=paigesmith1986@yahoo.com  
[2025-04-06 11:49:17] local.DEBUG: -------start-------  
[2025-04-06 11:49:17] local.DEBUG: chk_address=ruizdjennahe6@gmail.com  
[2025-04-06 11:49:23] local.DEBUG: -------start-------  
[2025-04-06 11:49:23] local.DEBUG: chk_address=ruizdjennahe6@gmail.com  
[2025-04-06 15:05:58] local.DEBUG: -------start-------  
[2025-04-06 15:05:58] local.DEBUG: chk_address=bbartolomei16@gmail.com  
[2025-04-06 15:06:04] local.DEBUG: -------start-------  
[2025-04-06 15:06:04] local.DEBUG: chk_address=bbartolomei16@gmail.com  
[2025-04-07 21:46:06] local.DEBUG: -------start-------  
[2025-04-07 21:46:06] local.DEBUG: chk_address=chandlerkenit9@gmail.com  
[2025-04-07 21:46:10] local.DEBUG: -------start-------  
[2025-04-07 21:46:10] local.DEBUG: chk_address=chandlerkenit9@gmail.com  
[2025-04-08 18:57:45] local.DEBUG: -------start-------  
[2025-04-08 18:57:45] local.DEBUG: chk_address=charles_manningham82@yahoo.com  
[2025-04-08 18:57:53] local.DEBUG: -------start-------  
[2025-04-08 18:57:53] local.DEBUG: chk_address=charles_manningham82@yahoo.com  
[2025-04-09 07:28:03] local.DEBUG: -------start-------  
[2025-04-09 07:28:03] local.DEBUG: chk_address=medinageniyaxy@gmail.com  
[2025-04-09 07:28:14] local.DEBUG: -------start-------  
[2025-04-09 07:28:14] local.DEBUG: chk_address=medinageniyaxy@gmail.com  
[2025-04-13 05:12:01] local.DEBUG: -------start-------  
[2025-04-13 05:12:01] local.DEBUG: chk_address=adkindigor@gmail.com  
[2025-04-13 05:12:05] local.DEBUG: -------start-------  
[2025-04-13 05:12:05] local.DEBUG: chk_address=adkindigor@gmail.com  
[2025-04-14 21:53:22] local.DEBUG: -------start-------  
[2025-04-14 21:53:22] local.DEBUG: chk_address=wovacame1985@yahoo.com  
[2025-04-14 21:53:26] local.DEBUG: -------start-------  
[2025-04-14 21:53:26] local.DEBUG: chk_address=wovacame1985@yahoo.com  
[2025-04-14 22:10:33] local.DEBUG: -------start-------  
[2025-04-14 22:10:33] local.DEBUG: chk_address=cherringa2006@gmail.com  
[2025-04-14 22:10:35] local.DEBUG: -------start-------  
[2025-04-14 22:10:35] local.DEBUG: chk_address=cherringa2006@gmail.com  
[2025-04-16 03:28:48] local.DEBUG: -------start-------  
[2025-04-16 03:28:48] local.DEBUG: chk_address=malandradh@gmail.com  
[2025-04-16 03:28:53] local.DEBUG: -------start-------  
[2025-04-16 03:28:53] local.DEBUG: chk_address=malandradh@gmail.com  
[2025-04-16 05:11:26] local.DEBUG: -------start-------  
[2025-04-16 05:11:26] local.DEBUG: chk_address=karhurdstectyrr1979@yahoo.com  
[2025-04-16 23:29:18] local.DEBUG: -------start-------  
[2025-04-16 23:29:18] local.DEBUG: chk_address=amarquezrc46@gmail.com  
[2025-04-16 23:29:23] local.DEBUG: -------start-------  
[2025-04-16 23:29:23] local.DEBUG: chk_address=amarquezrc46@gmail.com  
[2025-04-17 03:24:18] local.DEBUG: -------start-------  
[2025-04-17 03:24:18] local.DEBUG: chk_address=welchdjedidia86@gmail.com  
[2025-04-17 03:24:22] local.DEBUG: -------start-------  
[2025-04-17 03:24:22] local.DEBUG: chk_address=welchdjedidia86@gmail.com  
[2025-04-17 20:37:52] local.DEBUG: -------start-------  
[2025-04-17 20:37:52] local.DEBUG: chk_address=amarquezrc46@gmail.com  
[2025-04-17 20:37:54] local.DEBUG: -------start-------  
[2025-04-17 20:37:54] local.DEBUG: chk_address=amarquezrc46@gmail.com  
[2025-04-18 19:10:32] local.DEBUG: -------start-------  
[2025-04-18 19:10:32] local.DEBUG: chk_address=layfawelcoa1988@yahoo.com  
[2025-04-18 19:10:34] local.DEBUG: -------start-------  
[2025-04-18 19:10:34] local.DEBUG: chk_address=layfawelcoa1988@yahoo.com  
[2025-04-18 23:17:28] local.DEBUG: -------start-------  
[2025-04-18 23:17:28] local.DEBUG: chk_address=perrilqt6@gmail.com  
[2025-04-18 23:17:31] local.DEBUG: -------start-------  
[2025-04-18 23:17:31] local.DEBUG: chk_address=perrilqt6@gmail.com  
