[2025-01-23 02:21:11] local.DEBUG: ========================start========================  
[2025-01-23 02:21:11] local.DEBUG: user_id: 7  
[2025-01-23 02:21:11] local.DEBUG: subscription: Minishlink\WebPush\Subscription Object
(
    [endpoint:Minishlink\WebPush\Subscription:private] => https://fcm.googleapis.com/fcm/send/dhAJ1bz19pw:APA91bGAfxp7jndBCFW0AVY0dMlgVUVtMRovSX0kBytJaD7gVQagagRu4nIT6YXYiLLFv4BhRnJf7AbmiDnx6_-WTwL5lyBP7UubP5qe6_PSJt7sZMtq4dADsMk0yt_2vraC8WcSd50g
    [publicKey:Minishlink\WebPush\Subscription:private] => BIEDuSKsglHxAI9yK2Jjc/+QHxxxbmjlroihAlyNVKeYA3liLFYrc3zR7amYR/E2A+t0ruDMIceEk0Ncykbo5cA=
    [authToken:Minishlink\WebPush\Subscription:private] => Kn02ckHkRDHkNJT2Gc0g5w==
    [contentEncoding:Minishlink\WebPush\Subscription:private] => aesgcm
)
  
[2025-01-23 02:21:11] local.DEBUG: auth: Array
(
    [VAPID] => Array
        (
            [subject] => mailto:skcoco.0523@gmail.com
            [publicKey] => BAOWs9eRh8OckDCJ-ImUrlCl8B3WlzNGI9x3kU1r-F0cRH_1UXovpCkv0cspgheWCt-d7IxoUnPfXekBmxkoscM
            [privateKey] => Auj19yek3xQP7Jtb3L4KGdrsGj6T-kczRLgpm-dBEC4
        )

)
  
[2025-01-23 02:21:11] local.DEBUG: Reason: OK  
[2025-01-23 02:21:11] local.DEBUG: ========================start========================  
[2025-01-23 02:21:11] local.DEBUG: user_id: 13  
[2025-01-23 02:21:11] local.DEBUG: user_devices is null  
[2025-01-24 18:16:46] local.DEBUG: ========================start========================  
[2025-01-24 18:16:46] local.DEBUG: user_id: 1  
[2025-01-24 18:16:46] local.DEBUG: user_devices is null  
[2025-01-24 18:16:58] local.DEBUG: ========================start========================  
[2025-01-24 18:16:58] local.DEBUG: user_id: 1  
[2025-01-24 18:16:58] local.DEBUG: user_devices is null  
[2025-01-26 08:18:21] local.DEBUG: ========================start========================  
[2025-01-26 08:18:21] local.DEBUG: user_id: 1  
[2025-01-26 08:18:21] local.DEBUG: user_devices is null  
[2025-01-26 08:18:29] local.DEBUG: ========================start========================  
[2025-01-26 08:18:29] local.DEBUG: user_id: 1  
[2025-01-26 08:18:29] local.DEBUG: user_devices is null  
[2025-01-30 15:20:13] local.DEBUG: ========================start========================  
[2025-01-30 15:20:13] local.DEBUG: user_id: 1  
[2025-01-30 15:20:13] local.DEBUG: user_devices is null  
[2025-01-30 15:20:18] local.DEBUG: ========================start========================  
[2025-01-30 15:20:18] local.DEBUG: user_id: 1  
[2025-01-30 15:20:18] local.DEBUG: user_devices is null  
[2025-01-31 18:48:18] local.DEBUG: ========================start========================  
[2025-01-31 18:48:18] local.DEBUG: user_id: 1  
[2025-01-31 18:48:18] local.DEBUG: user_devices is null  
[2025-01-31 18:48:20] local.DEBUG: ========================start========================  
[2025-01-31 18:48:20] local.DEBUG: user_id: 1  
[2025-01-31 18:48:20] local.DEBUG: user_devices is null  
[2025-02-02 01:55:23] local.DEBUG: ========================start========================  
[2025-02-02 01:55:23] local.DEBUG: user_id: 1  
[2025-02-02 01:55:23] local.DEBUG: user_devices is null  
[2025-02-02 01:55:29] local.DEBUG: ========================start========================  
[2025-02-02 01:55:29] local.DEBUG: user_id: 1  
[2025-02-02 01:55:29] local.DEBUG: user_devices is null  
[2025-02-02 21:45:49] local.DEBUG: ========================start========================  
[2025-02-02 21:45:49] local.DEBUG: user_id: 1  
[2025-02-02 21:45:49] local.DEBUG: user_devices is null  
[2025-02-02 21:45:53] local.DEBUG: ========================start========================  
[2025-02-02 21:45:53] local.DEBUG: user_id: 1  
[2025-02-02 21:45:53] local.DEBUG: user_devices is null  
[2025-02-03 20:17:51] local.DEBUG: ========================start========================  
[2025-02-03 20:17:51] local.DEBUG: user_id: 1  
[2025-02-03 20:17:51] local.DEBUG: user_devices is null  
[2025-02-04 21:53:46] local.DEBUG: ========================start========================  
[2025-02-04 21:53:46] local.DEBUG: user_id: 1  
[2025-02-04 21:53:46] local.DEBUG: user_devices is null  
[2025-02-04 21:53:48] local.DEBUG: ========================start========================  
[2025-02-04 21:53:48] local.DEBUG: user_id: 1  
[2025-02-04 21:53:48] local.DEBUG: user_devices is null  
[2025-02-05 22:28:43] local.DEBUG: ========================start========================  
[2025-02-05 22:28:43] local.DEBUG: user_id: 1  
[2025-02-05 22:28:43] local.DEBUG: user_devices is null  
[2025-02-05 22:28:45] local.DEBUG: ========================start========================  
[2025-02-05 22:28:45] local.DEBUG: user_id: 1  
[2025-02-05 22:28:45] local.DEBUG: user_devices is null  
[2025-02-06 22:43:49] local.DEBUG: ========================start========================  
[2025-02-06 22:43:49] local.DEBUG: user_id: 1  
[2025-02-06 22:43:49] local.DEBUG: user_devices is null  
[2025-02-06 22:43:55] local.DEBUG: ========================start========================  
[2025-02-06 22:43:55] local.DEBUG: user_id: 1  
[2025-02-06 22:43:55] local.DEBUG: user_devices is null  
[2025-02-07 19:56:40] local.DEBUG: ========================start========================  
[2025-02-07 19:56:40] local.DEBUG: user_id: 1  
[2025-02-07 19:56:40] local.DEBUG: user_devices is null  
[2025-02-07 19:56:44] local.DEBUG: ========================start========================  
[2025-02-07 19:56:44] local.DEBUG: user_id: 1  
[2025-02-07 19:56:44] local.DEBUG: user_devices is null  
[2025-02-09 17:36:47] local.DEBUG: ========================start========================  
[2025-02-09 17:36:47] local.DEBUG: user_id: 1  
[2025-02-09 17:36:47] local.DEBUG: user_devices is null  
[2025-02-09 17:36:51] local.DEBUG: ========================start========================  
[2025-02-09 17:36:51] local.DEBUG: user_id: 1  
[2025-02-09 17:36:51] local.DEBUG: user_devices is null  
[2025-02-15 00:09:33] local.DEBUG: ========================start========================  
[2025-02-15 00:09:33] local.DEBUG: user_id: 1  
[2025-02-15 00:09:34] local.DEBUG: user_devices is null  
[2025-02-15 00:09:38] local.DEBUG: ========================start========================  
[2025-02-15 00:09:38] local.DEBUG: user_id: 1  
[2025-02-15 00:09:38] local.DEBUG: user_devices is null  
[2025-02-15 18:34:23] local.DEBUG: ========================start========================  
[2025-02-15 18:34:23] local.DEBUG: user_id: 1  
[2025-02-15 18:34:23] local.DEBUG: user_devices is null  
[2025-02-15 18:34:26] local.DEBUG: ========================start========================  
[2025-02-15 18:34:26] local.DEBUG: user_id: 1  
[2025-02-15 18:34:26] local.DEBUG: user_devices is null  
[2025-02-16 10:53:05] local.DEBUG: ========================start========================  
[2025-02-16 10:53:05] local.DEBUG: user_id: 1  
[2025-02-16 10:53:05] local.DEBUG: user_devices is null  
[2025-02-16 10:53:09] local.DEBUG: ========================start========================  
[2025-02-16 10:53:09] local.DEBUG: user_id: 1  
[2025-02-16 10:53:09] local.DEBUG: user_devices is null  
[2025-02-17 19:24:32] local.DEBUG: ========================start========================  
[2025-02-17 19:24:32] local.DEBUG: user_id: 1  
[2025-02-17 19:24:32] local.DEBUG: user_devices is null  
[2025-02-17 19:24:36] local.DEBUG: ========================start========================  
[2025-02-17 19:24:36] local.DEBUG: user_id: 1  
[2025-02-17 19:24:36] local.DEBUG: user_devices is null  
[2025-02-19 06:53:48] local.DEBUG: ========================start========================  
[2025-02-19 06:53:48] local.DEBUG: user_id: 1  
[2025-02-19 06:53:48] local.DEBUG: user_devices is null  
[2025-02-19 06:53:52] local.DEBUG: ========================start========================  
[2025-02-19 06:53:52] local.DEBUG: user_id: 1  
[2025-02-19 06:53:52] local.DEBUG: user_devices is null  
[2025-02-20 12:49:31] local.DEBUG: ========================start========================  
[2025-02-20 12:49:31] local.DEBUG: user_id: 1  
[2025-02-20 12:49:31] local.DEBUG: user_devices is null  
[2025-02-21 12:17:53] local.DEBUG: ========================start========================  
[2025-02-21 12:17:53] local.DEBUG: user_id: 1  
[2025-02-21 12:17:53] local.DEBUG: user_devices is null  
[2025-02-21 12:17:56] local.DEBUG: ========================start========================  
[2025-02-21 12:17:56] local.DEBUG: user_id: 1  
[2025-02-21 12:17:56] local.DEBUG: user_devices is null  
[2025-02-22 13:38:29] local.DEBUG: ========================start========================  
[2025-02-22 13:38:29] local.DEBUG: user_id: 1  
[2025-02-22 13:38:29] local.DEBUG: user_devices is null  
[2025-02-22 13:38:34] local.DEBUG: ========================start========================  
[2025-02-22 13:38:34] local.DEBUG: user_id: 1  
[2025-02-22 13:38:34] local.DEBUG: user_devices is null  
[2025-02-23 14:05:55] local.DEBUG: ========================start========================  
[2025-02-23 14:05:55] local.DEBUG: user_id: 1  
[2025-02-23 14:05:55] local.DEBUG: user_devices is null  
[2025-02-23 14:05:58] local.DEBUG: ========================start========================  
[2025-02-23 14:05:58] local.DEBUG: user_id: 1  
[2025-02-23 14:05:58] local.DEBUG: user_devices is null  
[2025-02-24 07:07:29] local.DEBUG: ========================start========================  
[2025-02-24 07:07:29] local.DEBUG: user_id: 1  
[2025-02-24 07:07:29] local.DEBUG: user_devices is null  
[2025-02-24 07:07:31] local.DEBUG: ========================start========================  
[2025-02-24 07:07:31] local.DEBUG: user_id: 1  
[2025-02-24 07:07:31] local.DEBUG: user_devices is null  
[2025-02-25 03:31:08] local.DEBUG: ========================start========================  
[2025-02-25 03:31:08] local.DEBUG: user_id: 1  
[2025-02-25 03:31:08] local.DEBUG: user_devices is null  
[2025-02-25 03:31:19] local.DEBUG: ========================start========================  
[2025-02-25 03:31:19] local.DEBUG: user_id: 1  
[2025-02-25 03:31:19] local.DEBUG: user_devices is null  
[2025-02-27 01:21:08] local.DEBUG: ========================start========================  
[2025-02-27 01:21:08] local.DEBUG: user_id: 1  
[2025-02-27 01:21:08] local.DEBUG: user_devices is null  
[2025-02-27 01:21:12] local.DEBUG: ========================start========================  
[2025-02-27 01:21:12] local.DEBUG: user_id: 1  
[2025-02-27 01:21:12] local.DEBUG: user_devices is null  
[2025-02-28 02:55:03] local.DEBUG: ========================start========================  
[2025-02-28 02:55:03] local.DEBUG: user_id: 1  
[2025-02-28 02:55:03] local.DEBUG: user_devices is null  
[2025-02-28 02:55:10] local.DEBUG: ========================start========================  
[2025-02-28 02:55:10] local.DEBUG: user_id: 1  
[2025-02-28 02:55:10] local.DEBUG: user_devices is null  
[2025-02-28 22:17:10] local.DEBUG: ========================start========================  
[2025-02-28 22:17:10] local.DEBUG: user_id: 1  
[2025-02-28 22:17:10] local.DEBUG: user_devices is null  
[2025-02-28 22:17:13] local.DEBUG: ========================start========================  
[2025-02-28 22:17:13] local.DEBUG: user_id: 1  
[2025-02-28 22:17:13] local.DEBUG: user_devices is null  
[2025-03-01 17:08:14] local.DEBUG: ========================start========================  
[2025-03-01 17:08:14] local.DEBUG: user_id: 1  
[2025-03-01 17:08:14] local.DEBUG: user_devices is null  
[2025-03-01 17:08:21] local.DEBUG: ========================start========================  
[2025-03-01 17:08:21] local.DEBUG: user_id: 1  
[2025-03-01 17:08:21] local.DEBUG: user_devices is null  
[2025-03-02 11:40:51] local.DEBUG: ========================start========================  
[2025-03-02 11:40:51] local.DEBUG: user_id: 1  
[2025-03-02 11:40:51] local.DEBUG: user_devices is null  
[2025-03-02 11:40:54] local.DEBUG: ========================start========================  
[2025-03-02 11:40:54] local.DEBUG: user_id: 1  
[2025-03-02 11:40:54] local.DEBUG: user_devices is null  
[2025-03-03 03:46:29] local.DEBUG: ========================start========================  
[2025-03-03 03:46:29] local.DEBUG: user_id: 1  
[2025-03-03 03:46:29] local.DEBUG: user_devices is null  
[2025-03-03 03:46:31] local.DEBUG: ========================start========================  
[2025-03-03 03:46:31] local.DEBUG: user_id: 1  
[2025-03-03 03:46:31] local.DEBUG: user_devices is null  
[2025-03-03 19:24:37] local.DEBUG: ========================start========================  
[2025-03-03 19:24:37] local.DEBUG: user_id: 1  
[2025-03-03 19:24:37] local.DEBUG: user_devices is null  
[2025-03-03 19:24:47] local.DEBUG: ========================start========================  
[2025-03-03 19:24:47] local.DEBUG: user_id: 1  
[2025-03-03 19:24:47] local.DEBUG: user_devices is null  
[2025-03-04 19:55:07] local.DEBUG: ========================start========================  
[2025-03-04 19:55:07] local.DEBUG: user_id: 1  
[2025-03-04 19:55:07] local.DEBUG: user_devices is null  
[2025-03-04 19:55:10] local.DEBUG: ========================start========================  
[2025-03-04 19:55:10] local.DEBUG: user_id: 1  
[2025-03-04 19:55:10] local.DEBUG: user_devices is null  
[2025-03-05 23:18:42] local.DEBUG: ========================start========================  
[2025-03-05 23:18:42] local.DEBUG: user_id: 1  
[2025-03-05 23:18:42] local.DEBUG: user_devices is null  
[2025-03-05 23:18:46] local.DEBUG: ========================start========================  
[2025-03-05 23:18:46] local.DEBUG: user_id: 1  
[2025-03-05 23:18:46] local.DEBUG: user_devices is null  
[2025-03-07 06:54:37] local.DEBUG: ========================start========================  
[2025-03-07 06:54:37] local.DEBUG: user_id: 1  
[2025-03-07 06:54:37] local.DEBUG: user_devices is null  
[2025-03-07 06:54:42] local.DEBUG: ========================start========================  
[2025-03-07 06:54:42] local.DEBUG: user_id: 1  
[2025-03-07 06:54:42] local.DEBUG: user_devices is null  
[2025-03-10 08:42:32] local.DEBUG: ========================start========================  
[2025-03-10 08:42:32] local.DEBUG: user_id: 1  
[2025-03-10 08:42:32] local.DEBUG: user_devices is null  
[2025-03-10 08:42:35] local.DEBUG: ========================start========================  
[2025-03-10 08:42:35] local.DEBUG: user_id: 1  
[2025-03-10 08:42:35] local.DEBUG: user_devices is null  
[2025-03-12 02:15:52] local.DEBUG: ========================start========================  
[2025-03-12 02:15:52] local.DEBUG: user_id: 1  
[2025-03-12 02:15:52] local.DEBUG: user_devices is null  
[2025-03-12 02:15:55] local.DEBUG: ========================start========================  
[2025-03-12 02:15:55] local.DEBUG: user_id: 1  
[2025-03-12 02:15:55] local.DEBUG: user_devices is null  
[2025-03-14 20:31:23] local.DEBUG: ========================start========================  
[2025-03-14 20:31:23] local.DEBUG: user_id: 1  
[2025-03-14 20:31:23] local.DEBUG: user_devices is null  
[2025-03-16 12:02:15] local.DEBUG: ========================start========================  
[2025-03-16 12:02:15] local.DEBUG: user_id: 1  
[2025-03-16 12:02:15] local.DEBUG: user_devices is null  
[2025-03-16 12:02:18] local.DEBUG: ========================start========================  
[2025-03-16 12:02:18] local.DEBUG: user_id: 1  
[2025-03-16 12:02:18] local.DEBUG: user_devices is null  
[2025-03-17 06:30:09] local.DEBUG: ========================start========================  
[2025-03-17 06:30:09] local.DEBUG: user_id: 1  
[2025-03-17 06:30:09] local.DEBUG: user_devices is null  
[2025-03-17 06:30:12] local.DEBUG: ========================start========================  
[2025-03-17 06:30:12] local.DEBUG: user_id: 1  
[2025-03-17 06:30:12] local.DEBUG: user_devices is null  
[2025-03-18 03:49:40] local.DEBUG: ========================start========================  
[2025-03-18 03:49:40] local.DEBUG: user_id: 1  
[2025-03-18 03:49:40] local.DEBUG: user_devices is null  
[2025-03-18 03:49:45] local.DEBUG: ========================start========================  
[2025-03-18 03:49:45] local.DEBUG: user_id: 1  
[2025-03-18 03:49:45] local.DEBUG: user_devices is null  
[2025-03-19 15:05:17] local.DEBUG: ========================start========================  
[2025-03-19 15:05:17] local.DEBUG: user_id: 1  
[2025-03-19 15:05:17] local.DEBUG: user_devices is null  
[2025-03-22 01:19:21] local.DEBUG: ========================start========================  
[2025-03-22 01:19:21] local.DEBUG: user_id: 1  
[2025-03-22 01:19:21] local.DEBUG: user_devices is null  
[2025-03-22 01:19:25] local.DEBUG: ========================start========================  
[2025-03-22 01:19:25] local.DEBUG: user_id: 1  
[2025-03-22 01:19:25] local.DEBUG: user_devices is null  
[2025-03-22 16:24:21] local.DEBUG: ========================start========================  
[2025-03-22 16:24:21] local.DEBUG: user_id: 1  
[2025-03-22 16:24:21] local.DEBUG: user_devices is null  
[2025-03-22 16:24:25] local.DEBUG: ========================start========================  
[2025-03-22 16:24:25] local.DEBUG: user_id: 1  
[2025-03-22 16:24:25] local.DEBUG: user_devices is null  
[2025-03-23 07:10:26] local.DEBUG: ========================start========================  
[2025-03-23 07:10:26] local.DEBUG: user_id: 1  
[2025-03-23 07:10:26] local.DEBUG: user_devices is null  
[2025-03-23 07:10:28] local.DEBUG: ========================start========================  
[2025-03-23 07:10:28] local.DEBUG: user_id: 1  
[2025-03-23 07:10:28] local.DEBUG: user_devices is null  
[2025-03-24 14:39:05] local.DEBUG: ========================start========================  
[2025-03-24 14:39:05] local.DEBUG: user_id: 1  
[2025-03-24 14:39:05] local.DEBUG: user_devices is null  
[2025-03-24 14:39:07] local.DEBUG: ========================start========================  
[2025-03-24 14:39:07] local.DEBUG: user_id: 1  
[2025-03-24 14:39:07] local.DEBUG: user_devices is null  
[2025-03-26 00:47:11] local.DEBUG: ========================start========================  
[2025-03-26 00:47:11] local.DEBUG: user_id: 1  
[2025-03-26 00:47:11] local.DEBUG: user_devices is null  
[2025-03-27 11:48:00] local.DEBUG: ========================start========================  
[2025-03-27 11:48:00] local.DEBUG: user_id: 7  
[2025-03-27 11:48:00] local.DEBUG: user_devices is null  
[2025-03-27 11:48:00] local.DEBUG: ========================start========================  
[2025-03-27 11:48:00] local.DEBUG: user_id: 13  
[2025-03-27 11:48:00] local.DEBUG: user_devices is null  
[2025-03-28 12:33:07] local.DEBUG: ========================start========================  
[2025-03-28 12:33:07] local.DEBUG: user_id: 1  
[2025-03-28 12:33:07] local.DEBUG: user_devices is null  
[2025-03-28 20:07:28] local.DEBUG: ========================start========================  
[2025-03-28 20:07:28] local.DEBUG: user_id: 7  
[2025-03-28 20:07:28] local.DEBUG: user_devices is null  
[2025-03-28 20:07:28] local.DEBUG: ========================start========================  
[2025-03-28 20:07:28] local.DEBUG: user_id: 13  
[2025-03-28 20:07:28] local.DEBUG: user_devices is null  
[2025-03-31 01:21:18] local.DEBUG: ========================start========================  
[2025-03-31 01:21:18] local.DEBUG: user_id: 7  
[2025-03-31 01:21:18] local.DEBUG: user_devices is null  
[2025-03-31 01:21:18] local.DEBUG: ========================start========================  
[2025-03-31 01:21:18] local.DEBUG: user_id: 13  
[2025-03-31 01:21:18] local.DEBUG: user_devices is null  
[2025-03-31 17:20:27] local.DEBUG: ========================start========================  
[2025-03-31 17:20:27] local.DEBUG: user_id: 7  
[2025-03-31 17:20:27] local.DEBUG: user_devices is null  
[2025-03-31 17:20:27] local.DEBUG: ========================start========================  
[2025-03-31 17:20:27] local.DEBUG: user_id: 13  
[2025-03-31 17:20:27] local.DEBUG: user_devices is null  
[2025-04-01 03:35:01] local.DEBUG: ========================start========================  
[2025-04-01 03:35:01] local.DEBUG: user_id: 1  
[2025-04-01 03:35:01] local.DEBUG: user_devices is null  
[2025-04-01 03:35:06] local.DEBUG: ========================start========================  
[2025-04-01 03:35:06] local.DEBUG: user_id: 1  
[2025-04-01 03:35:06] local.DEBUG: user_devices is null  
[2025-04-01 03:58:18] local.DEBUG: ========================start========================  
[2025-04-01 03:58:18] local.DEBUG: user_id: 1  
[2025-04-01 03:58:18] local.DEBUG: user_devices is null  
[2025-04-01 13:20:38] local.DEBUG: ========================start========================  
[2025-04-01 13:20:38] local.DEBUG: user_id: 1  
[2025-04-01 13:20:38] local.DEBUG: user_devices is null  
[2025-04-04 01:48:09] local.DEBUG: ========================start========================  
[2025-04-04 01:48:09] local.DEBUG: user_id: 1  
[2025-04-04 01:48:09] local.DEBUG: user_devices is null  
[2025-04-04 01:48:14] local.DEBUG: ========================start========================  
[2025-04-04 01:48:14] local.DEBUG: user_id: 1  
[2025-04-04 01:48:14] local.DEBUG: user_devices is null  
[2025-04-04 14:09:44] local.DEBUG: ========================start========================  
[2025-04-04 14:09:44] local.DEBUG: user_id: 1  
[2025-04-04 14:09:44] local.DEBUG: user_devices is null  
[2025-04-04 14:09:52] local.DEBUG: ========================start========================  
[2025-04-04 14:09:52] local.DEBUG: user_id: 1  
[2025-04-04 14:09:52] local.DEBUG: user_devices is null  
[2025-04-05 13:16:34] local.DEBUG: ========================start========================  
[2025-04-05 13:16:34] local.DEBUG: user_id: 1  
[2025-04-05 13:16:34] local.DEBUG: user_devices is null  
[2025-04-05 13:16:38] local.DEBUG: ========================start========================  
[2025-04-05 13:16:38] local.DEBUG: user_id: 1  
[2025-04-05 13:16:38] local.DEBUG: user_devices is null  
[2025-04-05 20:49:49] local.DEBUG: ========================start========================  
[2025-04-05 20:49:49] local.DEBUG: user_id: 1  
[2025-04-05 20:49:49] local.DEBUG: user_devices is null  
[2025-04-05 20:49:52] local.DEBUG: ========================start========================  
[2025-04-05 20:49:52] local.DEBUG: user_id: 1  
[2025-04-05 20:49:52] local.DEBUG: user_devices is null  
[2025-04-06 03:28:00] local.DEBUG: ========================start========================  
[2025-04-06 03:28:00] local.DEBUG: user_id: 1  
[2025-04-06 03:28:00] local.DEBUG: user_devices is null  
[2025-04-06 03:28:04] local.DEBUG: ========================start========================  
[2025-04-06 03:28:04] local.DEBUG: user_id: 1  
[2025-04-06 03:28:04] local.DEBUG: user_devices is null  
[2025-04-06 11:49:08] local.DEBUG: ========================start========================  
[2025-04-06 11:49:08] local.DEBUG: user_id: 1  
[2025-04-06 11:49:08] local.DEBUG: user_devices is null  
[2025-04-06 11:49:12] local.DEBUG: ========================start========================  
[2025-04-06 11:49:12] local.DEBUG: user_id: 1  
[2025-04-06 11:49:12] local.DEBUG: user_devices is null  
[2025-04-06 15:05:50] local.DEBUG: ========================start========================  
[2025-04-06 15:05:50] local.DEBUG: user_id: 1  
[2025-04-06 15:05:50] local.DEBUG: user_devices is null  
[2025-04-06 15:05:54] local.DEBUG: ========================start========================  
[2025-04-06 15:05:54] local.DEBUG: user_id: 1  
[2025-04-06 15:05:54] local.DEBUG: user_devices is null  
[2025-04-07 21:45:55] local.DEBUG: ========================start========================  
[2025-04-07 21:45:55] local.DEBUG: user_id: 1  
[2025-04-07 21:45:55] local.DEBUG: user_devices is null  
[2025-04-07 21:46:02] local.DEBUG: ========================start========================  
[2025-04-07 21:46:02] local.DEBUG: user_id: 1  
[2025-04-07 21:46:02] local.DEBUG: user_devices is null  
[2025-04-08 18:57:36] local.DEBUG: ========================start========================  
[2025-04-08 18:57:36] local.DEBUG: user_id: 1  
[2025-04-08 18:57:36] local.DEBUG: user_devices is null  
[2025-04-08 18:57:40] local.DEBUG: ========================start========================  
[2025-04-08 18:57:40] local.DEBUG: user_id: 1  
[2025-04-08 18:57:40] local.DEBUG: user_devices is null  
[2025-04-09 07:27:55] local.DEBUG: ========================start========================  
[2025-04-09 07:27:55] local.DEBUG: user_id: 1  
[2025-04-09 07:27:55] local.DEBUG: user_devices is null  
[2025-04-09 07:27:58] local.DEBUG: ========================start========================  
[2025-04-09 07:27:58] local.DEBUG: user_id: 1  
[2025-04-09 07:27:58] local.DEBUG: user_devices is null  
[2025-04-13 05:11:53] local.DEBUG: ========================start========================  
[2025-04-13 05:11:53] local.DEBUG: user_id: 1  
[2025-04-13 05:11:53] local.DEBUG: user_devices is null  
[2025-04-13 05:11:57] local.DEBUG: ========================start========================  
[2025-04-13 05:11:57] local.DEBUG: user_id: 1  
[2025-04-13 05:11:57] local.DEBUG: user_devices is null  
[2025-04-14 21:53:18] local.DEBUG: ========================start========================  
[2025-04-14 21:53:18] local.DEBUG: user_id: 1  
[2025-04-14 21:53:18] local.DEBUG: user_devices is null  
[2025-04-14 21:53:20] local.DEBUG: ========================start========================  
[2025-04-14 21:53:20] local.DEBUG: user_id: 1  
[2025-04-14 21:53:20] local.DEBUG: user_devices is null  
[2025-04-14 22:10:28] local.DEBUG: ========================start========================  
[2025-04-14 22:10:28] local.DEBUG: user_id: 1  
[2025-04-14 22:10:28] local.DEBUG: user_devices is null  
[2025-04-14 22:10:30] local.DEBUG: ========================start========================  
[2025-04-14 22:10:30] local.DEBUG: user_id: 1  
[2025-04-14 22:10:30] local.DEBUG: user_devices is null  
[2025-04-16 03:28:34] local.DEBUG: ========================start========================  
[2025-04-16 03:28:34] local.DEBUG: user_id: 1  
[2025-04-16 03:28:34] local.DEBUG: user_devices is null  
[2025-04-16 05:10:59] local.DEBUG: ========================start========================  
[2025-04-16 05:10:59] local.DEBUG: user_id: 1  
[2025-04-16 05:10:59] local.DEBUG: user_devices is null  
[2025-04-16 05:11:08] local.DEBUG: ========================start========================  
[2025-04-16 05:11:08] local.DEBUG: user_id: 1  
[2025-04-16 05:11:08] local.DEBUG: user_devices is null  
[2025-04-16 23:29:08] local.DEBUG: ========================start========================  
[2025-04-16 23:29:08] local.DEBUG: user_id: 1  
[2025-04-16 23:29:08] local.DEBUG: user_devices is null  
[2025-04-16 23:29:14] local.DEBUG: ========================start========================  
[2025-04-16 23:29:14] local.DEBUG: user_id: 1  
[2025-04-16 23:29:14] local.DEBUG: user_devices is null  
[2025-04-17 03:24:09] local.DEBUG: ========================start========================  
[2025-04-17 03:24:09] local.DEBUG: user_id: 1  
[2025-04-17 03:24:09] local.DEBUG: user_devices is null  
[2025-04-17 03:24:12] local.DEBUG: ========================start========================  
[2025-04-17 03:24:12] local.DEBUG: user_id: 1  
[2025-04-17 03:24:12] local.DEBUG: user_devices is null  
[2025-04-17 20:37:46] local.DEBUG: ========================start========================  
[2025-04-17 20:37:46] local.DEBUG: user_id: 1  
[2025-04-17 20:37:46] local.DEBUG: user_devices is null  
[2025-04-17 20:37:48] local.DEBUG: ========================start========================  
[2025-04-17 20:37:48] local.DEBUG: user_id: 1  
[2025-04-17 20:37:48] local.DEBUG: user_devices is null  
[2025-04-18 07:43:48] local.DEBUG: ========================start========================  
[2025-04-18 07:43:48] local.DEBUG: user_id: 1  
[2025-04-18 07:43:48] local.DEBUG: user_devices is null  
[2025-04-18 07:43:51] local.DEBUG: ========================start========================  
[2025-04-18 07:43:51] local.DEBUG: user_id: 1  
[2025-04-18 07:43:51] local.DEBUG: user_devices is null  
[2025-04-18 19:10:26] local.DEBUG: ========================start========================  
[2025-04-18 19:10:26] local.DEBUG: user_id: 1  
[2025-04-18 19:10:26] local.DEBUG: user_devices is null  
[2025-04-18 19:10:28] local.DEBUG: ========================start========================  
[2025-04-18 19:10:28] local.DEBUG: user_id: 1  
[2025-04-18 19:10:28] local.DEBUG: user_devices is null  
[2025-04-25 20:28:58] local.DEBUG: ========================start========================  
[2025-04-25 20:28:58] local.DEBUG: user_id: 7  
[2025-04-25 20:28:58] local.DEBUG: user_devices is null  
[2025-04-25 20:28:58] local.DEBUG: ========================start========================  
[2025-04-25 20:28:58] local.DEBUG: user_id: 13  
[2025-04-25 20:28:58] local.DEBUG: user_devices is null  
[2025-04-28 22:09:34] local.DEBUG: ========================start========================  
[2025-04-28 22:09:34] local.DEBUG: user_id: 7  
[2025-04-28 22:09:34] local.DEBUG: user_devices is null  
[2025-04-28 22:09:34] local.DEBUG: ========================start========================  
[2025-04-28 22:09:34] local.DEBUG: user_id: 13  
[2025-04-28 22:09:34] local.DEBUG: user_devices is null  
[2025-04-28 23:51:44] local.DEBUG: ========================start========================  
[2025-04-28 23:51:44] local.DEBUG: user_id: 7  
[2025-04-28 23:51:44] local.DEBUG: user_devices is null  
[2025-04-28 23:51:44] local.DEBUG: ========================start========================  
[2025-04-28 23:51:44] local.DEBUG: user_id: 13  
[2025-04-28 23:51:44] local.DEBUG: user_devices is null  
[2025-05-02 20:09:05] local.DEBUG: ========================start========================  
[2025-05-02 20:09:05] local.DEBUG: user_id: 7  
[2025-05-02 20:09:05] local.DEBUG: user_devices is null  
[2025-05-02 20:09:05] local.DEBUG: ========================start========================  
[2025-05-02 20:09:05] local.DEBUG: user_id: 13  
[2025-05-02 20:09:05] local.DEBUG: user_devices is null  
[2025-05-02 20:15:26] local.DEBUG: ========================start========================  
[2025-05-02 20:15:26] local.DEBUG: user_id: 7  
[2025-05-02 20:15:26] local.DEBUG: user_devices is null  
[2025-05-02 20:15:26] local.DEBUG: ========================start========================  
[2025-05-02 20:15:26] local.DEBUG: user_id: 13  
[2025-05-02 20:15:26] local.DEBUG: user_devices is null  
[2025-05-02 20:24:57] local.DEBUG: ========================start========================  
[2025-05-02 20:24:57] local.DEBUG: user_id: 7  
[2025-05-02 20:24:57] local.DEBUG: user_devices is null  
[2025-05-02 20:24:57] local.DEBUG: ========================start========================  
[2025-05-02 20:24:57] local.DEBUG: user_id: 13  
[2025-05-02 20:24:57] local.DEBUG: user_devices is null  
[2025-05-06 12:50:14] local.DEBUG: ========================start========================  
[2025-05-06 12:50:14] local.DEBUG: user_id: 7  
[2025-05-06 12:50:14] local.DEBUG: user_devices is null  
[2025-05-06 12:50:14] local.DEBUG: ========================start========================  
[2025-05-06 12:50:14] local.DEBUG: user_id: 13  
[2025-05-06 12:50:14] local.DEBUG: user_devices is null  
[2025-05-06 13:55:21] local.DEBUG: ========================start========================  
[2025-05-06 13:55:21] local.DEBUG: user_id: 7  
[2025-05-06 13:55:21] local.DEBUG: user_devices is null  
[2025-05-06 13:55:21] local.DEBUG: ========================start========================  
[2025-05-06 13:55:21] local.DEBUG: user_id: 13  
[2025-05-06 13:55:21] local.DEBUG: user_devices is null  
[2025-05-06 14:05:52] local.DEBUG: ========================start========================  
[2025-05-06 14:05:52] local.DEBUG: user_id: 7  
[2025-05-06 14:05:52] local.DEBUG: user_devices is null  
[2025-05-06 14:05:52] local.DEBUG: ========================start========================  
[2025-05-06 14:05:52] local.DEBUG: user_id: 13  
[2025-05-06 14:05:52] local.DEBUG: user_devices is null  
[2025-05-06 14:08:18] local.DEBUG: ========================start========================  
[2025-05-06 14:08:18] local.DEBUG: user_id: 7  
[2025-05-06 14:08:18] local.DEBUG: user_devices is null  
[2025-05-06 14:08:18] local.DEBUG: ========================start========================  
[2025-05-06 14:08:18] local.DEBUG: user_id: 13  
[2025-05-06 14:08:18] local.DEBUG: user_devices is null  
[2025-05-06 15:01:22] local.DEBUG: ========================start========================  
[2025-05-06 15:01:22] local.DEBUG: user_id: 7  
[2025-05-06 15:01:22] local.DEBUG: user_devices is null  
[2025-05-06 15:01:22] local.DEBUG: ========================start========================  
[2025-05-06 15:01:22] local.DEBUG: user_id: 13  
[2025-05-06 15:01:22] local.DEBUG: user_devices is null  
[2025-05-06 15:19:24] local.DEBUG: ========================start========================  
[2025-05-06 15:19:24] local.DEBUG: user_id: 7  
[2025-05-06 15:19:24] local.DEBUG: user_devices is null  
[2025-05-06 15:19:24] local.DEBUG: ========================start========================  
[2025-05-06 15:19:24] local.DEBUG: user_id: 13  
[2025-05-06 15:19:24] local.DEBUG: user_devices is null  
[2025-05-06 15:20:02] local.DEBUG: ========================start========================  
[2025-05-06 15:20:02] local.DEBUG: user_id: 1  
[2025-05-06 15:20:02] local.DEBUG: user_devices is null  
[2025-05-06 15:32:30] local.DEBUG: ========================start========================  
[2025-05-06 15:32:30] local.DEBUG: user_id: 1  
[2025-05-06 15:32:30] local.DEBUG: user_devices is null  
[2025-05-06 15:32:48] local.DEBUG: ========================start========================  
[2025-05-06 15:32:48] local.DEBUG: user_id: 2  
[2025-05-06 15:32:48] local.DEBUG: user_devices is null  
[2025-05-06 15:42:47] local.DEBUG: ========================start========================  
[2025-05-06 15:42:47] local.DEBUG: user_id: 1  
[2025-05-06 15:42:47] local.DEBUG: user_devices is null  
[2025-05-06 15:42:55] local.DEBUG: ========================start========================  
[2025-05-06 15:42:55] local.DEBUG: user_id: 2  
[2025-05-06 15:42:55] local.DEBUG: user_devices is null  
[2025-06-17 19:35:22] local.DEBUG: ========================start========================  
[2025-06-17 19:35:22] local.DEBUG: user_id: 7  
[2025-06-17 19:35:22] local.DEBUG: user_devices is null  
[2025-06-17 19:35:22] local.DEBUG: ========================start========================  
[2025-06-17 19:35:22] local.DEBUG: user_id: 13  
[2025-06-17 19:35:22] local.DEBUG: user_devices is null  
[2025-06-28 18:50:40] local.DEBUG: ========================start========================  
[2025-06-28 18:50:40] local.DEBUG: user_id: 7  
[2025-06-28 18:50:40] local.DEBUG: user_devices is null  
[2025-06-28 18:50:40] local.DEBUG: ========================start========================  
[2025-06-28 18:50:40] local.DEBUG: user_id: 13  
[2025-06-28 18:50:40] local.DEBUG: user_devices is null  
